{"C:\\Users\\debas\\Desktop\\Asset Management System\\Asset-Management-System\\backend-node\\server.js": {"path":"C:\\Users\\debas\\Desktop\\Asset Management System\\Asset-Management-System\\backend-node\\server.js","statementMap":{"0":{"start":{"line":3,"column":0},"end":{"line":3,"column":27}},"1":{"start":{"line":4,"column":0},"end":{"line":4,"column":32}},"2":{"start":{"line":6,"column":16},"end":{"line":6,"column":34}},"3":{"start":{"line":7,"column":15},"end":{"line":7,"column":32}},"4":{"start":{"line":8,"column":13},"end":{"line":8,"column":28}},"5":{"start":{"line":9,"column":15},"end":{"line":9,"column":32}},"6":{"start":{"line":10,"column":18},"end":{"line":10,"column":47}},"7":{"start":{"line":11,"column":13},"end":{"line":11,"column":28}},"8":{"start":{"line":12,"column":11},"end":{"line":12,"column":24}},"9":{"start":{"line":14,"column":15},"end":{"line":14,"column":42}},"10":{"start":{"line":15,"column":28},"end":{"line":15,"column":60}},"11":{"start":{"line":16,"column":15},"end":{"line":16,"column":44}},"12":{"start":{"line":17,"column":42},"end":{"line":17,"column":82}},"13":{"start":{"line":20,"column":26},"end":{"line":20,"column":54}},"14":{"start":{"line":21,"column":26},"end":{"line":21,"column":56}},"15":{"start":{"line":22,"column":26},"end":{"line":22,"column":61}},"16":{"start":{"line":23,"column":26},"end":{"line":23,"column":61}},"17":{"start":{"line":24,"column":26},"end":{"line":24,"column":59}},"18":{"start":{"line":25,"column":26},"end":{"line":25,"column":57}},"19":{"start":{"line":26,"column":26},"end":{"line":26,"column":61}},"20":{"start":{"line":27,"column":26},"end":{"line":27,"column":58}},"21":{"start":{"line":28,"column":27},"end":{"line":28,"column":63}},"22":{"start":{"line":29,"column":26},"end":{"line":29,"column":56}},"23":{"start":{"line":30,"column":26},"end":{"line":30,"column":59}},"24":{"start":{"line":31,"column":27},"end":{"line":31,"column":64}},"25":{"start":{"line":32,"column":26},"end":{"line":32,"column":59}},"26":{"start":{"line":33,"column":26},"end":{"line":33,"column":52}},"27":{"start":{"line":34,"column":26},"end":{"line":34,"column":56}},"28":{"start":{"line":35,"column":26},"end":{"line":35,"column":57}},"29":{"start":{"line":36,"column":26},"end":{"line":36,"column":52}},"30":{"start":{"line":37,"column":26},"end":{"line":37,"column":53}},"31":{"start":{"line":38,"column":26},"end":{"line":38,"column":55}},"32":{"start":{"line":41,"column":35},"end":{"line":41,"column":66}},"33":{"start":{"line":44,"column":12},"end":{"line":44,"column":21}},"34":{"start":{"line":47,"column":0},"end":{"line":49,"column":4}},"35":{"start":{"line":51,"column":0},"end":{"line":56,"column":4}},"36":{"start":{"line":59,"column":16},"end":{"line":65,"column":2}},"37":{"start":{"line":66,"column":0},"end":{"line":66,"column":26}},"38":{"start":{"line":69,"column":20},"end":{"line":73,"column":2}},"39":{"start":{"line":74,"column":0},"end":{"line":74,"column":40}},"40":{"start":{"line":75,"column":0},"end":{"line":75,"column":43}},"41":{"start":{"line":78,"column":0},"end":{"line":78,"column":41}},"42":{"start":{"line":79,"column":0},"end":{"line":79,"column":63}},"43":{"start":{"line":82,"column":0},"end":{"line":87,"column":1}},"44":{"start":{"line":83,"column":2},"end":{"line":86,"column":6}},"45":{"start":{"line":84,"column":30},"end":{"line":84,"column":53}},"46":{"start":{"line":85,"column":19},"end":{"line":85,"column":53}},"47":{"start":{"line":90,"column":0},"end":{"line":96,"column":3}},"48":{"start":{"line":91,"column":19},"end":{"line":91,"column":36}},"49":{"start":{"line":92,"column":2},"end":{"line":95,"column":3}},"50":{"start":{"line":93,"column":4},"end":{"line":93,"column":48}},"51":{"start":{"line":94,"column":4},"end":{"line":94,"column":50}},"52":{"start":{"line":99,"column":0},"end":{"line":99,"column":72}},"53":{"start":{"line":102,"column":0},"end":{"line":105,"column":4}},"54":{"start":{"line":106,"column":0},"end":{"line":106,"column":65}},"55":{"start":{"line":106,"column":42},"end":{"line":106,"column":63}},"56":{"start":{"line":109,"column":0},"end":{"line":109,"column":42}},"57":{"start":{"line":110,"column":0},"end":{"line":110,"column":43}},"58":{"start":{"line":111,"column":0},"end":{"line":111,"column":48}},"59":{"start":{"line":112,"column":0},"end":{"line":112,"column":48}},"60":{"start":{"line":113,"column":0},"end":{"line":113,"column":46}},"61":{"start":{"line":114,"column":0},"end":{"line":114,"column":44}},"62":{"start":{"line":115,"column":0},"end":{"line":115,"column":49}},"63":{"start":{"line":116,"column":0},"end":{"line":116,"column":46}},"64":{"start":{"line":117,"column":0},"end":{"line":117,"column":50}},"65":{"start":{"line":118,"column":0},"end":{"line":118,"column":44}},"66":{"start":{"line":119,"column":0},"end":{"line":119,"column":47}},"67":{"start":{"line":120,"column":0},"end":{"line":120,"column":50}},"68":{"start":{"line":121,"column":0},"end":{"line":121,"column":43}},"69":{"start":{"line":122,"column":0},"end":{"line":122,"column":40}},"70":{"start":{"line":123,"column":0},"end":{"line":123,"column":44}},"71":{"start":{"line":124,"column":0},"end":{"line":124,"column":44}},"72":{"start":{"line":125,"column":0},"end":{"line":125,"column":40}},"73":{"start":{"line":126,"column":0},"end":{"line":126,"column":41}},"74":{"start":{"line":127,"column":0},"end":{"line":127,"column":43}},"75":{"start":{"line":130,"column":0},"end":{"line":132,"column":3}},"76":{"start":{"line":131,"column":2},"end":{"line":131,"column":84}},"77":{"start":{"line":135,"column":0},"end":{"line":142,"column":3}},"78":{"start":{"line":136,"column":2},"end":{"line":141,"column":5}},"79":{"start":{"line":145,"column":0},"end":{"line":145,"column":25}},"80":{"start":{"line":146,"column":0},"end":{"line":146,"column":22}},"81":{"start":{"line":150,"column":2},"end":{"line":169,"column":3}},"82":{"start":{"line":152,"column":4},"end":{"line":152,"column":28}},"83":{"start":{"line":155,"column":4},"end":{"line":155,"column":31}},"84":{"start":{"line":156,"column":4},"end":{"line":156,"column":49}},"85":{"start":{"line":159,"column":17},"end":{"line":159,"column":36}},"86":{"start":{"line":160,"column":4},"end":{"line":165,"column":7}},"87":{"start":{"line":161,"column":6},"end":{"line":161,"column":87}},"88":{"start":{"line":162,"column":6},"end":{"line":162,"column":73}},"89":{"start":{"line":163,"column":6},"end":{"line":163,"column":78}},"90":{"start":{"line":164,"column":6},"end":{"line":164,"column":52}},"91":{"start":{"line":167,"column":4},"end":{"line":167,"column":59}},"92":{"start":{"line":168,"column":4},"end":{"line":168,"column":20}},"93":{"start":{"line":173,"column":0},"end":{"line":176,"column":3}},"94":{"start":{"line":174,"column":2},"end":{"line":174,"column":61}},"95":{"start":{"line":175,"column":2},"end":{"line":175,"column":18}},"96":{"start":{"line":178,"column":0},"end":{"line":180,"column":3}},"97":{"start":{"line":179,"column":2},"end":{"line":179,"column":57}},"98":{"start":{"line":182,"column":0},"end":{"line":184,"column":1}},"99":{"start":{"line":183,"column":2},"end":{"line":183,"column":14}},"100":{"start":{"line":186,"column":0},"end":{"line":186,"column":21}}},"fnMap":{"0":{"name":"(anonymous_0)","decl":{"start":{"line":84,"column":21},"end":{"line":84,"column":22}},"loc":{"start":{"line":84,"column":30},"end":{"line":84,"column":53}},"line":84},"1":{"name":"(anonymous_1)","decl":{"start":{"line":85,"column":10},"end":{"line":85,"column":11}},"loc":{"start":{"line":85,"column":19},"end":{"line":85,"column":53}},"line":85},"2":{"name":"(anonymous_2)","decl":{"start":{"line":90,"column":71},"end":{"line":90,"column":72}},"loc":{"start":{"line":90,"column":80},"end":{"line":96,"column":1}},"line":90},"3":{"name":"(anonymous_3)","decl":{"start":{"line":106,"column":28},"end":{"line":106,"column":29}},"loc":{"start":{"line":106,"column":42},"end":{"line":106,"column":63}},"line":106},"4":{"name":"(anonymous_4)","decl":{"start":{"line":130,"column":32},"end":{"line":130,"column":33}},"loc":{"start":{"line":130,"column":46},"end":{"line":132,"column":1}},"line":130},"5":{"name":"(anonymous_5)","decl":{"start":{"line":135,"column":13},"end":{"line":135,"column":14}},"loc":{"start":{"line":135,"column":27},"end":{"line":142,"column":1}},"line":135},"6":{"name":"bootstrap","decl":{"start":{"line":149,"column":15},"end":{"line":149,"column":24}},"loc":{"start":{"line":149,"column":27},"end":{"line":170,"column":1}},"line":149},"7":{"name":"(anonymous_7)","decl":{"start":{"line":160,"column":21},"end":{"line":160,"column":22}},"loc":{"start":{"line":160,"column":27},"end":{"line":165,"column":5}},"line":160},"8":{"name":"(anonymous_8)","decl":{"start":{"line":173,"column":22},"end":{"line":173,"column":23}},"loc":{"start":{"line":173,"column":28},"end":{"line":176,"column":1}},"line":173},"9":{"name":"(anonymous_9)","decl":{"start":{"line":178,"column":33},"end":{"line":178,"column":34}},"loc":{"start":{"line":178,"column":45},"end":{"line":180,"column":1}},"line":178}},"branchMap":{"0":{"loc":{"start":{"line":82,"column":0},"end":{"line":87,"column":1}},"type":"if","locations":[{"start":{"line":82,"column":0},"end":{"line":87,"column":1}},{"start":{},"end":{}}],"line":82},"1":{"loc":{"start":{"line":92,"column":2},"end":{"line":95,"column":3}},"type":"if","locations":[{"start":{"line":92,"column":2},"end":{"line":95,"column":3}},{"start":{},"end":{}}],"line":92},"2":{"loc":{"start":{"line":159,"column":17},"end":{"line":159,"column":36}},"type":"binary-expr","locations":[{"start":{"line":159,"column":17},"end":{"line":159,"column":28}},{"start":{"line":159,"column":32},"end":{"line":159,"column":36}}],"line":159},"3":{"loc":{"start":{"line":182,"column":0},"end":{"line":184,"column":1}},"type":"if","locations":[{"start":{"line":182,"column":0},"end":{"line":184,"column":1}},{"start":{},"end":{}}],"line":182}},"s":{"0":2,"1":2,"2":2,"3":2,"4":2,"5":2,"6":2,"7":2,"8":2,"9":2,"10":2,"11":2,"12":2,"13":2,"14":2,"15":2,"16":2,"17":2,"18":2,"19":2,"20":2,"21":2,"22":2,"23":2,"24":2,"25":2,"26":2,"27":2,"28":2,"29":2,"30":2,"31":2,"32":2,"33":2,"34":2,"35":2,"36":2,"37":2,"38":2,"39":2,"40":2,"41":2,"42":2,"43":2,"44":0,"45":0,"46":0,"47":2,"48":6,"49":6,"50":0,"51":0,"52":2,"53":2,"54":2,"55":0,"56":2,"57":2,"58":2,"59":2,"60":2,"61":2,"62":2,"63":2,"64":2,"65":2,"66":2,"67":2,"68":2,"69":2,"70":2,"71":2,"72":2,"73":2,"74":2,"75":2,"76":1,"77":2,"78":0,"79":2,"80":2,"81":0,"82":0,"83":0,"84":0,"85":0,"86":0,"87":0,"88":0,"89":0,"90":0,"91":0,"92":0,"93":2,"94":0,"95":0,"96":2,"97":0,"98":2,"99":0,"100":2},"f":{"0":0,"1":0,"2":6,"3":0,"4":1,"5":0,"6":0,"7":0,"8":0,"9":0},"b":{"0":[0,2],"1":[0,6],"2":[0,0],"3":[0,2]},"_coverageSchema":"1a1c01bbd47fc00a2c39e90264f33305004495a9","hash":"d58780be93a7cab4eb8651fbed3c5a42dccfa82e"}
,"C:\\Users\\debas\\Desktop\\Asset Management System\\Asset-Management-System\\backend-node\\src\\config\\database.js": {"path":"C:\\Users\\debas\\Desktop\\Asset Management System\\Asset-Management-System\\backend-node\\src\\config\\database.js","statementMap":{"0":{"start":{"line":1,"column":22},"end":{"line":1,"column":42}},"1":{"start":{"line":2,"column":14},"end":{"line":2,"column":39}},"2":{"start":{"line":3,"column":15},"end":{"line":3,"column":34}},"3":{"start":{"line":4,"column":15},"end":{"line":4,"column":31}},"4":{"start":{"line":5,"column":15},"end":{"line":5,"column":41}},"5":{"start":{"line":7,"column":18},"end":{"line":34,"column":1}},"6":{"start":{"line":17,"column":17},"end":{"line":17,"column":34}},"7":{"start":{"line":40,"column":2},"end":{"line":60,"column":3}},"8":{"start":{"line":41,"column":4},"end":{"line":41,"column":33}},"9":{"start":{"line":42,"column":4},"end":{"line":42,"column":35}},"10":{"start":{"line":43,"column":4},"end":{"line":43,"column":95}},"11":{"start":{"line":45,"column":19},"end":{"line":45,"column":39}},"12":{"start":{"line":46,"column":4},"end":{"line":46,"column":27}},"13":{"start":{"line":47,"column":4},"end":{"line":47,"column":50}},"14":{"start":{"line":49,"column":4},"end":{"line":49,"column":29}},"15":{"start":{"line":51,"column":4},"end":{"line":51,"column":38}},"16":{"start":{"line":53,"column":35},"end":{"line":53,"column":54}},"17":{"start":{"line":54,"column":4},"end":{"line":54,"column":31}},"18":{"start":{"line":56,"column":4},"end":{"line":56,"column":21}},"19":{"start":{"line":58,"column":4},"end":{"line":58,"column":67}},"20":{"start":{"line":59,"column":4},"end":{"line":59,"column":20}},"21":{"start":{"line":64,"column":21},"end":{"line":69,"column":4}},"22":{"start":{"line":71,"column":23},"end":{"line":71,"column":57}},"23":{"start":{"line":72,"column":2},"end":{"line":72,"column":127}},"24":{"start":{"line":73,"column":2},"end":{"line":73,"column":25}},"25":{"start":{"line":77,"column":25},"end":{"line":77,"column":31}},"26":{"start":{"line":79,"column":26},"end":{"line":83,"column":3}},"27":{"start":{"line":85,"column":16},"end":{"line":85,"column":18}},"28":{"start":{"line":86,"column":2},"end":{"line":89,"column":3}},"29":{"start":{"line":87,"column":19},"end":{"line":87,"column":103}},"30":{"start":{"line":88,"column":4},"end":{"line":88,"column":27}},"31":{"start":{"line":91,"column":20},"end":{"line":106,"column":3}},"32":{"start":{"line":108,"column":2},"end":{"line":135,"column":3}},"33":{"start":{"line":109,"column":28},"end":{"line":119,"column":6}},"34":{"start":{"line":121,"column":4},"end":{"line":130,"column":5}},"35":{"start":{"line":122,"column":29},"end":{"line":122,"column":69}},"36":{"start":{"line":123,"column":6},"end":{"line":129,"column":9}},"37":{"start":{"line":132,"column":4},"end":{"line":134,"column":5}},"38":{"start":{"line":133,"column":6},"end":{"line":133,"column":42}},"39":{"start":{"line":137,"column":2},"end":{"line":137,"column":86}},"40":{"start":{"line":141,"column":2},"end":{"line":169,"column":3}},"41":{"start":{"line":142,"column":27},"end":{"line":142,"column":56}},"42":{"start":{"line":143,"column":28},"end":{"line":143,"column":71}},"43":{"start":{"line":145,"column":4},"end":{"line":155,"column":5}},"44":{"start":{"line":146,"column":6},"end":{"line":146,"column":66}},"45":{"start":{"line":147,"column":6},"end":{"line":151,"column":9}},"46":{"start":{"line":153,"column":6},"end":{"line":153,"column":91}},"47":{"start":{"line":154,"column":6},"end":{"line":154,"column":63}},"48":{"start":{"line":157,"column":4},"end":{"line":166,"column":5}},"49":{"start":{"line":158,"column":6},"end":{"line":158,"column":67}},"50":{"start":{"line":159,"column":6},"end":{"line":162,"column":9}},"51":{"start":{"line":164,"column":6},"end":{"line":164,"column":100}},"52":{"start":{"line":165,"column":6},"end":{"line":165,"column":64}},"53":{"start":{"line":168,"column":4},"end":{"line":168,"column":55}},"54":{"start":{"line":172,"column":0},"end":{"line":172,"column":48}}},"fnMap":{"0":{"name":"(anonymous_0)","decl":{"start":{"line":17,"column":8},"end":{"line":17,"column":9}},"loc":{"start":{"line":17,"column":17},"end":{"line":17,"column":34}},"line":17},"1":{"name":"connectDatabase","decl":{"start":{"line":39,"column":15},"end":{"line":39,"column":30}},"loc":{"start":{"line":39,"column":33},"end":{"line":61,"column":1}},"line":39},"2":{"name":"ensureDatabaseExists","decl":{"start":{"line":63,"column":15},"end":{"line":63,"column":35}},"loc":{"start":{"line":63,"column":38},"end":{"line":74,"column":1}},"line":63},"3":{"name":"seedDefaultAuthData","decl":{"start":{"line":76,"column":15},"end":{"line":76,"column":34}},"loc":{"start":{"line":76,"column":43},"end":{"line":138,"column":1}},"line":76},"4":{"name":"runUserMigration","decl":{"start":{"line":140,"column":15},"end":{"line":140,"column":31}},"loc":{"start":{"line":140,"column":34},"end":{"line":170,"column":1}},"line":140}},"branchMap":{"0":{"loc":{"start":{"line":16,"column":13},"end":{"line":18,"column":13}},"type":"cond-expr","locations":[{"start":{"line":17,"column":8},"end":{"line":17,"column":34}},{"start":{"line":18,"column":8},"end":{"line":18,"column":13}}],"line":16},"1":{"loc":{"start":{"line":121,"column":4},"end":{"line":130,"column":5}},"type":"if","locations":[{"start":{"line":121,"column":4},"end":{"line":130,"column":5}},{"start":{},"end":{}}],"line":121},"2":{"loc":{"start":{"line":145,"column":4},"end":{"line":155,"column":5}},"type":"if","locations":[{"start":{"line":145,"column":4},"end":{"line":155,"column":5}},{"start":{},"end":{}}],"line":145},"3":{"loc":{"start":{"line":157,"column":4},"end":{"line":166,"column":5}},"type":"if","locations":[{"start":{"line":157,"column":4},"end":{"line":166,"column":5}},{"start":{},"end":{}}],"line":157}},"s":{"0":2,"1":2,"2":2,"3":2,"4":2,"5":2,"6":0,"7":0,"8":0,"9":0,"10":0,"11":0,"12":0,"13":0,"14":0,"15":0,"16":0,"17":0,"18":0,"19":0,"20":0,"21":0,"22":0,"23":0,"24":0,"25":0,"26":0,"27":0,"28":0,"29":0,"30":0,"31":0,"32":0,"33":0,"34":0,"35":0,"36":0,"37":0,"38":0,"39":0,"40":0,"41":0,"42":0,"43":0,"44":0,"45":0,"46":0,"47":0,"48":0,"49":0,"50":0,"51":0,"52":0,"53":0,"54":2},"f":{"0":0,"1":0,"2":0,"3":0,"4":0},"b":{"0":[0,2],"1":[0,0],"2":[0,0],"3":[0,0]},"_coverageSchema":"1a1c01bbd47fc00a2c39e90264f33305004495a9","hash":"dac537075c5d22bee21e583877fac39879325e3a"}
,"C:\\Users\\debas\\Desktop\\Asset Management System\\Asset-Management-System\\backend-node\\src\\config\\env.js": {"path":"C:\\Users\\debas\\Desktop\\Asset Management System\\Asset-Management-System\\backend-node\\src\\config\\env.js","statementMap":{"0":{"start":{"line":5,"column":0},"end":{"line":5,"column":27}},"1":{"start":{"line":8,"column":2},"end":{"line":12,"column":3}},"2":{"start":{"line":9,"column":4},"end":{"line":11,"column":5}},"3":{"start":{"line":10,"column":6},"end":{"line":10,"column":19}},"4":{"start":{"line":14,"column":2},"end":{"line":14,"column":19}},"5":{"start":{"line":17,"column":20},"end":{"line":23,"column":1}},"6":{"start":{"line":25,"column":0},"end":{"line":97,"column":2}}},"fnMap":{"0":{"name":"firstDefined","decl":{"start":{"line":7,"column":9},"end":{"line":7,"column":21}},"loc":{"start":{"line":7,"column":33},"end":{"line":15,"column":1}},"line":7}},"branchMap":{"0":{"loc":{"start":{"line":9,"column":4},"end":{"line":11,"column":5}},"type":"if","locations":[{"start":{"line":9,"column":4},"end":{"line":11,"column":5}},{"start":{},"end":{}}],"line":9},"1":{"loc":{"start":{"line":9,"column":8},"end":{"line":9,"column":61}},"type":"binary-expr","locations":[{"start":{"line":9,"column":8},"end":{"line":9,"column":27}},{"start":{"line":9,"column":31},"end":{"line":9,"column":45}},{"start":{"line":9,"column":49},"end":{"line":9,"column":61}}],"line":9},"2":{"loc":{"start":{"line":18,"column":2},"end":{"line":22,"column":31}},"type":"binary-expr","locations":[{"start":{"line":18,"column":2},"end":{"line":18,"column":24}},{"start":{"line":19,"column":5},"end":{"line":19,"column":27}},{"start":{"line":20,"column":5},"end":{"line":20,"column":31}},{"start":{"line":21,"column":5},"end":{"line":21,"column":27}},{"start":{"line":22,"column":5},"end":{"line":22,"column":31}}],"line":18},"3":{"loc":{"start":{"line":27,"column":12},"end":{"line":27,"column":49}},"type":"binary-expr","locations":[{"start":{"line":27,"column":12},"end":{"line":27,"column":32}},{"start":{"line":27,"column":36},"end":{"line":27,"column":49}}],"line":27},"4":{"loc":{"start":{"line":28,"column":17},"end":{"line":28,"column":50}},"type":"binary-expr","locations":[{"start":{"line":28,"column":17},"end":{"line":28,"column":40}},{"start":{"line":28,"column":44},"end":{"line":28,"column":50}}],"line":28},"5":{"loc":{"start":{"line":32,"column":10},"end":{"line":32,"column":105}},"type":"binary-expr","locations":[{"start":{"line":32,"column":10},"end":{"line":32,"column":32}},{"start":{"line":32,"column":37},"end":{"line":32,"column":104}}],"line":32},"6":{"loc":{"start":{"line":32,"column":37},"end":{"line":32,"column":104}},"type":"cond-expr","locations":[{"start":{"line":32,"column":51},"end":{"line":32,"column":55}},{"start":{"line":32,"column":58},"end":{"line":32,"column":104}}],"line":32},"7":{"loc":{"start":{"line":33,"column":19},"end":{"line":33,"column":86}},"type":"binary-expr","locations":[{"start":{"line":33,"column":19},"end":{"line":33,"column":76}},{"start":{"line":33,"column":80},"end":{"line":33,"column":86}}],"line":33},"8":{"loc":{"start":{"line":34,"column":10},"end":{"line":36,"column":96}},"type":"cond-expr","locations":[{"start":{"line":35,"column":9},"end":{"line":35,"column":95}},{"start":{"line":36,"column":9},"end":{"line":36,"column":95}}],"line":34},"9":{"loc":{"start":{"line":35,"column":9},"end":{"line":35,"column":95}},"type":"binary-expr","locations":[{"start":{"line":35,"column":9},"end":{"line":35,"column":70}},{"start":{"line":35,"column":74},"end":{"line":35,"column":95}}],"line":35},"10":{"loc":{"start":{"line":36,"column":9},"end":{"line":36,"column":95}},"type":"binary-expr","locations":[{"start":{"line":36,"column":9},"end":{"line":36,"column":70}},{"start":{"line":36,"column":74},"end":{"line":36,"column":95}}],"line":36},"11":{"loc":{"start":{"line":37,"column":14},"end":{"line":39,"column":102}},"type":"cond-expr","locations":[{"start":{"line":38,"column":9},"end":{"line":38,"column":101}},{"start":{"line":39,"column":9},"end":{"line":39,"column":101}}],"line":37},"12":{"loc":{"start":{"line":38,"column":9},"end":{"line":38,"column":101}},"type":"binary-expr","locations":[{"start":{"line":38,"column":9},"end":{"line":38,"column":91}},{"start":{"line":38,"column":95},"end":{"line":38,"column":101}}],"line":38},"13":{"loc":{"start":{"line":39,"column":9},"end":{"line":39,"column":101}},"type":"binary-expr","locations":[{"start":{"line":39,"column":9},"end":{"line":39,"column":91}},{"start":{"line":39,"column":95},"end":{"line":39,"column":101}}],"line":39},"14":{"loc":{"start":{"line":40,"column":14},"end":{"line":42,"column":73}},"type":"cond-expr","locations":[{"start":{"line":41,"column":9},"end":{"line":41,"column":72}},{"start":{"line":42,"column":9},"end":{"line":42,"column":72}}],"line":40},"15":{"loc":{"start":{"line":41,"column":9},"end":{"line":41,"column":72}},"type":"binary-expr","locations":[{"start":{"line":41,"column":9},"end":{"line":41,"column":35}},{"start":{"line":41,"column":39},"end":{"line":41,"column":62}},{"start":{"line":41,"column":66},"end":{"line":41,"column":72}}],"line":41},"16":{"loc":{"start":{"line":42,"column":9},"end":{"line":42,"column":72}},"type":"binary-expr","locations":[{"start":{"line":42,"column":9},"end":{"line":42,"column":32}},{"start":{"line":42,"column":36},"end":{"line":42,"column":62}},{"start":{"line":42,"column":66},"end":{"line":42,"column":72}}],"line":42},"17":{"loc":{"start":{"line":44,"column":20},"end":{"line":44,"column":51}},"type":"binary-expr","locations":[{"start":{"line":44,"column":20},"end":{"line":44,"column":43}},{"start":{"line":44,"column":47},"end":{"line":44,"column":51}}],"line":44},"18":{"loc":{"start":{"line":45,"column":20},"end":{"line":45,"column":50}},"type":"binary-expr","locations":[{"start":{"line":45,"column":20},"end":{"line":45,"column":43}},{"start":{"line":45,"column":47},"end":{"line":45,"column":50}}],"line":45},"19":{"loc":{"start":{"line":53,"column":12},"end":{"line":53,"column":104}},"type":"binary-expr","locations":[{"start":{"line":53,"column":12},"end":{"line":53,"column":34}},{"start":{"line":53,"column":38},"end":{"line":53,"column":104}}],"line":53},"20":{"loc":{"start":{"line":54,"column":27},"end":{"line":54,"column":70}},"type":"binary-expr","locations":[{"start":{"line":54,"column":27},"end":{"line":54,"column":56}},{"start":{"line":54,"column":60},"end":{"line":54,"column":70}}],"line":54},"21":{"loc":{"start":{"line":55,"column":28},"end":{"line":55,"column":73}},"type":"binary-expr","locations":[{"start":{"line":55,"column":28},"end":{"line":55,"column":58}},{"start":{"line":55,"column":62},"end":{"line":55,"column":73}}],"line":55},"22":{"loc":{"start":{"line":60,"column":9},"end":{"line":60,"column":105}},"type":"binary-expr","locations":[{"start":{"line":60,"column":9},"end":{"line":60,"column":35}},{"start":{"line":60,"column":39},"end":{"line":60,"column":105}}],"line":60},"23":{"loc":{"start":{"line":67,"column":13},"end":{"line":67,"column":64}},"type":"binary-expr","locations":[{"start":{"line":67,"column":13},"end":{"line":67,"column":37}},{"start":{"line":67,"column":41},"end":{"line":67,"column":64}}],"line":67},"24":{"loc":{"start":{"line":68,"column":17},"end":{"line":68,"column":68}},"type":"binary-expr","locations":[{"start":{"line":68,"column":17},"end":{"line":68,"column":41}},{"start":{"line":68,"column":45},"end":{"line":68,"column":68}}],"line":68},"25":{"loc":{"start":{"line":69,"column":15},"end":{"line":69,"column":52}},"type":"binary-expr","locations":[{"start":{"line":69,"column":15},"end":{"line":69,"column":37}},{"start":{"line":69,"column":41},"end":{"line":69,"column":52}}],"line":69},"26":{"loc":{"start":{"line":70,"column":11},"end":{"line":70,"column":47}},"type":"binary-expr","locations":[{"start":{"line":70,"column":11},"end":{"line":70,"column":29}},{"start":{"line":70,"column":33},"end":{"line":70,"column":47}}],"line":70},"27":{"loc":{"start":{"line":71,"column":15},"end":{"line":71,"column":60}},"type":"binary-expr","locations":[{"start":{"line":71,"column":15},"end":{"line":71,"column":37}},{"start":{"line":71,"column":41},"end":{"line":71,"column":60}}],"line":71},"28":{"loc":{"start":{"line":76,"column":10},"end":{"line":76,"column":51}},"type":"binary-expr","locations":[{"start":{"line":76,"column":10},"end":{"line":76,"column":31}},{"start":{"line":76,"column":35},"end":{"line":76,"column":51}}],"line":76},"29":{"loc":{"start":{"line":77,"column":19},"end":{"line":77,"column":49}},"type":"binary-expr","locations":[{"start":{"line":77,"column":19},"end":{"line":77,"column":40}},{"start":{"line":77,"column":44},"end":{"line":77,"column":49}}],"line":77},"30":{"loc":{"start":{"line":78,"column":14},"end":{"line":78,"column":45}},"type":"binary-expr","locations":[{"start":{"line":78,"column":14},"end":{"line":78,"column":39}},{"start":{"line":78,"column":43},"end":{"line":78,"column":45}}],"line":78},"31":{"loc":{"start":{"line":79,"column":14},"end":{"line":79,"column":45}},"type":"binary-expr","locations":[{"start":{"line":79,"column":14},"end":{"line":79,"column":39}},{"start":{"line":79,"column":43},"end":{"line":79,"column":45}}],"line":79},"32":{"loc":{"start":{"line":80,"column":14},"end":{"line":80,"column":69}},"type":"binary-expr","locations":[{"start":{"line":80,"column":14},"end":{"line":80,"column":40}},{"start":{"line":80,"column":44},"end":{"line":80,"column":69}}],"line":80},"33":{"loc":{"start":{"line":81,"column":17},"end":{"line":81,"column":71}},"type":"binary-expr","locations":[{"start":{"line":81,"column":17},"end":{"line":81,"column":46}},{"start":{"line":81,"column":50},"end":{"line":81,"column":71}}],"line":81},"34":{"loc":{"start":{"line":86,"column":12},"end":{"line":86,"column":44}},"type":"binary-expr","locations":[{"start":{"line":86,"column":12},"end":{"line":86,"column":38}},{"start":{"line":86,"column":42},"end":{"line":86,"column":44}}],"line":86},"35":{"loc":{"start":{"line":87,"column":11},"end":{"line":87,"column":57}},"type":"binary-expr","locations":[{"start":{"line":87,"column":11},"end":{"line":87,"column":35}},{"start":{"line":87,"column":39},"end":{"line":87,"column":57}}],"line":87},"36":{"loc":{"start":{"line":88,"column":13},"end":{"line":88,"column":94}},"type":"binary-expr","locations":[{"start":{"line":88,"column":13},"end":{"line":88,"column":40}},{"start":{"line":88,"column":44},"end":{"line":88,"column":94}}],"line":88},"37":{"loc":{"start":{"line":93,"column":26},"end":{"line":93,"column":57}},"type":"binary-expr","locations":[{"start":{"line":93,"column":26},"end":{"line":93,"column":50}},{"start":{"line":93,"column":54},"end":{"line":93,"column":57}}],"line":93},"38":{"loc":{"start":{"line":94,"column":26},"end":{"line":94,"column":63}},"type":"binary-expr","locations":[{"start":{"line":94,"column":26},"end":{"line":94,"column":55}},{"start":{"line":94,"column":59},"end":{"line":94,"column":63}}],"line":94},"39":{"loc":{"start":{"line":95,"column":22},"end":{"line":95,"column":56}},"type":"binary-expr","locations":[{"start":{"line":95,"column":22},"end":{"line":95,"column":47}},{"start":{"line":95,"column":51},"end":{"line":95,"column":56}}],"line":95}},"s":{"0":5,"1":15,"2":15,"3":15,"4":0,"5":5,"6":5},"f":{"0":15},"b":{"0":[15,0],"1":[15,15,15],"2":[5,0,0,0,0],"3":[5,0],"4":[5,0],"5":[5,0],"6":[0,0],"7":[5,0],"8":[5,0],"9":[5,0],"10":[0,0],"11":[5,0],"12":[5,0],"13":[0,0],"14":[5,0],"15":[5,0,0],"16":[0,0,0],"17":[5,5],"18":[5,5],"19":[5,0],"20":[5,5],"21":[5,5],"22":[5,0],"23":[5,5],"24":[5,5],"25":[5,5],"26":[5,5],"27":[5,5],"28":[5,5],"29":[5,5],"30":[5,5],"31":[5,5],"32":[5,5],"33":[5,5],"34":[5,0],"35":[5,5],"36":[5,5],"37":[5,5],"38":[5,5],"39":[5,5]},"_coverageSchema":"1a1c01bbd47fc00a2c39e90264f33305004495a9","hash":"2d72766629086a8a25446b64897a099596ba4998"}
,"C:\\Users\\debas\\Desktop\\Asset Management System\\Asset-Management-System\\backend-node\\src\\config\\mailer.js": {"path":"C:\\Users\\debas\\Desktop\\Asset Management System\\Asset-Management-System\\backend-node\\src\\config\\mailer.js","statementMap":{"0":{"start":{"line":1,"column":19},"end":{"line":1,"column":40}},"1":{"start":{"line":2,"column":15},"end":{"line":2,"column":31}},"2":{"start":{"line":4,"column":20},"end":{"line":18,"column":2}},"3":{"start":{"line":20,"column":0},"end":{"line":20,"column":33}}},"fnMap":{},"branchMap":{},"s":{"0":2,"1":2,"2":2,"3":2},"f":{},"b":{},"_coverageSchema":"1a1c01bbd47fc00a2c39e90264f33305004495a9","hash":"f2a0d25f03863932ec4abfb271550b9174beadf3"}
,"C:\\Users\\debas\\Desktop\\Asset Management System\\Asset-Management-System\\backend-node\\src\\config\\seeder.js": {"path":"C:\\Users\\debas\\Desktop\\Asset Management System\\Asset-Management-System\\backend-node\\src\\config\\seeder.js","statementMap":{"0":{"start":{"line":1,"column":15},"end":{"line":1,"column":34}},"1":{"start":{"line":2,"column":15},"end":{"line":2,"column":41}},"2":{"start":{"line":3,"column":27},"end":{"line":3,"column":62}},"3":{"start":{"line":8,"column":4},"end":{"line":8,"column":24}},"4":{"start":{"line":16,"column":20},"end":{"line":16,"column":81}},"5":{"start":{"line":17,"column":18},"end":{"line":17,"column":46}},"6":{"start":{"line":20,"column":26},"end":{"line":51,"column":3}},"7":{"start":{"line":52,"column":22},"end":{"line":52,"column":66}},"8":{"start":{"line":53,"column":2},"end":{"line":53,"column":60}},"9":{"start":{"line":56,"column":22},"end":{"line":87,"column":3}},"10":{"start":{"line":88,"column":18},"end":{"line":88,"column":54}},"11":{"start":{"line":89,"column":2},"end":{"line":89,"column":52}},"12":{"start":{"line":92,"column":24},"end":{"line":128,"column":4}},"13":{"start":{"line":93,"column":23},"end":{"line":99,"column":5}},"14":{"start":{"line":100,"column":22},"end":{"line":106,"column":5}},"15":{"start":{"line":107,"column":25},"end":{"line":112,"column":5}},"16":{"start":{"line":114,"column":16},"end":{"line":114,"column":51}},"17":{"start":{"line":115,"column":22},"end":{"line":115,"column":35}},"18":{"start":{"line":116,"column":21},"end":{"line":116,"column":33}},"19":{"start":{"line":118,"column":4},"end":{"line":127,"column":6}},"20":{"start":{"line":129,"column":20},"end":{"line":129,"column":60}},"21":{"start":{"line":130,"column":2},"end":{"line":130,"column":56}},"22":{"start":{"line":133,"column":25},"end":{"line":147,"column":3}},"23":{"start":{"line":148,"column":21},"end":{"line":148,"column":67}},"24":{"start":{"line":149,"column":2},"end":{"line":149,"column":64}},"25":{"start":{"line":152,"column":28},"end":{"line":183,"column":3}},"26":{"start":{"line":185,"column":21},"end":{"line":185,"column":23}},"27":{"start":{"line":186,"column":19},"end":{"line":186,"column":72}},"28":{"start":{"line":188,"column":2},"end":{"line":235,"column":3}},"29":{"start":{"line":188,"column":15},"end":{"line":188,"column":16}},"30":{"start":{"line":189,"column":21},"end":{"line":189,"column":41}},"31":{"start":{"line":190,"column":21},"end":{"line":190,"column":55}},"32":{"start":{"line":193,"column":17},"end":{"line":193,"column":28}},"33":{"start":{"line":194,"column":4},"end":{"line":196,"column":46}},"34":{"start":{"line":194,"column":21},"end":{"line":194,"column":45}},"35":{"start":{"line":195,"column":9},"end":{"line":196,"column":46}},"36":{"start":{"line":195,"column":27},"end":{"line":195,"column":47}},"37":{"start":{"line":196,"column":9},"end":{"line":196,"column":46}},"38":{"start":{"line":196,"column":26},"end":{"line":196,"column":46}},"39":{"start":{"line":198,"column":16},"end":{"line":198,"column":51}},"40":{"start":{"line":199,"column":16},"end":{"line":199,"column":78}},"41":{"start":{"line":200,"column":19},"end":{"line":200,"column":46}},"42":{"start":{"line":202,"column":25},"end":{"line":202,"column":99}},"43":{"start":{"line":203,"column":20},"end":{"line":203,"column":72}},"44":{"start":{"line":204,"column":23},"end":{"line":204,"column":89}},"45":{"start":{"line":207,"column":23},"end":{"line":207,"column":90}},"46":{"start":{"line":208,"column":23},"end":{"line":208,"column":27}},"47":{"start":{"line":209,"column":25},"end":{"line":209,"column":102}},"48":{"start":{"line":211,"column":21},"end":{"line":211,"column":51}},"49":{"start":{"line":212,"column":16},"end":{"line":212,"column":38}},"50":{"start":{"line":214,"column":4},"end":{"line":234,"column":7}},"51":{"start":{"line":237,"column":17},"end":{"line":237,"column":51}},"52":{"start":{"line":238,"column":2},"end":{"line":238,"column":50}},"53":{"start":{"line":241,"column":2},"end":{"line":250,"column":5}},"54":{"start":{"line":242,"column":4},"end":{"line":242,"column":79}},"55":{"start":{"line":243,"column":4},"end":{"line":249,"column":5}},"56":{"start":{"line":244,"column":6},"end":{"line":248,"column":7}},"57":{"start":{"line":245,"column":8},"end":{"line":245,"column":68}},"58":{"start":{"line":247,"column":8},"end":{"line":247,"column":95}},"59":{"start":{"line":253,"column":26},"end":{"line":253,"column":28}},"60":{"start":{"line":255,"column":2},"end":{"line":274,"column":3}},"61":{"start":{"line":255,"column":15},"end":{"line":255,"column":16}},"62":{"start":{"line":256,"column":18},"end":{"line":256,"column":43}},"63":{"start":{"line":257,"column":16},"end":{"line":257,"column":53}},"64":{"start":{"line":258,"column":26},"end":{"line":258,"column":103}},"65":{"start":{"line":259,"column":27},"end":{"line":259,"column":89}},"66":{"start":{"line":260,"column":25},"end":{"line":260,"column":87}},"67":{"start":{"line":262,"column":4},"end":{"line":273,"column":7}},"68":{"start":{"line":277,"column":2},"end":{"line":295,"column":3}},"69":{"start":{"line":277,"column":15},"end":{"line":277,"column":16}},"70":{"start":{"line":278,"column":18},"end":{"line":278,"column":27}},"71":{"start":{"line":279,"column":4},"end":{"line":294,"column":5}},"72":{"start":{"line":280,"column":18},"end":{"line":280,"column":49}},"73":{"start":{"line":281,"column":28},"end":{"line":281,"column":105}},"74":{"start":{"line":282,"column":29},"end":{"line":282,"column":92}},"75":{"start":{"line":284,"column":6},"end":{"line":293,"column":9}},"76":{"start":{"line":298,"column":28},"end":{"line":298,"column":50}},"77":{"start":{"line":299,"column":2},"end":{"line":321,"column":3}},"78":{"start":{"line":300,"column":17},"end":{"line":300,"column":39}},"79":{"start":{"line":301,"column":4},"end":{"line":320,"column":5}},"80":{"start":{"line":301,"column":17},"end":{"line":301,"column":18}},"81":{"start":{"line":302,"column":20},"end":{"line":302,"column":51}},"82":{"start":{"line":303,"column":18},"end":{"line":303,"column":55}},"83":{"start":{"line":304,"column":28},"end":{"line":304,"column":104}},"84":{"start":{"line":305,"column":29},"end":{"line":305,"column":91}},"85":{"start":{"line":306,"column":27},"end":{"line":306,"column":61}},"86":{"start":{"line":308,"column":6},"end":{"line":319,"column":9}},"87":{"start":{"line":323,"column":22},"end":{"line":323,"column":71}},"88":{"start":{"line":324,"column":2},"end":{"line":324,"column":66}},"89":{"start":{"line":327,"column":26},"end":{"line":327,"column":28}},"90":{"start":{"line":328,"column":17},"end":{"line":333,"column":3}},"91":{"start":{"line":335,"column":27},"end":{"line":340,"column":3}},"92":{"start":{"line":342,"column":2},"end":{"line":362,"column":3}},"93":{"start":{"line":342,"column":15},"end":{"line":342,"column":16}},"94":{"start":{"line":343,"column":18},"end":{"line":343,"column":43}},"95":{"start":{"line":344,"column":19},"end":{"line":344,"column":85}},"96":{"start":{"line":345,"column":22},"end":{"line":345,"column":99}},"97":{"start":{"line":346,"column":24},"end":{"line":346,"column":113}},"98":{"start":{"line":348,"column":4},"end":{"line":361,"column":7}},"99":{"start":{"line":363,"column":29},"end":{"line":363,"column":81}},"100":{"start":{"line":364,"column":2},"end":{"line":364,"column":75}},"101":{"start":{"line":367,"column":23},"end":{"line":367,"column":25}},"102":{"start":{"line":368,"column":2},"end":{"line":383,"column":3}},"103":{"start":{"line":368,"column":15},"end":{"line":368,"column":16}},"104":{"start":{"line":369,"column":18},"end":{"line":369,"column":49}},"105":{"start":{"line":370,"column":19},"end":{"line":370,"column":97}},"106":{"start":{"line":371,"column":19},"end":{"line":371,"column":46}},"107":{"start":{"line":372,"column":18},"end":{"line":372,"column":89}},"108":{"start":{"line":374,"column":4},"end":{"line":382,"column":7}},"109":{"start":{"line":384,"column":21},"end":{"line":384,"column":68}},"110":{"start":{"line":385,"column":2},"end":{"line":385,"column":64}},"111":{"start":{"line":388,"column":20},"end":{"line":402,"column":4}},"112":{"start":{"line":389,"column":20},"end":{"line":392,"column":5}},"113":{"start":{"line":393,"column":4},"end":{"line":401,"column":6}},"114":{"start":{"line":403,"column":17},"end":{"line":403,"column":53}},"115":{"start":{"line":404,"column":2},"end":{"line":404,"column":54}},"116":{"start":{"line":407,"column":24},"end":{"line":407,"column":26}},"117":{"start":{"line":408,"column":2},"end":{"line":422,"column":3}},"118":{"start":{"line":408,"column":15},"end":{"line":408,"column":16}},"119":{"start":{"line":409,"column":18},"end":{"line":409,"column":43}},"120":{"start":{"line":410,"column":20},"end":{"line":410,"column":55}},"121":{"start":{"line":411,"column":18},"end":{"line":411,"column":59}},"122":{"start":{"line":413,"column":4},"end":{"line":421,"column":7}},"123":{"start":{"line":423,"column":20},"end":{"line":423,"column":65}},"124":{"start":{"line":424,"column":2},"end":{"line":424,"column":62}},"125":{"start":{"line":427,"column":28},"end":{"line":427,"column":30}},"126":{"start":{"line":428,"column":29},"end":{"line":430,"column":3}},"127":{"start":{"line":431,"column":19},"end":{"line":436,"column":3}},"128":{"start":{"line":437,"column":16},"end":{"line":437,"column":97}},"129":{"start":{"line":439,"column":2},"end":{"line":448,"column":3}},"130":{"start":{"line":439,"column":15},"end":{"line":439,"column":16}},"131":{"start":{"line":440,"column":18},"end":{"line":440,"column":23}},"132":{"start":{"line":441,"column":4},"end":{"line":447,"column":7}},"133":{"start":{"line":449,"column":24},"end":{"line":449,"column":72}},"134":{"start":{"line":450,"column":2},"end":{"line":450,"column":64}},"135":{"start":{"line":453,"column":2},"end":{"line":459,"column":3}},"136":{"start":{"line":454,"column":31},"end":{"line":454,"column":72}},"137":{"start":{"line":455,"column":4},"end":{"line":455,"column":46}},"138":{"start":{"line":456,"column":4},"end":{"line":456,"column":61}},"139":{"start":{"line":458,"column":4},"end":{"line":458,"column":79}},"140":{"start":{"line":466,"column":2},"end":{"line":478,"column":3}},"141":{"start":{"line":467,"column":23},"end":{"line":467,"column":42}},"142":{"start":{"line":468,"column":4},"end":{"line":471,"column":5}},"143":{"start":{"line":469,"column":6},"end":{"line":469,"column":91}},"144":{"start":{"line":470,"column":6},"end":{"line":470,"column":13}},"145":{"start":{"line":473,"column":4},"end":{"line":473,"column":73}},"146":{"start":{"line":474,"column":4},"end":{"line":474,"column":23}},"147":{"start":{"line":475,"column":4},"end":{"line":475,"column":63}},"148":{"start":{"line":477,"column":4},"end":{"line":477,"column":64}},"149":{"start":{"line":485,"column":2},"end":{"line":508,"column":3}},"150":{"start":{"line":486,"column":4},"end":{"line":486,"column":62}},"151":{"start":{"line":489,"column":4},"end":{"line":489,"column":75}},"152":{"start":{"line":490,"column":4},"end":{"line":490,"column":76}},"153":{"start":{"line":491,"column":4},"end":{"line":491,"column":71}},"154":{"start":{"line":492,"column":4},"end":{"line":492,"column":79}},"155":{"start":{"line":493,"column":4},"end":{"line":493,"column":81}},"156":{"start":{"line":494,"column":4},"end":{"line":494,"column":78}},"157":{"start":{"line":495,"column":4},"end":{"line":495,"column":68}},"158":{"start":{"line":496,"column":4},"end":{"line":496,"column":71}},"159":{"start":{"line":497,"column":4},"end":{"line":497,"column":69}},"160":{"start":{"line":498,"column":4},"end":{"line":498,"column":76}},"161":{"start":{"line":499,"column":4},"end":{"line":499,"column":73}},"162":{"start":{"line":501,"column":4},"end":{"line":501,"column":64}},"163":{"start":{"line":502,"column":4},"end":{"line":502,"column":23}},"164":{"start":{"line":503,"column":4},"end":{"line":503,"column":94}},"165":{"start":{"line":504,"column":4},"end":{"line":504,"column":16}},"166":{"start":{"line":506,"column":4},"end":{"line":506,"column":71}},"167":{"start":{"line":507,"column":4},"end":{"line":507,"column":16}},"168":{"start":{"line":511,"column":0},"end":{"line":511,"column":62}}},"fnMap":{"0":{"name":"runSeeding","decl":{"start":{"line":14,"column":15},"end":{"line":14,"column":25}},"loc":{"start":{"line":14,"column":28},"end":{"line":460,"column":1}},"line":14},"1":{"name":"(anonymous_1)","decl":{"start":{"line":92,"column":55},"end":{"line":92,"column":56}},"loc":{"start":{"line":92,"column":65},"end":{"line":128,"column":3}},"line":92},"2":{"name":"(anonymous_2)","decl":{"start":{"line":241,"column":15},"end":{"line":241,"column":16}},"loc":{"start":{"line":241,"column":27},"end":{"line":250,"column":3}},"line":241},"3":{"name":"(anonymous_3)","decl":{"start":{"line":388,"column":51},"end":{"line":388,"column":52}},"loc":{"start":{"line":388,"column":61},"end":{"line":402,"column":3}},"line":388},"4":{"name":"seedEnterpriseData","decl":{"start":{"line":465,"column":15},"end":{"line":465,"column":33}},"loc":{"start":{"line":465,"column":36},"end":{"line":479,"column":1}},"line":465},"5":{"name":"resetAndSeedDatabase","decl":{"start":{"line":484,"column":15},"end":{"line":484,"column":35}},"loc":{"start":{"line":484,"column":38},"end":{"line":509,"column":1}},"line":484},"6":{"name":"(anonymous_6)","decl":{"start":{"line":489,"column":65},"end":{"line":489,"column":66}},"loc":{"start":{"line":489,"column":71},"end":{"line":489,"column":73}},"line":489},"7":{"name":"(anonymous_7)","decl":{"start":{"line":490,"column":66},"end":{"line":490,"column":67}},"loc":{"start":{"line":490,"column":72},"end":{"line":490,"column":74}},"line":490},"8":{"name":"(anonymous_8)","decl":{"start":{"line":491,"column":61},"end":{"line":491,"column":62}},"loc":{"start":{"line":491,"column":67},"end":{"line":491,"column":69}},"line":491},"9":{"name":"(anonymous_9)","decl":{"start":{"line":492,"column":69},"end":{"line":492,"column":70}},"loc":{"start":{"line":492,"column":75},"end":{"line":492,"column":77}},"line":492},"10":{"name":"(anonymous_10)","decl":{"start":{"line":493,"column":71},"end":{"line":493,"column":72}},"loc":{"start":{"line":493,"column":77},"end":{"line":493,"column":79}},"line":493},"11":{"name":"(anonymous_11)","decl":{"start":{"line":494,"column":68},"end":{"line":494,"column":69}},"loc":{"start":{"line":494,"column":74},"end":{"line":494,"column":76}},"line":494},"12":{"name":"(anonymous_12)","decl":{"start":{"line":495,"column":58},"end":{"line":495,"column":59}},"loc":{"start":{"line":495,"column":64},"end":{"line":495,"column":66}},"line":495},"13":{"name":"(anonymous_13)","decl":{"start":{"line":496,"column":61},"end":{"line":496,"column":62}},"loc":{"start":{"line":496,"column":67},"end":{"line":496,"column":69}},"line":496},"14":{"name":"(anonymous_14)","decl":{"start":{"line":497,"column":59},"end":{"line":497,"column":60}},"loc":{"start":{"line":497,"column":65},"end":{"line":497,"column":67}},"line":497},"15":{"name":"(anonymous_15)","decl":{"start":{"line":498,"column":66},"end":{"line":498,"column":67}},"loc":{"start":{"line":498,"column":72},"end":{"line":498,"column":74}},"line":498},"16":{"name":"(anonymous_16)","decl":{"start":{"line":499,"column":63},"end":{"line":499,"column":64}},"loc":{"start":{"line":499,"column":69},"end":{"line":499,"column":71}},"line":499}},"branchMap":{"0":{"loc":{"start":{"line":17,"column":18},"end":{"line":17,"column":46}},"type":"cond-expr","locations":[{"start":{"line":17,"column":30},"end":{"line":17,"column":42}},{"start":{"line":17,"column":45},"end":{"line":17,"column":46}}],"line":17},"1":{"loc":{"start":{"line":194,"column":4},"end":{"line":196,"column":46}},"type":"if","locations":[{"start":{"line":194,"column":4},"end":{"line":196,"column":46}},{"start":{"line":195,"column":9},"end":{"line":196,"column":46}}],"line":194},"2":{"loc":{"start":{"line":195,"column":9},"end":{"line":196,"column":46}},"type":"if","locations":[{"start":{"line":195,"column":9},"end":{"line":196,"column":46}},{"start":{"line":196,"column":9},"end":{"line":196,"column":46}}],"line":195},"3":{"loc":{"start":{"line":196,"column":9},"end":{"line":196,"column":46}},"type":"if","locations":[{"start":{"line":196,"column":9},"end":{"line":196,"column":46}},{"start":{},"end":{}}],"line":196},"4":{"loc":{"start":{"line":199,"column":16},"end":{"line":199,"column":78}},"type":"cond-expr","locations":[{"start":{"line":199,"column":40},"end":{"line":199,"column":71}},{"start":{"line":199,"column":74},"end":{"line":199,"column":78}}],"line":199},"5":{"loc":{"start":{"line":203,"column":20},"end":{"line":203,"column":72}},"type":"cond-expr","locations":[{"start":{"line":203,"column":44},"end":{"line":203,"column":48}},{"start":{"line":203,"column":52},"end":{"line":203,"column":71}}],"line":203},"6":{"loc":{"start":{"line":227,"column":20},"end":{"line":227,"column":39}},"type":"cond-expr","locations":[{"start":{"line":227,"column":26},"end":{"line":227,"column":32}},{"start":{"line":227,"column":35},"end":{"line":227,"column":39}}],"line":227},"7":{"loc":{"start":{"line":245,"column":29},"end":{"line":245,"column":66}},"type":"binary-expr","locations":[{"start":{"line":245,"column":29},"end":{"line":245,"column":48}},{"start":{"line":245,"column":52},"end":{"line":245,"column":66}}],"line":245},"8":{"loc":{"start":{"line":279,"column":4},"end":{"line":294,"column":5}},"type":"if","locations":[{"start":{"line":279,"column":4},"end":{"line":294,"column":5}},{"start":{},"end":{}}],"line":279},"9":{"loc":{"start":{"line":299,"column":2},"end":{"line":321,"column":3}},"type":"if","locations":[{"start":{"line":299,"column":2},"end":{"line":321,"column":3}},{"start":{},"end":{}}],"line":299},"10":{"loc":{"start":{"line":344,"column":19},"end":{"line":344,"column":85}},"type":"cond-expr","locations":[{"start":{"line":344,"column":33},"end":{"line":344,"column":39}},{"start":{"line":344,"column":43},"end":{"line":344,"column":84}}],"line":344},"11":{"loc":{"start":{"line":344,"column":43},"end":{"line":344,"column":84}},"type":"cond-expr","locations":[{"start":{"line":344,"column":57},"end":{"line":344,"column":70}},{"start":{"line":344,"column":73},"end":{"line":344,"column":84}}],"line":344},"12":{"loc":{"start":{"line":346,"column":24},"end":{"line":346,"column":113}},"type":"cond-expr","locations":[{"start":{"line":346,"column":49},"end":{"line":346,"column":106}},{"start":{"line":346,"column":109},"end":{"line":346,"column":113}}],"line":346},"13":{"loc":{"start":{"line":357,"column":18},"end":{"line":357,"column":82}},"type":"cond-expr","locations":[{"start":{"line":357,"column":43},"end":{"line":357,"column":75}},{"start":{"line":357,"column":78},"end":{"line":357,"column":82}}],"line":357},"14":{"loc":{"start":{"line":468,"column":4},"end":{"line":471,"column":5}},"type":"if","locations":[{"start":{"line":468,"column":4},"end":{"line":471,"column":5}},{"start":{},"end":{}}],"line":468}},"s":{"0":2,"1":2,"2":2,"3":2,"4":0,"5":0,"6":0,"7":0,"8":0,"9":0,"10":0,"11":0,"12":0,"13":0,"14":0,"15":0,"16":0,"17":0,"18":0,"19":0,"20":0,"21":0,"22":0,"23":0,"24":0,"25":0,"26":0,"27":0,"28":0,"29":0,"30":0,"31":0,"32":0,"33":0,"34":0,"35":0,"36":0,"37":0,"38":0,"39":0,"40":0,"41":0,"42":0,"43":0,"44":0,"45":0,"46":0,"47":0,"48":0,"49":0,"50":0,"51":0,"52":0,"53":0,"54":0,"55":0,"56":0,"57":0,"58":0,"59":0,"60":0,"61":0,"62":0,"63":0,"64":0,"65":0,"66":0,"67":0,"68":0,"69":0,"70":0,"71":0,"72":0,"73":0,"74":0,"75":0,"76":0,"77":0,"78":0,"79":0,"80":0,"81":0,"82":0,"83":0,"84":0,"85":0,"86":0,"87":0,"88":0,"89":0,"90":0,"91":0,"92":0,"93":0,"94":0,"95":0,"96":0,"97":0,"98":0,"99":0,"100":0,"101":0,"102":0,"103":0,"104":0,"105":0,"106":0,"107":0,"108":0,"109":0,"110":0,"111":0,"112":0,"113":0,"114":0,"115":0,"116":0,"117":0,"118":0,"119":0,"120":0,"121":0,"122":0,"123":0,"124":0,"125":0,"126":0,"127":0,"128":0,"129":0,"130":0,"131":0,"132":0,"133":0,"134":0,"135":0,"136":0,"137":0,"138":0,"139":0,"140":0,"141":0,"142":0,"143":0,"144":0,"145":0,"146":0,"147":0,"148":0,"149":0,"150":0,"151":0,"152":0,"153":0,"154":0,"155":0,"156":0,"157":0,"158":0,"159":0,"160":0,"161":0,"162":0,"163":0,"164":0,"165":0,"166":0,"167":0,"168":2},"f":{"0":0,"1":0,"2":0,"3":0,"4":0,"5":0,"6":0,"7":0,"8":0,"9":0,"10":0,"11":0,"12":0,"13":0,"14":0,"15":0,"16":0},"b":{"0":[0,0],"1":[0,0],"2":[0,0],"3":[0,0],"4":[0,0],"5":[0,0],"6":[0,0],"7":[0,0],"8":[0,0],"9":[0,0],"10":[0,0],"11":[0,0],"12":[0,0],"13":[0,0],"14":[0,0]},"_coverageSchema":"1a1c01bbd47fc00a2c39e90264f33305004495a9","hash":"fc6f459081cb37649f42c83cd657fc170789e8d7"}
,"C:\\Users\\debas\\Desktop\\Asset Management System\\Asset-Management-System\\backend-node\\src\\config\\swagger.js": {"path":"C:\\Users\\debas\\Desktop\\Asset Management System\\Asset-Management-System\\backend-node\\src\\config\\swagger.js","statementMap":{"0":{"start":{"line":1,"column":21},"end":{"line":1,"column":45}},"1":{"start":{"line":2,"column":18},"end":{"line":2,"column":47}},"2":{"start":{"line":3,"column":15},"end":{"line":3,"column":31}},"3":{"start":{"line":5,"column":16},"end":{"line":28,"column":1}},"4":{"start":{"line":30,"column":20},"end":{"line":30,"column":41}},"5":{"start":{"line":32,"column":0},"end":{"line":32,"column":44}}},"fnMap":{},"branchMap":{},"s":{"0":2,"1":2,"2":2,"3":2,"4":2,"5":2},"f":{},"b":{},"_coverageSchema":"1a1c01bbd47fc00a2c39e90264f33305004495a9","hash":"b694ee96225755436096a6240b2acf656a008f68"}
,"C:\\Users\\debas\\Desktop\\Asset Management System\\Asset-Management-System\\backend-node\\src\\middleware\\auth.js": {"path":"C:\\Users\\debas\\Desktop\\Asset Management System\\Asset-Management-System\\backend-node\\src\\middleware\\auth.js","statementMap":{"0":{"start":{"line":1,"column":24},"end":{"line":1,"column":52}},"1":{"start":{"line":2,"column":24},"end":{"line":2,"column":55}},"2":{"start":{"line":3,"column":23},"end":{"line":3,"column":43}},"3":{"start":{"line":4,"column":15},"end":{"line":4,"column":41}},"4":{"start":{"line":11,"column":2},"end":{"line":53,"column":3}},"5":{"start":{"line":12,"column":23},"end":{"line":12,"column":48}},"6":{"start":{"line":13,"column":4},"end":{"line":15,"column":5}},"7":{"start":{"line":14,"column":6},"end":{"line":14,"column":94}},"8":{"start":{"line":17,"column":18},"end":{"line":17,"column":41}},"9":{"start":{"line":18,"column":20},"end":{"line":18,"column":38}},"10":{"start":{"line":21,"column":17},"end":{"line":23,"column":6}},"11":{"start":{"line":25,"column":4},"end":{"line":27,"column":5}},"12":{"start":{"line":26,"column":6},"end":{"line":26,"column":76}},"13":{"start":{"line":29,"column":4},"end":{"line":31,"column":5}},"14":{"start":{"line":30,"column":6},"end":{"line":30,"column":108}},"15":{"start":{"line":34,"column":4},"end":{"line":41,"column":6}},"16":{"start":{"line":39,"column":46},"end":{"line":39,"column":52}},"17":{"start":{"line":43,"column":4},"end":{"line":43,"column":11}},"18":{"start":{"line":45,"column":4},"end":{"line":47,"column":5}},"19":{"start":{"line":46,"column":6},"end":{"line":46,"column":100}},"20":{"start":{"line":48,"column":4},"end":{"line":50,"column":5}},"21":{"start":{"line":49,"column":6},"end":{"line":49,"column":90}},"22":{"start":{"line":51,"column":4},"end":{"line":51,"column":48}},"23":{"start":{"line":52,"column":4},"end":{"line":52,"column":80}},"24":{"start":{"line":60,"column":21},"end":{"line":60,"column":46}},"25":{"start":{"line":61,"column":2},"end":{"line":63,"column":3}},"26":{"start":{"line":62,"column":4},"end":{"line":62,"column":18}},"27":{"start":{"line":64,"column":2},"end":{"line":64,"column":38}},"28":{"start":{"line":67,"column":0},"end":{"line":67,"column":48}}},"fnMap":{"0":{"name":"authenticate","decl":{"start":{"line":10,"column":15},"end":{"line":10,"column":27}},"loc":{"start":{"line":10,"column":44},"end":{"line":54,"column":1}},"line":10},"1":{"name":"(anonymous_1)","decl":{"start":{"line":39,"column":41},"end":{"line":39,"column":42}},"loc":{"start":{"line":39,"column":46},"end":{"line":39,"column":52}},"line":39},"2":{"name":"optionalAuth","decl":{"start":{"line":59,"column":15},"end":{"line":59,"column":27}},"loc":{"start":{"line":59,"column":44},"end":{"line":65,"column":1}},"line":59}},"branchMap":{"0":{"loc":{"start":{"line":13,"column":4},"end":{"line":15,"column":5}},"type":"if","locations":[{"start":{"line":13,"column":4},"end":{"line":15,"column":5}},{"start":{},"end":{}}],"line":13},"1":{"loc":{"start":{"line":13,"column":8},"end":{"line":13,"column":56}},"type":"binary-expr","locations":[{"start":{"line":13,"column":8},"end":{"line":13,"column":19}},{"start":{"line":13,"column":23},"end":{"line":13,"column":56}}],"line":13},"2":{"loc":{"start":{"line":25,"column":4},"end":{"line":27,"column":5}},"type":"if","locations":[{"start":{"line":25,"column":4},"end":{"line":27,"column":5}},{"start":{},"end":{}}],"line":25},"3":{"loc":{"start":{"line":29,"column":4},"end":{"line":31,"column":5}},"type":"if","locations":[{"start":{"line":29,"column":4},"end":{"line":31,"column":5}},{"start":{},"end":{}}],"line":29},"4":{"loc":{"start":{"line":39,"column":13},"end":{"line":39,"column":75}},"type":"cond-expr","locations":[{"start":{"line":39,"column":26},"end":{"line":39,"column":53}},{"start":{"line":39,"column":56},"end":{"line":39,"column":75}}],"line":39},"5":{"loc":{"start":{"line":39,"column":56},"end":{"line":39,"column":75}},"type":"binary-expr","locations":[{"start":{"line":39,"column":56},"end":{"line":39,"column":69}},{"start":{"line":39,"column":73},"end":{"line":39,"column":75}}],"line":39},"6":{"loc":{"start":{"line":45,"column":4},"end":{"line":47,"column":5}},"type":"if","locations":[{"start":{"line":45,"column":4},"end":{"line":47,"column":5}},{"start":{},"end":{}}],"line":45},"7":{"loc":{"start":{"line":48,"column":4},"end":{"line":50,"column":5}},"type":"if","locations":[{"start":{"line":48,"column":4},"end":{"line":50,"column":5}},{"start":{},"end":{}}],"line":48},"8":{"loc":{"start":{"line":61,"column":2},"end":{"line":63,"column":3}},"type":"if","locations":[{"start":{"line":61,"column":2},"end":{"line":63,"column":3}},{"start":{},"end":{}}],"line":61},"9":{"loc":{"start":{"line":61,"column":6},"end":{"line":61,"column":54}},"type":"binary-expr","locations":[{"start":{"line":61,"column":6},"end":{"line":61,"column":17}},{"start":{"line":61,"column":21},"end":{"line":61,"column":54}}],"line":61}},"s":{"0":2,"1":2,"2":2,"3":2,"4":1,"5":1,"6":1,"7":0,"8":1,"9":1,"10":1,"11":1,"12":0,"13":1,"14":0,"15":1,"16":2,"17":1,"18":0,"19":0,"20":0,"21":0,"22":0,"23":0,"24":0,"25":0,"26":0,"27":0,"28":2},"f":{"0":1,"1":2,"2":0},"b":{"0":[0,1],"1":[1,1],"2":[0,1],"3":[0,1],"4":[1,0],"5":[0,0],"6":[0,0],"7":[0,0],"8":[0,0],"9":[0,0]},"_coverageSchema":"1a1c01bbd47fc00a2c39e90264f33305004495a9","hash":"cb031495bb89747f766454d3185227b6bdf58661"}
,"C:\\Users\\debas\\Desktop\\Asset Management System\\Asset-Management-System\\backend-node\\src\\middleware\\encrypt.js": {"path":"C:\\Users\\debas\\Desktop\\Asset Management System\\Asset-Management-System\\backend-node\\src\\middleware\\encrypt.js","statementMap":{"0":{"start":{"line":1,"column":43},"end":{"line":1,"column":78}},"1":{"start":{"line":2,"column":15},"end":{"line":2,"column":41}},"2":{"start":{"line":20,"column":2},"end":{"line":22,"column":3}},"3":{"start":{"line":21,"column":4},"end":{"line":21,"column":18}},"4":{"start":{"line":24,"column":2},"end":{"line":37,"column":3}},"5":{"start":{"line":25,"column":4},"end":{"line":28,"column":5}},"6":{"start":{"line":26,"column":6},"end":{"line":26,"column":42}},"7":{"start":{"line":27,"column":6},"end":{"line":27,"column":58}},"8":{"start":{"line":29,"column":4},"end":{"line":29,"column":11}},"9":{"start":{"line":31,"column":4},"end":{"line":31,"column":59}},"10":{"start":{"line":32,"column":4},"end":{"line":36,"column":7}},"11":{"start":{"line":46,"column":2},"end":{"line":48,"column":3}},"12":{"start":{"line":47,"column":4},"end":{"line":47,"column":18}},"13":{"start":{"line":50,"column":23},"end":{"line":50,"column":41}},"14":{"start":{"line":52,"column":2},"end":{"line":61,"column":4}},"15":{"start":{"line":53,"column":4},"end":{"line":60,"column":5}},"16":{"start":{"line":54,"column":24},"end":{"line":54,"column":44}},"17":{"start":{"line":55,"column":6},"end":{"line":55,"column":43}},"18":{"start":{"line":56,"column":6},"end":{"line":56,"column":37}},"19":{"start":{"line":58,"column":6},"end":{"line":58,"column":63}},"20":{"start":{"line":59,"column":6},"end":{"line":59,"column":32}},"21":{"start":{"line":63,"column":2},"end":{"line":63,"column":9}},"22":{"start":{"line":70,"column":2},"end":{"line":72,"column":5}},"23":{"start":{"line":71,"column":4},"end":{"line":71,"column":36}},"24":{"start":{"line":75,"column":0},"end":{"line":75,"column":68}}},"fnMap":{"0":{"name":"decryptRequest","decl":{"start":{"line":19,"column":9},"end":{"line":19,"column":23}},"loc":{"start":{"line":19,"column":40},"end":{"line":38,"column":1}},"line":19},"1":{"name":"encryptResponse","decl":{"start":{"line":45,"column":9},"end":{"line":45,"column":24}},"loc":{"start":{"line":45,"column":41},"end":{"line":64,"column":1}},"line":45},"2":{"name":"(anonymous_2)","decl":{"start":{"line":52,"column":13},"end":{"line":52,"column":14}},"loc":{"start":{"line":52,"column":29},"end":{"line":61,"column":3}},"line":52},"3":{"name":"e2eEncryption","decl":{"start":{"line":69,"column":9},"end":{"line":69,"column":22}},"loc":{"start":{"line":69,"column":39},"end":{"line":73,"column":1}},"line":69},"4":{"name":"(anonymous_4)","decl":{"start":{"line":70,"column":27},"end":{"line":70,"column":28}},"loc":{"start":{"line":70,"column":33},"end":{"line":72,"column":3}},"line":70}},"branchMap":{"0":{"loc":{"start":{"line":20,"column":2},"end":{"line":22,"column":3}},"type":"if","locations":[{"start":{"line":20,"column":2},"end":{"line":22,"column":3}},{"start":{},"end":{}}],"line":20},"1":{"loc":{"start":{"line":25,"column":4},"end":{"line":28,"column":5}},"type":"if","locations":[{"start":{"line":25,"column":4},"end":{"line":28,"column":5}},{"start":{},"end":{}}],"line":25},"2":{"loc":{"start":{"line":25,"column":8},"end":{"line":25,"column":38}},"type":"binary-expr","locations":[{"start":{"line":25,"column":8},"end":{"line":25,"column":16}},{"start":{"line":25,"column":20},"end":{"line":25,"column":38}}],"line":25},"3":{"loc":{"start":{"line":46,"column":2},"end":{"line":48,"column":3}},"type":"if","locations":[{"start":{"line":46,"column":2},"end":{"line":48,"column":3}},{"start":{},"end":{}}],"line":46}},"s":{"0":1,"1":1,"2":4,"3":1,"4":3,"5":3,"6":3,"7":2,"8":2,"9":1,"10":1,"11":3,"12":1,"13":2,"14":2,"15":1,"16":1,"17":1,"18":1,"19":0,"20":0,"21":2,"22":1,"23":1,"24":1},"f":{"0":4,"1":3,"2":1,"3":1,"4":1},"b":{"0":[1,3],"1":[3,0],"2":[3,3],"3":[1,2]},"_coverageSchema":"1a1c01bbd47fc00a2c39e90264f33305004495a9","hash":"e8970bea314abd38ca562d8542cdad9066c24ae2"}
,"C:\\Users\\debas\\Desktop\\Asset Management System\\Asset-Management-System\\backend-node\\src\\middleware\\errorHandler.js": {"path":"C:\\Users\\debas\\Desktop\\Asset Management System\\Asset-Management-System\\backend-node\\src\\middleware\\errorHandler.js","statementMap":{"0":{"start":{"line":1,"column":24},"end":{"line":1,"column":55}},"1":{"start":{"line":2,"column":15},"end":{"line":2,"column":41}},"2":{"start":{"line":9,"column":4},"end":{"line":9,"column":19}},"3":{"start":{"line":10,"column":4},"end":{"line":10,"column":33}},"4":{"start":{"line":11,"column":4},"end":{"line":11,"column":38}},"5":{"start":{"line":12,"column":4},"end":{"line":12,"column":52}},"6":{"start":{"line":18,"column":4},"end":{"line":18,"column":64}},"7":{"start":{"line":19,"column":4},"end":{"line":19,"column":29}},"8":{"start":{"line":25,"column":4},"end":{"line":25,"column":24}},"9":{"start":{"line":31,"column":4},"end":{"line":31,"column":24}},"10":{"start":{"line":37,"column":4},"end":{"line":37,"column":24}},"11":{"start":{"line":43,"column":4},"end":{"line":43,"column":24}},"12":{"start":{"line":53,"column":2},"end":{"line":57,"column":3}},"13":{"start":{"line":54,"column":19},"end":{"line":54,"column":99}},"14":{"start":{"line":54,"column":53},"end":{"line":54,"column":90}},"15":{"start":{"line":55,"column":4},"end":{"line":55,"column":52}},"16":{"start":{"line":56,"column":4},"end":{"line":56,"column":85}},"17":{"start":{"line":60,"column":2},"end":{"line":63,"column":3}},"18":{"start":{"line":61,"column":4},"end":{"line":61,"column":55}},"19":{"start":{"line":62,"column":4},"end":{"line":62,"column":94}},"20":{"start":{"line":66,"column":2},"end":{"line":69,"column":3}},"21":{"start":{"line":67,"column":4},"end":{"line":67,"column":47}},"22":{"start":{"line":68,"column":4},"end":{"line":68,"column":91}},"23":{"start":{"line":72,"column":2},"end":{"line":74,"column":3}},"24":{"start":{"line":73,"column":4},"end":{"line":73,"column":73}},"25":{"start":{"line":75,"column":2},"end":{"line":77,"column":3}},"26":{"start":{"line":76,"column":4},"end":{"line":76,"column":73}},"27":{"start":{"line":80,"column":2},"end":{"line":82,"column":3}},"28":{"start":{"line":81,"column":4},"end":{"line":81,"column":96}},"29":{"start":{"line":85,"column":2},"end":{"line":85,"column":72}},"30":{"start":{"line":86,"column":2},"end":{"line":86,"column":79}},"31":{"start":{"line":93,"column":2},"end":{"line":93,"column":99}},"32":{"start":{"line":96,"column":0},"end":{"line":105,"column":2}}},"fnMap":{"0":{"name":"(anonymous_0)","decl":{"start":{"line":8,"column":2},"end":{"line":8,"column":3}},"loc":{"start":{"line":8,"column":41},"end":{"line":13,"column":3}},"line":8},"1":{"name":"(anonymous_1)","decl":{"start":{"line":17,"column":2},"end":{"line":17,"column":3}},"loc":{"start":{"line":17,"column":38},"end":{"line":20,"column":3}},"line":17},"2":{"name":"(anonymous_2)","decl":{"start":{"line":24,"column":2},"end":{"line":24,"column":3}},"loc":{"start":{"line":24,"column":23},"end":{"line":26,"column":3}},"line":24},"3":{"name":"(anonymous_3)","decl":{"start":{"line":30,"column":2},"end":{"line":30,"column":3}},"loc":{"start":{"line":30,"column":23},"end":{"line":32,"column":3}},"line":30},"4":{"name":"(anonymous_4)","decl":{"start":{"line":36,"column":2},"end":{"line":36,"column":3}},"loc":{"start":{"line":36,"column":40},"end":{"line":38,"column":3}},"line":36},"5":{"name":"(anonymous_5)","decl":{"start":{"line":42,"column":2},"end":{"line":42,"column":3}},"loc":{"start":{"line":42,"column":41},"end":{"line":44,"column":3}},"line":42},"6":{"name":"errorHandler","decl":{"start":{"line":51,"column":9},"end":{"line":51,"column":21}},"loc":{"start":{"line":51,"column":43},"end":{"line":87,"column":1}},"line":51},"7":{"name":"(anonymous_7)","decl":{"start":{"line":54,"column":47},"end":{"line":54,"column":48}},"loc":{"start":{"line":54,"column":53},"end":{"line":54,"column":90}},"line":54},"8":{"name":"notFoundHandler","decl":{"start":{"line":92,"column":9},"end":{"line":92,"column":24}},"loc":{"start":{"line":92,"column":35},"end":{"line":94,"column":1}},"line":92}},"branchMap":{"0":{"loc":{"start":{"line":8,"column":23},"end":{"line":8,"column":39}},"type":"default-arg","locations":[{"start":{"line":8,"column":36},"end":{"line":8,"column":39}}],"line":8},"1":{"loc":{"start":{"line":36,"column":14},"end":{"line":36,"column":38}},"type":"default-arg","locations":[{"start":{"line":36,"column":24},"end":{"line":36,"column":38}}],"line":36},"2":{"loc":{"start":{"line":42,"column":14},"end":{"line":42,"column":39}},"type":"default-arg","locations":[{"start":{"line":42,"column":24},"end":{"line":42,"column":39}}],"line":42},"3":{"loc":{"start":{"line":53,"column":2},"end":{"line":57,"column":3}},"type":"if","locations":[{"start":{"line":53,"column":2},"end":{"line":57,"column":3}},{"start":{},"end":{}}],"line":53},"4":{"loc":{"start":{"line":53,"column":6},"end":{"line":53,"column":94}},"type":"binary-expr","locations":[{"start":{"line":53,"column":6},"end":{"line":53,"column":45}},{"start":{"line":53,"column":49},"end":{"line":53,"column":94}}],"line":53},"5":{"loc":{"start":{"line":54,"column":19},"end":{"line":54,"column":99}},"type":"cond-expr","locations":[{"start":{"line":54,"column":32},"end":{"line":54,"column":92}},{"start":{"line":54,"column":95},"end":{"line":54,"column":99}}],"line":54},"6":{"loc":{"start":{"line":60,"column":2},"end":{"line":63,"column":3}},"type":"if","locations":[{"start":{"line":60,"column":2},"end":{"line":63,"column":3}},{"start":{},"end":{}}],"line":60},"7":{"loc":{"start":{"line":66,"column":2},"end":{"line":69,"column":3}},"type":"if","locations":[{"start":{"line":66,"column":2},"end":{"line":69,"column":3}},{"start":{},"end":{}}],"line":66},"8":{"loc":{"start":{"line":72,"column":2},"end":{"line":74,"column":3}},"type":"if","locations":[{"start":{"line":72,"column":2},"end":{"line":74,"column":3}},{"start":{},"end":{}}],"line":72},"9":{"loc":{"start":{"line":75,"column":2},"end":{"line":77,"column":3}},"type":"if","locations":[{"start":{"line":75,"column":2},"end":{"line":77,"column":3}},{"start":{},"end":{}}],"line":75},"10":{"loc":{"start":{"line":80,"column":2},"end":{"line":82,"column":3}},"type":"if","locations":[{"start":{"line":80,"column":2},"end":{"line":82,"column":3}},{"start":{},"end":{}}],"line":80}},"s":{"0":2,"1":2,"2":0,"3":0,"4":0,"5":0,"6":0,"7":0,"8":0,"9":0,"10":0,"11":0,"12":0,"13":0,"14":0,"15":0,"16":0,"17":0,"18":0,"19":0,"20":0,"21":0,"22":0,"23":0,"24":0,"25":0,"26":0,"27":0,"28":0,"29":0,"30":0,"31":1,"32":2},"f":{"0":0,"1":0,"2":0,"3":0,"4":0,"5":0,"6":0,"7":0,"8":1},"b":{"0":[0],"1":[0],"2":[0],"3":[0,0],"4":[0,0],"5":[0,0],"6":[0,0],"7":[0,0],"8":[0,0],"9":[0,0],"10":[0,0]},"_coverageSchema":"1a1c01bbd47fc00a2c39e90264f33305004495a9","hash":"bd860891e295290f23f03f2f58d24b4c075d6032"}
,"C:\\Users\\debas\\Desktop\\Asset Management System\\Asset-Management-System\\backend-node\\src\\middleware\\rateLimiter.js": {"path":"C:\\Users\\debas\\Desktop\\Asset Management System\\Asset-Management-System\\backend-node\\src\\middleware\\rateLimiter.js","statementMap":{"0":{"start":{"line":1,"column":19},"end":{"line":1,"column":28}},"1":{"start":{"line":8,"column":17},"end":{"line":8,"column":39}},"2":{"start":{"line":9,"column":14},"end":{"line":9,"column":24}},"3":{"start":{"line":10,"column":19},"end":{"line":10,"column":28}},"4":{"start":{"line":11,"column":22},"end":{"line":11,"column":24}},"5":{"start":{"line":13,"column":2},"end":{"line":15,"column":3}},"6":{"start":{"line":14,"column":4},"end":{"line":14,"column":31}},"7":{"start":{"line":18,"column":19},"end":{"line":18,"column":89}},"8":{"start":{"line":18,"column":62},"end":{"line":18,"column":88}},"9":{"start":{"line":19,"column":2},"end":{"line":19,"column":21}},"10":{"start":{"line":20,"column":2},"end":{"line":20,"column":35}},"11":{"start":{"line":22,"column":2},"end":{"line":27,"column":3}},"12":{"start":{"line":23,"column":4},"end":{"line":26,"column":7}},"13":{"start":{"line":29,"column":2},"end":{"line":29,"column":9}},"14":{"start":{"line":32,"column":0},"end":{"line":32,"column":35}}},"fnMap":{"0":{"name":"aiRateLimiter","decl":{"start":{"line":7,"column":9},"end":{"line":7,"column":22}},"loc":{"start":{"line":7,"column":39},"end":{"line":30,"column":1}},"line":7},"1":{"name":"(anonymous_1)","decl":{"start":{"line":18,"column":49},"end":{"line":18,"column":50}},"loc":{"start":{"line":18,"column":62},"end":{"line":18,"column":88}},"line":18}},"branchMap":{"0":{"loc":{"start":{"line":8,"column":17},"end":{"line":8,"column":39}},"type":"binary-expr","locations":[{"start":{"line":8,"column":17},"end":{"line":8,"column":29}},{"start":{"line":8,"column":33},"end":{"line":8,"column":39}}],"line":8},"1":{"loc":{"start":{"line":13,"column":2},"end":{"line":15,"column":3}},"type":"if","locations":[{"start":{"line":13,"column":2},"end":{"line":15,"column":3}},{"start":{},"end":{}}],"line":13},"2":{"loc":{"start":{"line":22,"column":2},"end":{"line":27,"column":3}},"type":"if","locations":[{"start":{"line":22,"column":2},"end":{"line":27,"column":3}},{"start":{},"end":{}}],"line":22}},"s":{"0":3,"1":34,"2":34,"3":34,"4":34,"5":34,"6":4,"7":34,"8":240,"9":34,"10":34,"11":34,"12":1,"13":33,"14":3},"f":{"0":34,"1":240},"b":{"0":[34,1],"1":[4,30],"2":[1,33]},"_coverageSchema":"1a1c01bbd47fc00a2c39e90264f33305004495a9","hash":"5b72a54c3423cebdd5d29c4ae687a6d7db5f02d3"}
,"C:\\Users\\debas\\Desktop\\Asset Management System\\Asset-Management-System\\backend-node\\src\\middleware\\rbac.js": {"path":"C:\\Users\\debas\\Desktop\\Asset Management System\\Asset-Management-System\\backend-node\\src\\middleware\\rbac.js","statementMap":{"0":{"start":{"line":1,"column":24},"end":{"line":1,"column":55}},"1":{"start":{"line":10,"column":2},"end":{"line":25,"column":4}},"2":{"start":{"line":11,"column":4},"end":{"line":13,"column":5}},"3":{"start":{"line":12,"column":6},"end":{"line":12,"column":85}},"4":{"start":{"line":15,"column":22},"end":{"line":15,"column":42}},"5":{"start":{"line":16,"column":20},"end":{"line":16,"column":64}},"6":{"start":{"line":16,"column":39},"end":{"line":16,"column":63}},"7":{"start":{"line":18,"column":4},"end":{"line":22,"column":5}},"8":{"start":{"line":19,"column":6},"end":{"line":21,"column":8}},"9":{"start":{"line":24,"column":4},"end":{"line":24,"column":11}},"10":{"start":{"line":31,"column":21},"end":{"line":31,"column":67}},"11":{"start":{"line":36,"column":26},"end":{"line":36,"column":58}},"12":{"start":{"line":38,"column":0},"end":{"line":38,"column":67}}},"fnMap":{"0":{"name":"requireRoles","decl":{"start":{"line":9,"column":9},"end":{"line":9,"column":21}},"loc":{"start":{"line":9,"column":32},"end":{"line":26,"column":1}},"line":9},"1":{"name":"(anonymous_1)","decl":{"start":{"line":10,"column":9},"end":{"line":10,"column":10}},"loc":{"start":{"line":10,"column":29},"end":{"line":25,"column":3}},"line":10},"2":{"name":"(anonymous_2)","decl":{"start":{"line":16,"column":31},"end":{"line":16,"column":32}},"loc":{"start":{"line":16,"column":39},"end":{"line":16,"column":63}},"line":16}},"branchMap":{"0":{"loc":{"start":{"line":11,"column":4},"end":{"line":13,"column":5}},"type":"if","locations":[{"start":{"line":11,"column":4},"end":{"line":13,"column":5}},{"start":{},"end":{}}],"line":11},"1":{"loc":{"start":{"line":15,"column":22},"end":{"line":15,"column":42}},"type":"binary-expr","locations":[{"start":{"line":15,"column":22},"end":{"line":15,"column":36}},{"start":{"line":15,"column":40},"end":{"line":15,"column":42}}],"line":15},"2":{"loc":{"start":{"line":18,"column":4},"end":{"line":22,"column":5}},"type":"if","locations":[{"start":{"line":18,"column":4},"end":{"line":22,"column":5}},{"start":{},"end":{}}],"line":18}},"s":{"0":2,"1":4,"2":1,"3":0,"4":1,"5":1,"6":1,"7":1,"8":0,"9":1,"10":2,"11":2,"12":2},"f":{"0":4,"1":1,"2":1},"b":{"0":[0,1],"1":[1,0],"2":[0,1]},"_coverageSchema":"1a1c01bbd47fc00a2c39e90264f33305004495a9","hash":"f9cf91b679c16f1301b8654a60cf91fe277dd5e5"}
,"C:\\Users\\debas\\Desktop\\Asset Management System\\Asset-Management-System\\backend-node\\src\\models\\AiChatHistory.js": {"path":"C:\\Users\\debas\\Desktop\\Asset Management System\\Asset-Management-System\\backend-node\\src\\models\\AiChatHistory.js","statementMap":{"0":{"start":{"line":1,"column":22},"end":{"line":1,"column":42}},"1":{"start":{"line":2,"column":22},"end":{"line":2,"column":51}},"2":{"start":{"line":8,"column":22},"end":{"line":24,"column":2}},"3":{"start":{"line":26,"column":0},"end":{"line":26,"column":31}}},"fnMap":{},"branchMap":{},"s":{"0":2,"1":2,"2":2,"3":2},"f":{},"b":{},"_coverageSchema":"1a1c01bbd47fc00a2c39e90264f33305004495a9","hash":"d3e782feccb1b6f90669e80ac2f1e551c9d6adca"}
,"C:\\Users\\debas\\Desktop\\Asset Management System\\Asset-Management-System\\backend-node\\src\\models\\Asset.js": {"path":"C:\\Users\\debas\\Desktop\\Asset Management System\\Asset-Management-System\\backend-node\\src\\models\\Asset.js","statementMap":{"0":{"start":{"line":1,"column":22},"end":{"line":1,"column":42}},"1":{"start":{"line":2,"column":22},"end":{"line":2,"column":51}},"2":{"start":{"line":8,"column":14},"end":{"line":52,"column":2}},"3":{"start":{"line":54,"column":0},"end":{"line":54,"column":23}}},"fnMap":{},"branchMap":{},"s":{"0":2,"1":2,"2":2,"3":2},"f":{},"b":{},"_coverageSchema":"1a1c01bbd47fc00a2c39e90264f33305004495a9","hash":"4a48ea623f66e4dba1ead0bfbb7e71b87e23512f"}
,"C:\\Users\\debas\\Desktop\\Asset Management System\\Asset-Management-System\\backend-node\\src\\models\\AssetAllocation.js": {"path":"C:\\Users\\debas\\Desktop\\Asset Management System\\Asset-Management-System\\backend-node\\src\\models\\AssetAllocation.js","statementMap":{"0":{"start":{"line":1,"column":22},"end":{"line":1,"column":42}},"1":{"start":{"line":2,"column":22},"end":{"line":2,"column":51}},"2":{"start":{"line":4,"column":24},"end":{"line":27,"column":2}},"3":{"start":{"line":29,"column":0},"end":{"line":29,"column":33}}},"fnMap":{},"branchMap":{},"s":{"0":2,"1":2,"2":2,"3":2},"f":{},"b":{},"_coverageSchema":"1a1c01bbd47fc00a2c39e90264f33305004495a9","hash":"936a2c7405e3a81fb41c75d10087486e5a5e3264"}
,"C:\\Users\\debas\\Desktop\\Asset Management System\\Asset-Management-System\\backend-node\\src\\models\\AssetCategory.js": {"path":"C:\\Users\\debas\\Desktop\\Asset Management System\\Asset-Management-System\\backend-node\\src\\models\\AssetCategory.js","statementMap":{"0":{"start":{"line":1,"column":22},"end":{"line":1,"column":42}},"1":{"start":{"line":2,"column":22},"end":{"line":2,"column":51}},"2":{"start":{"line":4,"column":22},"end":{"line":15,"column":2}},"3":{"start":{"line":17,"column":0},"end":{"line":17,"column":31}}},"fnMap":{},"branchMap":{},"s":{"0":2,"1":2,"2":2,"3":2},"f":{},"b":{},"_coverageSchema":"1a1c01bbd47fc00a2c39e90264f33305004495a9","hash":"eca7141a4a5cbe984c6fb19fa2d136e890ea5a87"}
,"C:\\Users\\debas\\Desktop\\Asset Management System\\Asset-Management-System\\backend-node\\src\\models\\AssetDocument.js": {"path":"C:\\Users\\debas\\Desktop\\Asset Management System\\Asset-Management-System\\backend-node\\src\\models\\AssetDocument.js","statementMap":{"0":{"start":{"line":1,"column":22},"end":{"line":1,"column":42}},"1":{"start":{"line":2,"column":22},"end":{"line":2,"column":51}},"2":{"start":{"line":4,"column":22},"end":{"line":20,"column":2}},"3":{"start":{"line":22,"column":0},"end":{"line":22,"column":31}}},"fnMap":{},"branchMap":{},"s":{"0":2,"1":2,"2":2,"3":2},"f":{},"b":{},"_coverageSchema":"1a1c01bbd47fc00a2c39e90264f33305004495a9","hash":"c6d082c9fb7f221c306bc994f9206a17b6f832a7"}
,"C:\\Users\\debas\\Desktop\\Asset Management System\\Asset-Management-System\\backend-node\\src\\models\\AssetHealthScore.js": {"path":"C:\\Users\\debas\\Desktop\\Asset Management System\\Asset-Management-System\\backend-node\\src\\models\\AssetHealthScore.js","statementMap":{"0":{"start":{"line":1,"column":22},"end":{"line":1,"column":42}},"1":{"start":{"line":2,"column":22},"end":{"line":2,"column":51}},"2":{"start":{"line":4,"column":25},"end":{"line":28,"column":2}},"3":{"start":{"line":30,"column":0},"end":{"line":30,"column":34}}},"fnMap":{},"branchMap":{},"s":{"0":2,"1":2,"2":2,"3":2},"f":{},"b":{},"_coverageSchema":"1a1c01bbd47fc00a2c39e90264f33305004495a9","hash":"55613971bb610f9b3157e191095d7603f5698197"}
,"C:\\Users\\debas\\Desktop\\Asset Management System\\Asset-Management-System\\backend-node\\src\\models\\AssetMovement.js": {"path":"C:\\Users\\debas\\Desktop\\Asset Management System\\Asset-Management-System\\backend-node\\src\\models\\AssetMovement.js","statementMap":{"0":{"start":{"line":1,"column":22},"end":{"line":1,"column":42}},"1":{"start":{"line":2,"column":22},"end":{"line":2,"column":51}},"2":{"start":{"line":4,"column":22},"end":{"line":23,"column":2}},"3":{"start":{"line":25,"column":0},"end":{"line":25,"column":31}}},"fnMap":{},"branchMap":{},"s":{"0":2,"1":2,"2":2,"3":2},"f":{},"b":{},"_coverageSchema":"1a1c01bbd47fc00a2c39e90264f33305004495a9","hash":"b7af1ade5fc1862f49a0899287414083ecc2cb87"}
,"C:\\Users\\debas\\Desktop\\Asset Management System\\Asset-Management-System\\backend-node\\src\\models\\AuditLog.js": {"path":"C:\\Users\\debas\\Desktop\\Asset Management System\\Asset-Management-System\\backend-node\\src\\models\\AuditLog.js","statementMap":{"0":{"start":{"line":1,"column":22},"end":{"line":1,"column":42}},"1":{"start":{"line":2,"column":22},"end":{"line":2,"column":51}},"2":{"start":{"line":4,"column":17},"end":{"line":19,"column":2}},"3":{"start":{"line":21,"column":0},"end":{"line":21,"column":26}}},"fnMap":{},"branchMap":{},"s":{"0":2,"1":2,"2":2,"3":2},"f":{},"b":{},"_coverageSchema":"1a1c01bbd47fc00a2c39e90264f33305004495a9","hash":"725280066200cc497c837608aa05cd87febda64f"}
,"C:\\Users\\debas\\Desktop\\Asset Management System\\Asset-Management-System\\backend-node\\src\\models\\BudgetForecast.js": {"path":"C:\\Users\\debas\\Desktop\\Asset Management System\\Asset-Management-System\\backend-node\\src\\models\\BudgetForecast.js","statementMap":{"0":{"start":{"line":1,"column":22},"end":{"line":1,"column":42}},"1":{"start":{"line":2,"column":22},"end":{"line":2,"column":51}},"2":{"start":{"line":4,"column":23},"end":{"line":23,"column":2}},"3":{"start":{"line":25,"column":0},"end":{"line":25,"column":32}}},"fnMap":{},"branchMap":{},"s":{"0":2,"1":2,"2":2,"3":2},"f":{},"b":{},"_coverageSchema":"1a1c01bbd47fc00a2c39e90264f33305004495a9","hash":"e5546f3fe7220e65c563ed9555712f8e4f57ba57"}
,"C:\\Users\\debas\\Desktop\\Asset Management System\\Asset-Management-System\\backend-node\\src\\models\\Department.js": {"path":"C:\\Users\\debas\\Desktop\\Asset Management System\\Asset-Management-System\\backend-node\\src\\models\\Department.js","statementMap":{"0":{"start":{"line":1,"column":22},"end":{"line":1,"column":42}},"1":{"start":{"line":2,"column":22},"end":{"line":2,"column":51}},"2":{"start":{"line":4,"column":19},"end":{"line":15,"column":2}},"3":{"start":{"line":17,"column":0},"end":{"line":17,"column":28}}},"fnMap":{},"branchMap":{},"s":{"0":2,"1":2,"2":2,"3":2},"f":{},"b":{},"_coverageSchema":"1a1c01bbd47fc00a2c39e90264f33305004495a9","hash":"3401d7af02ee5e177b28a1312ecf1f5f2cc955e6"}
[...]
umn":28}},{"start":{"line":49,"column":32},"end":{"line":49,"column":59}}],"line":49},"6":{"loc":{"start":{"line":76,"column":2},"end":{"line":76,"column":74}},"type":"if","locations":[{"start":{"line":76,"column":2},"end":{"line":76,"column":74}},{"start":{},"end":{}}],"line":76},"7":{"loc":{"start":{"line":76,"column":6},"end":{"line":76,"column":59}},"type":"binary-expr","locations":[{"start":{"line":76,"column":6},"end":{"line":76,"column":20}},{"start":{"line":76,"column":24},"end":{"line":76,"column":43}},{"start":{"line":76,"column":47},"end":{"line":76,"column":59}}],"line":76},"8":{"loc":{"start":{"line":85,"column":2},"end":{"line":85,"column":74}},"type":"if","locations":[{"start":{"line":85,"column":2},"end":{"line":85,"column":74}},{"start":{},"end":{}}],"line":85},"9":{"loc":{"start":{"line":85,"column":6},"end":{"line":85,"column":59}},"type":"binary-expr","locations":[{"start":{"line":85,"column":6},"end":{"line":85,"column":20}},{"start":{"line":85,"column":24},"end":{"line":85,"column":43}},{"start":{"line":85,"column":47},"end":{"line":85,"column":59}}],"line":85},"10":{"loc":{"start":{"line":108,"column":2},"end":{"line":108,"column":68}},"type":"if","locations":[{"start":{"line":108,"column":2},"end":{"line":108,"column":68}},{"start":{},"end":{}}],"line":108},"11":{"loc":{"start":{"line":108,"column":6},"end":{"line":108,"column":46}},"type":"binary-expr","locations":[{"start":{"line":108,"column":6},"end":{"line":108,"column":19}},{"start":{"line":108,"column":23},"end":{"line":108,"column":46}}],"line":108}},"s":{"0":4,"1":4,"2":4,"3":4,"4":4,"5":15,"6":15,"7":0,"8":15,"9":9,"10":2,"11":7,"12":7,"13":7,"14":7,"15":7,"16":7,"17":7,"18":10,"19":2,"20":8,"21":8,"22":8,"23":8,"24":8,"25":8,"26":8,"27":6,"28":6,"29":5,"30":1,"31":2,"32":1,"33":1,"34":3,"35":1,"36":2,"37":2,"38":1,"39":4,"40":4,"41":4,"42":6,"43":2,"44":4,"45":3,"46":7,"47":4},"f":{"0":15,"1":9,"2":10,"3":2,"4":3,"5":4,"6":6,"7":7},"b":{"0":[0,15],"1":[15,15],"2":[2,7],"3":[9,8],"4":[2,8],"5":[10,9],"6":[1,1],"7":[2,2,2],"8":[1,2],"9":[3,3,3],"10":[2,4],"11":[6,5]},"_coverageSchema":"1a1c01bbd47fc00a2c39e90264f33305004495a9","hash":"a310b793b683d80d761ea254a994a4c6191020ff"}
,"C:\\Users\\debas\\Desktop\\Asset Management System\\Asset-Management-System\\backend-node\\src\\utils\\healthScoreCalculator.js": {"path":"C:\\Users\\debas\\Desktop\\Asset Management System\\Asset-Management-System\\backend-node\\src\\utils\\healthScoreCalculator.js","statementMap":{"0":{"start":{"line":18,"column":2},"end":{"line":18,"column":38}},"1":{"start":{"line":18,"column":19},"end":{"line":18,"column":38}},"2":{"start":{"line":19,"column":2},"end":{"line":19,"column":33}},"3":{"start":{"line":19,"column":19},"end":{"line":19,"column":33}},"4":{"start":{"line":20,"column":2},"end":{"line":20,"column":36}},"5":{"start":{"line":20,"column":19},"end":{"line":20,"column":36}},"6":{"start":{"line":21,"column":2},"end":{"line":21,"column":33}},"7":{"start":{"line":21,"column":19},"end":{"line":21,"column":33}},"8":{"start":{"line":22,"column":2},"end":{"line":22,"column":20}},"9":{"start":{"line":29,"column":2},"end":{"line":29,"column":32}},"10":{"start":{"line":29,"column":19},"end":{"line":29,"column":32}},"11":{"start":{"line":30,"column":2},"end":{"line":30,"column":35}},"12":{"start":{"line":30,"column":19},"end":{"line":30,"column":35}},"13":{"start":{"line":31,"column":2},"end":{"line":31,"column":16}},"14":{"start":{"line":47,"column":15},"end":{"line":47,"column":40}},"15":{"start":{"line":50,"column":17},"end":{"line":50,"column":20}},"16":{"start":{"line":51,"column":2},"end":{"line":59,"column":3}},"17":{"start":{"line":52,"column":22},"end":{"line":52,"column":90}},"18":{"start":{"line":53,"column":4},"end":{"line":58,"column":5}},"19":{"start":{"line":54,"column":24},"end":{"line":54,"column":52}},"20":{"start":{"line":55,"column":27},"end":{"line":55,"column":63}},"21":{"start":{"line":56,"column":23},"end":{"line":56,"column":57}},"22":{"start":{"line":57,"column":6},"end":{"line":57,"column":63}},"23":{"start":{"line":63,"column":17},"end":{"line":63,"column":48}},"24":{"start":{"line":64,"column":25},"end":{"line":64,"column":28}},"25":{"start":{"line":65,"column":2},"end":{"line":67,"column":3}},"26":{"start":{"line":66,"column":4},"end":{"line":66,"column":56}},"27":{"start":{"line":71,"column":22},"end":{"line":71,"column":49}},"28":{"start":{"line":72,"column":24},"end":{"line":72,"column":53}},"29":{"start":{"line":73,"column":24},"end":{"line":73,"column":27}},"30":{"start":{"line":74,"column":2},"end":{"line":77,"column":3}},"31":{"start":{"line":75,"column":18},"end":{"line":75,"column":58}},"32":{"start":{"line":76,"column":4},"end":{"line":76,"column":55}},"33":{"start":{"line":81,"column":19},"end":{"line":81,"column":49}},"34":{"start":{"line":82,"column":24},"end":{"line":82,"column":62}},"35":{"start":{"line":85,"column":22},"end":{"line":85,"column":24}},"36":{"start":{"line":86,"column":2},"end":{"line":96,"column":3}},"37":{"start":{"line":87,"column":20},"end":{"line":87,"column":94}},"38":{"start":{"line":88,"column":4},"end":{"line":95,"column":5}},"39":{"start":{"line":89,"column":23},"end":{"line":89,"column":69}},"40":{"start":{"line":90,"column":6},"end":{"line":94,"column":29}},"41":{"start":{"line":90,"column":26},"end":{"line":90,"column":46}},"42":{"start":{"line":91,"column":11},"end":{"line":94,"column":29}},"43":{"start":{"line":91,"column":31},"end":{"line":91,"column":50}},"44":{"start":{"line":92,"column":11},"end":{"line":94,"column":29}},"45":{"start":{"line":92,"column":31},"end":{"line":92,"column":50}},"46":{"start":{"line":93,"column":11},"end":{"line":94,"column":29}},"47":{"start":{"line":93,"column":31},"end":{"line":93,"column":50}},"48":{"start":{"line":94,"column":11},"end":{"line":94,"column":29}},"49":{"start":{"line":100,"column":4},"end":{"line":104,"column":26}},"50":{"start":{"line":106,"column":21},"end":{"line":106,"column":83}},"51":{"start":{"line":109,"column":20},"end":{"line":109,"column":61}},"52":{"start":{"line":111,"column":2},"end":{"line":121,"column":4}},"53":{"start":{"line":124,"column":0},"end":{"line":124,"column":61}}},"fnMap":{"0":{"name":"getHealthLevel","decl":{"start":{"line":17,"column":9},"end":{"line":17,"column":23}},"loc":{"start":{"line":17,"column":31},"end":{"line":23,"column":1}},"line":17},"1":{"name":"getRiskLevel","decl":{"start":{"line":28,"column":9},"end":{"line":28,"column":21}},"loc":{"start":{"line":28,"column":29},"end":{"line":32,"column":1}},"line":28},"2":{"name":"calculate","decl":{"start":{"line":46,"column":9},"end":{"line":46,"column":18}},"loc":{"start":{"line":46,"column":120},"end":{"line":122,"column":1}},"line":46}},"branchMap":{"0":{"loc":{"start":{"line":18,"column":2},"end":{"line":18,"column":38}},"type":"if","locations":[{"start":{"line":18,"column":2},"end":{"line":18,"column":38}},{"start":{},"end":{}}],"line":18},"1":{"loc":{"start":{"line":19,"column":2},"end":{"line":19,"column":33}},"type":"if","locations":[{"start":{"line":19,"column":2},"end":{"line":19,"column":33}},{"start":{},"end":{}}],"line":19},"2":{"loc":{"start":{"line":20,"column":2},"end":{"line":20,"column":36}},"type":"if","locations":[{"start":{"line":20,"column":2},"end":{"line":20,"column":36}},{"start":{},"end":{}}],"line":20},"3":{"loc":{"start":{"line":21,"column":2},"end":{"line":21,"column":33}},"type":"if","locations":[{"start":{"line":21,"column":2},"end":{"line":21,"column":33}},{"start":{},"end":{}}],"line":21},"4":{"loc":{"start":{"line":29,"column":2},"end":{"line":29,"column":32}},"type":"if","locations":[{"start":{"line":29,"column":2},"end":{"line":29,"column":32}},{"start":{},"end":{}}],"line":29},"5":{"loc":{"start":{"line":30,"column":2},"end":{"line":30,"column":35}},"type":"if","locations":[{"start":{"line":30,"column":2},"end":{"line":30,"column":35}},{"start":{},"end":{}}],"line":30},"6":{"loc":{"start":{"line":47,"column":15},"end":{"line":47,"column":40}},"type":"binary-expr","locations":[{"start":{"line":47,"column":15},"end":{"line":47,"column":35}},{"start":{"line":47,"column":39},"end":{"line":47,"column":40}}],"line":47},"7":{"loc":{"start":{"line":51,"column":2},"end":{"line":59,"column":3}},"type":"if","locations":[{"start":{"line":51,"column":2},"end":{"line":59,"column":3}},{"start":{},"end":{}}],"line":51},"8":{"loc":{"start":{"line":52,"column":22},"end":{"line":52,"column":90}},"type":"cond-expr","locations":[{"start":{"line":52,"column":53},"end":{"line":52,"column":65}},{"start":{"line":52,"column":68},"end":{"line":52,"column":90}}],"line":52},"9":{"loc":{"start":{"line":53,"column":4},"end":{"line":58,"column":5}},"type":"if","locations":[{"start":{"line":53,"column":4},"end":{"line":58,"column":5}},{"start":{},"end":{}}],"line":53},"10":{"loc":{"start":{"line":63,"column":17},"end":{"line":63,"column":48}},"type":"binary-expr","locations":[{"start":{"line":63,"column":17},"end":{"line":63,"column":43}},{"start":{"line":63,"column":47},"end":{"line":63,"column":48}}],"line":63},"11":{"loc":{"start":{"line":65,"column":2},"end":{"line":67,"column":3}},"type":"if","locations":[{"start":{"line":65,"column":2},"end":{"line":67,"column":3}},{"start":{},"end":{}}],"line":65},"12":{"loc":{"start":{"line":71,"column":22},"end":{"line":71,"column":49}},"type":"binary-expr","locations":[{"start":{"line":71,"column":22},"end":{"line":71,"column":44}},{"start":{"line":71,"column":48},"end":{"line":71,"column":49}}],"line":71},"13":{"loc":{"start":{"line":72,"column":24},"end":{"line":72,"column":53}},"type":"binary-expr","locations":[{"start":{"line":72,"column":24},"end":{"line":72,"column":48}},{"start":{"line":72,"column":52},"end":{"line":72,"column":53}}],"line":72},"14":{"loc":{"start":{"line":74,"column":2},"end":{"line":77,"column":3}},"type":"if","locations":[{"start":{"line":74,"column":2},"end":{"line":77,"column":3}},{"start":{},"end":{}}],"line":74},"15":{"loc":{"start":{"line":74,"column":6},"end":{"line":74,"column":42}},"type":"binary-expr","locations":[{"start":{"line":74,"column":6},"end":{"line":74,"column":21}},{"start":{"line":74,"column":25},"end":{"line":74,"column":42}}],"line":74},"16":{"loc":{"start":{"line":81,"column":19},"end":{"line":81,"column":49}},"type":"binary-expr","locations":[{"start":{"line":81,"column":19},"end":{"line":81,"column":44}},{"start":{"line":81,"column":48},"end":{"line":81,"column":49}}],"line":81},"17":{"loc":{"start":{"line":86,"column":2},"end":{"line":96,"column":3}},"type":"if","locations":[{"start":{"line":86,"column":2},"end":{"line":96,"column":3}},{"start":{},"end":{}}],"line":86},"18":{"loc":{"start":{"line":87,"column":20},"end":{"line":87,"column":94}},"type":"cond-expr","locations":[{"start":{"line":87,"column":53},"end":{"line":87,"column":67}},{"start":{"line":87,"column":70},"end":{"line":87,"column":94}}],"line":87},"19":{"loc":{"start":{"line":88,"column":4},"end":{"line":95,"column":5}},"type":"if","locations":[{"start":{"line":88,"column":4},"end":{"line":95,"column":5}},{"start":{},"end":{}}],"line":88},"20":{"loc":{"start":{"line":90,"column":6},"end":{"line":94,"column":29}},"type":"if","locations":[{"start":{"line":90,"column":6},"end":{"line":94,"column":29}},{"start":{"line":91,"column":11},"end":{"line":94,"column":29}}],"line":90},"21":{"loc":{"start":{"line":91,"column":11},"end":{"line":94,"column":29}},"type":"if","locations":[{"start":{"line":91,"column":11},"end":{"line":94,"column":29}},{"start":{"line":92,"column":11},"end":{"line":94,"column":29}}],"line":91},"22":{"loc":{"start":{"line":92,"column":11},"end":{"line":94,"column":29}},"type":"if","locations":[{"start":{"line":92,"column":11},"end":{"line":94,"column":29}},{"start":{"line":93,"column":11},"end":{"line":94,"column":29}}],"line":92},"23":{"loc":{"start":{"line":93,"column":11},"end":{"line":94,"column":29}},"type":"if","locations":[{"start":{"line":93,"column":11},"end":{"line":94,"column":29}},{"start":{"line":94,"column":11},"end":{"line":94,"column":29}}],"line":93}},"s":{"0":1,"1":1,"2":0,"3":0,"4":0,"5":0,"6":0,"7":0,"8":0,"9":1,"10":1,"11":0,"12":0,"13":0,"14":1,"15":1,"16":1,"17":1,"18":1,"19":1,"20":1,"21":1,"22":1,"23":1,"24":1,"25":1,"26":0,"27":1,"28":1,"29":1,"30":1,"31":0,"32":0,"33":1,"34":1,"35":1,"36":1,"37":1,"38":1,"39":1,"40":1,"41":1,"42":0,"43":0,"44":0,"45":0,"46":0,"47":0,"48":0,"49":1,"50":1,"51":1,"52":1,"53":3},"f":{"0":1,"1":1,"2":1},"b":{"0":[1,0],"1":[0,0],"2":[0,0],"3":[0,0],"4":[1,0],"5":[0,0],"6":[1,0],"7":[1,0],"8":[1,0],"9":[1,0],"10":[1,1],"11":[0,1],"12":[1,1],"13":[1,0],"14":[0,1],"15":[1,0],"16":[1,1],"17":[1,0],"18":[1,0],"19":[1,0],"20":[1,0],"21":[0,0],"22":[0,0],"23":[0,0]},"_coverageSchema":"1a1c01bbd47fc00a2c39e90264f33305004495a9","hash":"846b9f52292e7799c6c4e9578c78b478d34597c4"}
,"C:\\Users\\debas\\Desktop\\Asset Management System\\Asset-Management-System\\backend-node\\src\\utils\\jwtUtils.js": {"path":"C:\\Users\\debas\\Desktop\\Asset Management System\\Asset-Management-System\\backend-node\\src\\utils\\jwtUtils.js","statementMap":{"0":{"start":{"line":1,"column":12},"end":{"line":1,"column":35}},"1":{"start":{"line":2,"column":15},"end":{"line":2,"column":39}},"2":{"start":{"line":13,"column":2},"end":{"line":16,"column":5}},"3":{"start":{"line":23,"column":2},"end":{"line":26,"column":5}},"4":{"start":{"line":34,"column":2},"end":{"line":34,"column":46}},"5":{"start":{"line":41,"column":2},"end":{"line":41,"column":27}},"6":{"start":{"line":48,"column":2},"end":{"line":53,"column":3}},"7":{"start":{"line":49,"column":4},"end":{"line":49,"column":41}},"8":{"start":{"line":50,"column":4},"end":{"line":50,"column":17}},"9":{"start":{"line":52,"column":4},"end":{"line":52,"column":44}},"10":{"start":{"line":60,"column":18},"end":{"line":60,"column":36}},"11":{"start":{"line":61,"column":2},"end":{"line":61,"column":38}},"12":{"start":{"line":68,"column":2},"end":{"line":73,"column":4}},"13":{"start":{"line":76,"column":0},"end":{"line":84,"column":2}}},"fnMap":{"0":{"name":"generateAccessToken","decl":{"start":{"line":12,"column":9},"end":{"line":12,"column":28}},"loc":{"start":{"line":12,"column":38},"end":{"line":17,"column":1}},"line":12},"1":{"name":"generateRefreshToken","decl":{"start":{"line":22,"column":9},"end":{"line":22,"column":29}},"loc":{"start":{"line":22,"column":39},"end":{"line":27,"column":1}},"line":22},"2":{"name":"verifyToken","decl":{"start":{"line":33,"column":9},"end":{"line":33,"column":20}},"loc":{"start":{"line":33,"column":28},"end":{"line":35,"column":1}},"line":33},"3":{"name":"decodeToken","decl":{"start":{"line":40,"column":9},"end":{"line":40,"column":20}},"loc":{"start":{"line":40,"column":28},"end":{"line":42,"column":1}},"line":40},"4":{"name":"isTokenExpired","decl":{"start":{"line":47,"column":9},"end":{"line":47,"column":23}},"loc":{"start":{"line":47,"column":31},"end":{"line":54,"column":1}},"line":47},"5":{"name":"extractUsername","decl":{"start":{"line":59,"column":9},"end":{"line":59,"column":24}},"loc":{"start":{"line":59,"column":32},"end":{"line":62,"column":1}},"line":59},"6":{"name":"buildClaims","decl":{"start":{"line":67,"column":9},"end":{"line":67,"column":20}},"loc":{"start":{"line":67,"column":34},"end":{"line":74,"column":1}},"line":67}},"branchMap":{"0":{"loc":{"start":{"line":61,"column":9},"end":{"line":61,"column":37}},"type":"binary-expr","locations":[{"start":{"line":61,"column":9},"end":{"line":61,"column":20}},{"start":{"line":61,"column":24},"end":{"line":61,"column":37}}],"line":61}},"s":{"0":3,"1":3,"2":8,"3":5,"4":2,"5":1,"6":1,"7":1,"8":1,"9":0,"10":0,"11":0,"12":8,"13":3},"f":{"0":8,"1":5,"2":2,"3":1,"4":1,"5":0,"6":8},"b":{"0":[0,0]},"_coverageSchema":"1a1c01bbd47fc00a2c39e90264f33305004495a9","hash":"52c20522a9dba1c0afc2e11f1e4f14c5c4c0ce3a"}
,"C:\\Users\\debas\\Desktop\\Asset Management System\\Asset-Management-System\\backend-node\\src\\utils\\logger.js": {"path":"C:\\Users\\debas\\Desktop\\Asset Management System\\Asset-Management-System\\backend-node\\src\\utils\\logger.js","statementMap":{"0":{"start":{"line":1,"column":16},"end":{"line":1,"column":34}},"1":{"start":{"line":2,"column":0},"end":{"line":2,"column":37}},"2":{"start":{"line":3,"column":15},"end":{"line":3,"column":39}},"3":{"start":{"line":5,"column":57},"end":{"line":5,"column":71}},"4":{"start":{"line":7,"column":18},"end":{"line":9,"column":2}},"5":{"start":{"line":8,"column":2},"end":{"line":8,"column":56}},"6":{"start":{"line":11,"column":19},"end":{"line":30,"column":1}},"7":{"start":{"line":32,"column":15},"end":{"line":41,"column":2}},"8":{"start":{"line":43,"column":0},"end":{"line":43,"column":24}}},"fnMap":{"0":{"name":"(anonymous_0)","decl":{"start":{"line":7,"column":25},"end":{"line":7,"column":26}},"loc":{"start":{"line":7,"column":67},"end":{"line":9,"column":1}},"line":7}},"branchMap":{"0":{"loc":{"start":{"line":8,"column":37},"end":{"line":8,"column":53}},"type":"binary-expr","locations":[{"start":{"line":8,"column":37},"end":{"line":8,"column":42}},{"start":{"line":8,"column":46},"end":{"line":8,"column":53}}],"line":8},"1":{"loc":{"start":{"line":33,"column":9},"end":{"line":33,"column":60}},"type":"cond-expr","locations":[{"start":{"line":33,"column":44},"end":{"line":33,"column":50}},{"start":{"line":33,"column":53},"end":{"line":33,"column":60}}],"line":33}},"s":{"0":3,"1":3,"2":3,"3":3,"4":3,"5":16,"6":3,"7":3,"8":3},"f":{"0":16},"b":{"0":[16,16],"1":[0,3]},"_coverageSchema":"1a1c01bbd47fc00a2c39e90264f33305004495a9","hash":"7c98f972abf0867bfeb2806ed13a2b757ee8b92c"}
,"C:\\Users\\debas\\Desktop\\Asset Management System\\Asset-Management-System\\backend-node\\src\\utils\\qrCodeGenerator.js": {"path":"C:\\Users\\debas\\Desktop\\Asset Management System\\Asset-Management-System\\backend-node\\src\\utils\\qrCodeGenerator.js","statementMap":{"0":{"start":{"line":1,"column":15},"end":{"line":1,"column":32}},"1":{"start":{"line":2,"column":13},"end":{"line":2,"column":28}},"2":{"start":{"line":3,"column":11},"end":{"line":3,"column":24}},"3":{"start":{"line":4,"column":15},"end":{"line":4,"column":39}},"4":{"start":{"line":5,"column":15},"end":{"line":5,"column":34}},"5":{"start":{"line":20,"column":16},"end":{"line":20,"column":46}},"6":{"start":{"line":21,"column":2},"end":{"line":23,"column":3}},"7":{"start":{"line":22,"column":4},"end":{"line":22,"column":45}},"8":{"start":{"line":25,"column":19},"end":{"line":25,"column":36}},"9":{"start":{"line":26,"column":19},"end":{"line":26,"column":45}},"10":{"start":{"line":29,"column":20},"end":{"line":29,"column":65}},"11":{"start":{"line":31,"column":2},"end":{"line":40,"column":5}},"12":{"start":{"line":42,"column":2},"end":{"line":42,"column":49}},"13":{"start":{"line":43,"column":2},"end":{"line":43,"column":35}},"14":{"start":{"line":50,"column":2},"end":{"line":55,"column":5}},"15":{"start":{"line":62,"column":2},"end":{"line":66,"column":5}},"16":{"start":{"line":69,"column":0},"end":{"line":69,"column":73}}},"fnMap":{"0":{"name":"generateQrCode","decl":{"start":{"line":19,"column":15},"end":{"line":19,"column":29}},"loc":{"start":{"line":19,"column":40},"end":{"line":44,"column":1}},"line":19},"1":{"name":"generateQrBuffer","decl":{"start":{"line":49,"column":15},"end":{"line":49,"column":31}},"loc":{"start":{"line":49,"column":41},"end":{"line":56,"column":1}},"line":49},"2":{"name":"generateQrDataUrl","decl":{"start":{"line":61,"column":15},"end":{"line":61,"column":32}},"loc":{"start":{"line":61,"column":42},"end":{"line":67,"column":1}},"line":61}},"branchMap":{"0":{"loc":{"start":{"line":21,"column":2},"end":{"line":23,"column":3}},"type":"if","locations":[{"start":{"line":21,"column":2},"end":{"line":23,"column":3}},{"start":{},"end":{}}],"line":21}},"s":{"0":2,"1":2,"2":2,"3":2,"4":2,"5":0,"6":0,"7":0,"8":0,"9":0,"10":0,"11":0,"12":0,"13":0,"14":0,"15":0,"16":2},"f":{"0":0,"1":0,"2":0},"b":{"0":[0,0]},"_coverageSchema":"1a1c01bbd47fc00a2c39e90264f33305004495a9","hash":"4b8a0f1c7721337941058e2ef11e12d94892d3b1"}
}
