TN:
SF:server.js
FN:84,(anonymous_0)
FN:85,(anonymous_1)
FN:90,(anonymous_2)
FN:106,(anonymous_3)
FN:130,(anonymous_4)
FN:135,(anonymous_5)
FN:149,bootstrap
FN:160,(anonymous_7)
FN:173,(anonymous_8)
FN:178,(anonymous_9)
FNF:10
FNH:2
FNDA:0,(anonymous_0)
FNDA:0,(anonymous_1)
FNDA:6,(anonymous_2)
FNDA:0,(anonymous_3)
FNDA:1,(anonymous_4)
FNDA:0,(anonymous_5)
FNDA:0,bootstrap
FNDA:0,(anonymous_7)
FNDA:0,(anonymous_8)
FNDA:0,(anonymous_9)
DA:3,2
DA:4,2
DA:6,2
DA:7,2
DA:8,2
DA:9,2
DA:10,2
DA:11,2
DA:12,2
DA:14,2
DA:15,2
DA:16,2
DA:17,2
DA:20,2
DA:21,2
DA:22,2
DA:23,2
DA:24,2
DA:25,2
DA:26,2
DA:27,2
DA:28,2
DA:29,2
DA:30,2
DA:31,2
DA:32,2
DA:33,2
DA:34,2
DA:35,2
DA:36,2
DA:37,2
DA:38,2
DA:41,2
DA:44,2
DA:47,2
DA:51,2
DA:59,2
DA:66,2
DA:69,2
DA:74,2
DA:75,2
DA:78,2
DA:79,2
DA:82,2
DA:83,0
DA:84,0
DA:85,0
DA:90,2
DA:91,6
DA:92,6
DA:93,0
DA:94,0
DA:99,2
DA:102,2
DA:106,2
DA:109,2
DA:110,2
DA:111,2
DA:112,2
DA:113,2
DA:114,2
DA:115,2
DA:116,2
DA:117,2
DA:118,2
DA:119,2
DA:120,2
DA:121,2
DA:122,2
DA:123,2
DA:124,2
DA:125,2
DA:126,2
DA:127,2
DA:130,2
DA:131,1
DA:135,2
DA:136,0
DA:145,2
DA:146,2
DA:150,0
DA:152,0
DA:155,0
DA:156,0
DA:159,0
DA:160,0
DA:161,0
DA:162,0
DA:163,0
DA:164,0
DA:167,0
DA:168,0
DA:173,2
DA:174,0
DA:175,0
DA:178,2
DA:179,0
DA:182,2
DA:183,0
DA:186,2
LF:100
LH:78
BRDA:82,0,0,0
BRDA:82,0,1,2
BRDA:92,1,0,0
BRDA:92,1,1,6
BRDA:159,2,0,0
BRDA:159,2,1,0
BRDA:182,3,0,0
BRDA:182,3,1,2
BRF:8
BRH:3
end_of_record
TN:
SF:src\config\database.js
FN:17,(anonymous_0)
FN:39,connectDatabase
FN:63,ensureDatabaseExists
FN:76,seedDefaultAuthData
FN:140,runUserMigration
FNF:5
FNH:0
FNDA:0,(anonymous_0)
FNDA:0,connectDatabase
FNDA:0,ensureDatabaseExists
FNDA:0,seedDefaultAuthData
FNDA:0,runUserMigration
DA:1,2
DA:2,2
DA:3,2
DA:4,2
DA:5,2
DA:7,2
DA:17,0
DA:40,0
DA:41,0
DA:42,0
DA:43,0
DA:45,0
DA:46,0
DA:47,0
DA:49,0
DA:51,0
DA:53,0
DA:54,0
DA:56,0
DA:58,0
DA:59,0
DA:64,0
DA:71,0
DA:72,0
DA:73,0
DA:77,0
DA:79,0
DA:85,0
DA:86,0
DA:87,0
DA:88,0
DA:91,0
DA:108,0
DA:109,0
DA:121,0
DA:122,0
DA:123,0
DA:132,0
DA:133,0
DA:137,0
DA:141,0
DA:142,0
DA:143,0
DA:145,0
DA:146,0
DA:147,0
DA:153,0
DA:154,0
DA:157,0
DA:158,0
DA:159,0
DA:164,0
DA:165,0
DA:168,0
DA:172,2
LF:55
LH:7
BRDA:16,0,0,0
BRDA:16,0,1,2
BRDA:121,1,0,0
BRDA:121,1,1,0
BRDA:145,2,0,0
BRDA:145,2,1,0
BRDA:157,3,0,0
BRDA:157,3,1,0
BRF:8
BRH:1
end_of_record
TN:
SF:src\config\env.js
FN:7,firstDefined
FNF:1
FNH:1
FNDA:15,firstDefined
DA:5,5
DA:8,15
DA:9,15
DA:10,15
DA:14,0
DA:17,5
DA:25,5
LF:7
LH:6
BRDA:9,0,0,15
BRDA:9,0,1,0
BRDA:9,1,0,15
BRDA:9,1,1,15
BRDA:9,1,2,15
BRDA:18,2,0,5
BRDA:18,2,1,0
BRDA:18,2,2,0
BRDA:18,2,3,0
BRDA:18,2,4,0
BRDA:27,3,0,5
BRDA:27,3,1,0
BRDA:28,4,0,5
BRDA:28,4,1,0
BRDA:32,5,0,5
BRDA:32,5,1,0
BRDA:32,6,0,0
BRDA:32,6,1,0
BRDA:33,7,0,5
BRDA:33,7,1,0
BRDA:34,8,0,5
BRDA:34,8,1,0
BRDA:35,9,0,5
BRDA:35,9,1,0
BRDA:36,10,0,0
BRDA:36,10,1,0
BRDA:37,11,0,5
BRDA:37,11,1,0
BRDA:38,12,0,5
BRDA:38,12,1,0
BRDA:39,13,0,0
BRDA:39,13,1,0
BRDA:40,14,0,5
BRDA:40,14,1,0
BRDA:41,15,0,5
BRDA:41,15,1,0
BRDA:41,15,2,0
BRDA:42,16,0,0
BRDA:42,16,1,0
BRDA:42,16,2,0
BRDA:44,17,0,5
BRDA:44,17,1,5
BRDA:45,18,0,5
BRDA:45,18,1,5
BRDA:53,19,0,5
BRDA:53,19,1,0
BRDA:54,20,0,5
BRDA:54,20,1,5
BRDA:55,21,0,5
BRDA:55,21,1,5
BRDA:60,22,0,5
BRDA:60,22,1,0
BRDA:67,23,0,5
BRDA:67,23,1,5
BRDA:68,24,0,5
BRDA:68,24,1,5
BRDA:69,25,0,5
BRDA:69,25,1,5
BRDA:70,26,0,5
BRDA:70,26,1,5
BRDA:71,27,0,5
BRDA:71,27,1,5
BRDA:76,28,0,5
BRDA:76,28,1,5
BRDA:77,29,0,5
BRDA:77,29,1,5
BRDA:78,30,0,5
BRDA:78,30,1,5
BRDA:79,31,0,5
BRDA:79,31,1,5
BRDA:80,32,0,5
BRDA:80,32,1,5
BRDA:81,33,0,5
BRDA:81,33,1,5
BRDA:86,34,0,5
BRDA:86,34,1,0
BRDA:87,35,0,5
BRDA:87,35,1,5
BRDA:88,36,0,5
BRDA:88,36,1,5
BRDA:93,37,0,5
BRDA:93,37,1,5
BRDA:94,38,0,5
BRDA:94,38,1,5
BRDA:95,39,0,5
BRDA:95,39,1,5
BRF:86
BRH:58
end_of_record
TN:
SF:src\config\mailer.js
FNF:0
FNH:0
DA:1,2
DA:2,2
DA:4,2
DA:20,2
LF:4
LH:4
BRF:0
BRH:0
end_of_record
TN:
SF:src\config\seeder.js
FN:14,runSeeding
FN:92,(anonymous_1)
FN:241,(anonymous_2)
FN:388,(anonymous_3)
FN:465,seedEnterpriseData
FN:484,resetAndSeedDatabase
FN:489,(anonymous_6)
FN:490,(anonymous_7)
FN:491,(anonymous_8)
FN:492,(anonymous_9)
FN:493,(anonymous_10)
FN:494,(anonymous_11)
FN:495,(anonymous_12)
FN:496,(anonymous_13)
FN:497,(anonymous_14)
FN:498,(anonymous_15)
FN:499,(anonymous_16)
FNF:17
FNH:0
FNDA:0,runSeeding
FNDA:0,(anonymous_1)
FNDA:0,(anonymous_2)
FNDA:0,(anonymous_3)
FNDA:0,seedEnterpriseData
FNDA:0,resetAndSeedDatabase
FNDA:0,(anonymous_6)
FNDA:0,(anonymous_7)
FNDA:0,(anonymous_8)
FNDA:0,(anonymous_9)
FNDA:0,(anonymous_10)
FNDA:0,(anonymous_11)
FNDA:0,(anonymous_12)
FNDA:0,(anonymous_13)
FNDA:0,(anonymous_14)
FNDA:0,(anonymous_15)
FNDA:0,(anonymous_16)
DA:1,2
DA:2,2
DA:3,2
DA:8,2
DA:16,0
DA:17,0
DA:20,0
DA:52,0
DA:53,0
DA:56,0
DA:88,0
DA:89,0
DA:92,0
DA:93,0
DA:100,0
DA:107,0
DA:114,0
DA:115,0
DA:116,0
DA:118,0
DA:129,0
DA:130,0
DA:133,0
DA:148,0
DA:149,0
DA:152,0
DA:185,0
DA:186,0
DA:188,0
DA:189,0
DA:190,0
DA:193,0
DA:194,0
DA:195,0
DA:196,0
DA:198,0
DA:199,0
DA:200,0
DA:202,0
DA:203,0
DA:204,0
DA:207,0
DA:208,0
DA:209,0
DA:211,0
DA:212,0
DA:214,0
DA:237,0
DA:238,0
DA:241,0
DA:242,0
DA:243,0
DA:244,0
DA:245,0
DA:247,0
DA:253,0
DA:255,0
DA:256,0
DA:257,0
DA:258,0
DA:259,0
DA:260,0
DA:262,0
DA:277,0
DA:278,0
DA:279,0
DA:280,0
DA:281,0
DA:282,0
DA:284,0
DA:298,0
DA:299,0
DA:300,0
DA:301,0
DA:302,0
DA:303,0
DA:304,0
DA:305,0
DA:306,0
DA:308,0
DA:323,0
DA:324,0
DA:327,0
DA:328,0
DA:335,0
DA:342,0
DA:343,0
DA:344,0
DA:345,0
DA:346,0
DA:348,0
DA:363,0
DA:364,0
DA:367,0
DA:368,0
DA:369,0
DA:370,0
DA:371,0
DA:372,0
DA:374,0
DA:384,0
DA:385,0
DA:388,0
DA:389,0
DA:393,0
DA:403,0
DA:404,0
DA:407,0
DA:408,0
DA:409,0
DA:410,0
DA:411,0
DA:413,0
DA:423,0
DA:424,0
DA:427,0
DA:428,0
DA:431,0
DA:437,0
DA:439,0
DA:440,0
DA:441,0
DA:449,0
DA:450,0
DA:453,0
DA:454,0
DA:455,0
DA:456,0
DA:458,0
DA:466,0
DA:467,0
DA:468,0
DA:469,0
DA:470,0
DA:473,0
DA:474,0
DA:475,0
DA:477,0
DA:485,0
DA:486,0
DA:489,0
DA:490,0
DA:491,0
DA:492,0
DA:493,0
DA:494,0
DA:495,0
DA:496,0
DA:497,0
DA:498,0
DA:499,0
DA:501,0
DA:502,0
DA:503,0
DA:504,0
DA:506,0
DA:507,0
DA:511,2
LF:158
LH:5
BRDA:17,0,0,0
BRDA:17,0,1,0
BRDA:194,1,0,0
BRDA:194,1,1,0
BRDA:195,2,0,0
BRDA:195,2,1,0
BRDA:196,3,0,0
BRDA:196,3,1,0
BRDA:199,4,0,0
BRDA:199,4,1,0
BRDA:203,5,0,0
BRDA:203,5,1,0
BRDA:227,6,0,0
BRDA:227,6,1,0
BRDA:245,7,0,0
BRDA:245,7,1,0
BRDA:279,8,0,0
BRDA:279,8,1,0
BRDA:299,9,0,0
BRDA:299,9,1,0
BRDA:344,10,0,0
BRDA:344,10,1,0
BRDA:344,11,0,0
BRDA:344,11,1,0
BRDA:346,12,0,0
BRDA:346,12,1,0
BRDA:357,13,0,0
BRDA:357,13,1,0
BRDA:468,14,0,0
BRDA:468,14,1,0
BRF:30
BRH:0
end_of_record
TN:
SF:src\config\swagger.js
FNF:0
FNH:0
DA:1,2
DA:2,2
DA:3,2
DA:5,2
DA:30,2
DA:32,2
LF:6
LH:6
BRF:0
BRH:0
end_of_record
TN:
SF:src\middleware\auth.js
FN:10,authenticate
FN:39,(anonymous_1)
FN:59,optionalAuth
FNF:3
FNH:2
FNDA:1,authenticate
FNDA:2,(anonymous_1)
FNDA:0,optionalAuth
DA:1,2
DA:2,2
DA:3,2
DA:4,2
DA:11,1
DA:12,1
DA:13,1
DA:14,0
DA:17,1
DA:18,1
DA:21,1
DA:25,1
DA:26,0
DA:29,1
DA:30,0
DA:34,1
DA:39,2
DA:43,1
DA:45,0
DA:46,0
DA:48,0
DA:49,0
DA:51,0
DA:52,0
DA:60,0
DA:61,0
DA:62,0
DA:64,0
DA:67,2
LF:29
LH:16
BRDA:13,0,0,0
BRDA:13,0,1,1
BRDA:13,1,0,1
BRDA:13,1,1,1
BRDA:25,2,0,0
BRDA:25,2,1,1
BRDA:29,3,0,0
BRDA:29,3,1,1
BRDA:39,4,0,1
BRDA:39,4,1,0
BRDA:39,5,0,0
BRDA:39,5,1,0
BRDA:45,6,0,0
BRDA:45,6,1,0
BRDA:48,7,0,0
BRDA:48,7,1,0
BRDA:61,8,0,0
BRDA:61,8,1,0
BRDA:61,9,0,0
BRDA:61,9,1,0
BRF:20
BRH:6
end_of_record
TN:
SF:src\middleware\encrypt.js
FN:19,decryptRequest
FN:45,encryptResponse
FN:52,(anonymous_2)
FN:69,e2eEncryption
FN:70,(anonymous_4)
FNF:5
FNH:5
FNDA:4,decryptRequest
FNDA:3,encryptResponse
FNDA:1,(anonymous_2)
FNDA:1,e2eEncryption
FNDA:1,(anonymous_4)
DA:1,1
DA:2,1
DA:20,4
DA:21,1
DA:24,3
DA:25,3
DA:26,3
DA:27,2
DA:29,2
DA:31,1
DA:32,1
DA:46,3
DA:47,1
DA:50,2
DA:52,2
DA:53,1
DA:54,1
DA:55,1
DA:56,1
DA:58,0
DA:59,0
DA:63,2
DA:70,1
DA:71,1
DA:75,1
LF:25
LH:23
BRDA:20,0,0,1
BRDA:20,0,1,3
BRDA:25,1,0,3
BRDA:25,1,1,0
BRDA:25,2,0,3
BRDA:25,2,1,3
BRDA:46,3,0,1
BRDA:46,3,1,2
BRF:8
BRH:7
end_of_record
TN:
SF:src\middleware\errorHandler.js
FN:8,(anonymous_0)
FN:17,(anonymous_1)
FN:24,(anonymous_2)
FN:30,(anonymous_3)
FN:36,(anonymous_4)
FN:42,(anonymous_5)
FN:51,errorHandler
FN:54,(anonymous_7)
FN:92,notFoundHandler
FNF:9
FNH:1
FNDA:0,(anonymous_0)
FNDA:0,(anonymous_1)
FNDA:0,(anonymous_2)
FNDA:0,(anonymous_3)
FNDA:0,(anonymous_4)
FNDA:0,(anonymous_5)
FNDA:0,errorHandler
FNDA:0,(anonymous_7)
FNDA:1,notFoundHandler
DA:1,2
DA:2,2
DA:9,0
DA:10,0
DA:11,0
DA:12,0
DA:18,0
DA:19,0
DA:25,0
DA:31,0
DA:37,0
DA:43,0
DA:53,0
DA:54,0
DA:55,0
DA:56,0
DA:60,0
DA:61,0
DA:62,0
DA:66,0
DA:67,0
DA:68,0
DA:72,0
DA:73,0
DA:75,0
DA:76,0
DA:80,0
DA:81,0
DA:85,0
DA:86,0
DA:93,1
DA:96,2
LF:32
LH:4
BRDA:8,0,0,0
BRDA:36,1,0,0
BRDA:42,2,0,0
BRDA:53,3,0,0
BRDA:53,3,1,0
BRDA:53,4,0,0
BRDA:53,4,1,0
BRDA:54,5,0,0
BRDA:54,5,1,0
BRDA:60,6,0,0
BRDA:60,6,1,0
BRDA:66,7,0,0
BRDA:66,7,1,0
BRDA:72,8,0,0
BRDA:72,8,1,0
BRDA:75,9,0,0
BRDA:75,9,1,0
BRDA:80,10,0,0
BRDA:80,10,1,0
BRF:19
BRH:0
end_of_record
TN:
SF:src\middleware\rateLimiter.js
FN:7,aiRateLimiter
FN:18,(anonymous_1)
FNF:2
FNH:2
FNDA:34,aiRateLimiter
FNDA:240,(anonymous_1)
DA:1,3
DA:8,34
DA:9,34
DA:10,34
DA:11,34
DA:13,34
DA:14,4
DA:18,240
DA:19,34
DA:20,34
DA:22,34
DA:23,1
DA:29,33
DA:32,3
LF:14
LH:14
BRDA:8,0,0,34
BRDA:8,0,1,1
BRDA:13,1,0,4
BRDA:13,1,1,30
BRDA:22,2,0,1
BRDA:22,2,1,33
BRF:6
BRH:6
end_of_record
TN:
SF:src\middleware\rbac.js
FN:9,requireRoles
FN:10,(anonymous_1)
FN:16,(anonymous_2)
FNF:3
FNH:3
FNDA:4,requireRoles
FNDA:1,(anonymous_1)
FNDA:1,(anonymous_2)
DA:1,2
DA:10,4
DA:11,1
DA:12,0
DA:15,1
DA:16,1
DA:18,1
DA:19,0
DA:24,1
DA:31,2
DA:36,2
DA:38,2
LF:12
LH:10
BRDA:11,0,0,0
BRDA:11,0,1,1
BRDA:15,1,0,1
BRDA:15,1,1,0
BRDA:18,2,0,0
BRDA:18,2,1,1
BRF:6
BRH:3
end_of_record
TN:
SF:src\models\AiChatHistory.js
FNF:0
FNH:0
DA:1,2
DA:2,2
DA:8,2
DA:26,2
LF:4
LH:4
BRF:0
BRH:0
end_of_record
TN:
SF:src\models\Asset.js
FNF:0
FNH:0
DA:1,2
DA:2,2
DA:8,2
DA:54,2
LF:4
LH:4
BRF:0
BRH:0
end_of_record
TN:
SF:src\models\AssetAllocation.js
FNF:0
FNH:0
DA:1,2
DA:2,2
DA:4,2
DA:29,2
LF:4
LH:4
BRF:0
BRH:0
end_of_record
TN:
SF:src\models\AssetCategory.js
FNF:0
FNH:0
DA:1,2
DA:2,2
DA:4,2
DA:17,2
LF:4
LH:4
BRF:0
BRH:0
end_of_record
TN:
SF:src\models\AssetDocument.js
FNF:0
FNH:0
DA:1,2
DA:2,2
DA:4,2
DA:22,2
LF:4
LH:4
BRF:0
BRH:0
end_of_record
TN:
SF:src\models\AssetHealthScore.js
FNF:0
FNH:0
DA:1,2
DA:2,2
DA:4,2
DA:30,2
LF:4
LH:4
BRF:0
BRH:0
end_of_record
TN:
SF:src\models\AssetMovement.js
FNF:0
FNH:0
DA:1,2
DA:2,2
DA:4,2
DA:25,2
LF:4
LH:4
BRF:0
BRH:0
end_of_record
TN:
SF:src\models\AuditLog.js
FNF:0
FNH:0
DA:1,2
DA:2,2
DA:4,2
DA:21,2
LF:4
LH:4
BRF:0
BRH:0
end_of_record
TN:
SF:src\models\BudgetForecast.js
FNF:0
FNH:0
DA:1,2
DA:2,2
DA:4,2
DA:25,2
LF:4
LH:4
BRF:0
BRH:0
end_of_record
TN:
SF:src\models\Department.js
FNF:0
FNH:0
DA:1,2
DA:2,2
DA:4,2
DA:17,2
LF:4
LH:4
BRF:0
BRH:0
end_of_record
TN:
SF:src\models\DepreciationRecord.js
FNF:0
FNH:0
DA:1,2
DA:2,2
DA:4,2
DA:26,2
LF:4
LH:4
BRF:0
BRH:0
end_of_record
TN:
SF:src\models\Employee.js
FNF:0
FNH:0
DA:1,2
DA:2,2
DA:4,2
DA:29,2
LF:4
LH:4
BRF:0
BRH:0
end_of_record
TN:
SF:src\models\MaintenanceRequest.js
FNF:0
FNH:0
DA:1,2
DA:2,2
DA:4,2
DA:42,2
LF:4
LH:4
BRF:0
BRH:0
end_of_record
TN:
SF:src\models\Notification.js
FNF:0
FNH:0
DA:1,2
DA:2,2
DA:4,2
DA:28,2
LF:4
LH:4
BRF:0
BRH:0
end_of_record
TN:
SF:src\models\QrScanLog.js
FNF:0
FNH:0
DA:1,2
DA:2,2
DA:4,2
DA:17,2
LF:4
LH:4
BRF:0
BRH:0
end_of_record
TN:
SF:src\models\Role.js
FNF:0
FNH:0
DA:1,2
DA:2,2
DA:4,2
DA:12,2
LF:4
LH:4
BRF:0
BRH:0
end_of_record
TN:
SF:src\models\User.js
FNF:0
FNH:0
DA:1,2
DA:2,2
DA:8,2
DA:36,2
LF:4
LH:4
BRF:0
BRH:0
end_of_record
TN:
SF:src\models\Vendor.js
FNF:0
FNH:0
DA:1,2
DA:2,2
DA:4,2
DA:27,2
LF:4
LH:4
BRF:0
BRH:0
end_of_record
TN:
SF:src\models\VendorRating.js
FNF:0
FNH:0
DA:1,2
DA:2,2
DA:4,2
DA:15,2
LF:4
LH:4
BRF:0
BRH:0
end_of_record
TN:
SF:src\models\WarrantyTracking.js
FNF:0
FNH:0
DA:1,2
DA:2,2
DA:4,2
DA:23,2
LF:4
LH:4
BRF:0
BRH:0
end_of_record
TN:
SF:src\models\index.js
FNF:0
FNH:0
DA:5,2
DA:8,2
DA:9,2
DA:10,2
DA:11,2
DA:12,2
DA:13,2
DA:14,2
DA:15,2
DA:16,2
DA:17,2
DA:18,2
DA:19,2
DA:20,2
DA:21,2
DA:22,2
DA:23,2
DA:24,2
DA:25,2
DA:26,2
DA:27,2
DA:30,2
DA:31,2
DA:34,2
DA:35,2
DA:38,2
DA:39,2
DA:42,2
DA:43,2
DA:46,2
DA:47,2
DA:50,2
DA:51,2
DA:54,2
DA:55,2
DA:58,2
DA:59,2
DA:62,2
DA:65,2
DA:66,2
DA:68,2
DA:69,2
DA:71,2
DA:72,2
DA:75,2
DA:76,2
DA:78,2
DA:81,2
DA:82,2
DA:85,2
DA:86,2
DA:87,2
DA:90,2
DA:91,2
DA:93,2
DA:94,2
DA:97,2
DA:98,2
DA:101,2
DA:102,2
DA:103,2
DA:106,2
DA:107,2
DA:110,2
DA:113,2
DA:114,2
DA:115,2
DA:118,2
DA:119,2
DA:122,2
DA:123,2
DA:126,2
DA:127,2
DA:128,2
DA:130,2
LF:75
LH:75
BRF:0
BRH:0
end_of_record
TN:
SF:src\routes\ai.js
FN:20,(anonymous_0)
FN:44,(anonymous_1)
FN:58,(anonymous_2)
FN:75,(anonymous_3)
FNF:4
FNH:0
FNDA:0,(anonymous_0)
FNDA:0,(anonymous_1)
FNDA:0,(anonymous_2)
FNDA:0,(anonymous_3)
DA:1,2
DA:2,2
DA:3,2
DA:4,2
DA:5,2
DA:6,2
DA:20,2
DA:21,0
DA:22,0
DA:23,0
DA:27,0
DA:28,0
DA:29,0
DA:32,0
DA:33,0
DA:34,0
DA:36,0
DA:44,2
DA:45,0
DA:46,0
DA:47,0
DA:48,0
DA:50,0
DA:58,2
DA:59,0
DA:60,0
DA:61,0
DA:62,0
DA:63,0
DA:65,0
DA:67,0
DA:75,2
DA:76,0
DA:77,0
DA:78,0
DA:80,0
DA:84,2
LF:37
LH:11
BRDA:22,0,0,0
BRDA:22,0,1,0
BRDA:22,1,0,0
BRDA:22,1,1,0
BRDA:28,2,0,0
BRDA:28,2,1,0
BRDA:45,3,0,0
BRDA:45,4,0,0
BRDA:45,5,0,0
BRDA:62,6,0,0
BRDA:62,6,1,0
BRF:11
BRH:0
end_of_record
TN:
SF:src\routes\allocations.js
FN:13,(anonymous_0)
FN:22,(anonymous_1)
FN:28,(anonymous_2)
FN:34,(anonymous_3)
FN:40,(anonymous_4)
FN:46,(anonymous_5)
FN:52,(anonymous_6)
FN:61,(anonymous_7)
FNF:8
FNH:0
FNDA:0,(anonymous_0)
FNDA:0,(anonymous_1)
FNDA:0,(anonymous_2)
FNDA:0,(anonymous_3)
FNDA:0,(anonymous_4)
FNDA:0,(anonymous_5)
FNDA:0,(anonymous_6)
FNDA:0,(anonymous_7)
DA:1,2
DA:2,2
DA:3,2
DA:4,2
DA:5,2
DA:13,2
DA:14,0
DA:15,0
DA:18,0
DA:22,2
DA:23,0
DA:24,0
DA:28,2
DA:29,0
DA:30,0
DA:34,2
DA:35,0
DA:36,0
DA:40,2
DA:41,0
DA:42,0
DA:46,2
DA:47,0
DA:48,0
DA:52,2
DA:53,0
DA:54,0
DA:57,0
DA:61,2
DA:62,0
DA:63,0
DA:66,0
DA:69,2
LF:33
LH:14
BRDA:14,0,0,0
BRDA:14,1,0,0
BRDA:53,2,0,0
BRDA:53,3,0,0
BRDA:62,4,0,0
BRDA:62,5,0,0
BRF:6
BRH:0
end_of_record
TN:
SF:src\routes\assets.js
FN:12,(anonymous_0)
FN:15,(anonymous_1)
FN:25,(anonymous_2)
FN:35,(anonymous_3)
FN:41,(anonymous_4)
FN:46,(anonymous_5)
FN:53,(anonymous_6)
FN:62,(anonymous_7)
FN:68,(anonymous_8)
FN:76,(anonymous_9)
FN:87,(anonymous_10)
FN:100,(anonymous_11)
FN:170,(anonymous_12)
FN:176,(anonymous_13)
FN:197,(anonymous_14)
FN:213,(anonymous_15)
FN:218,(anonymous_16)
FN:223,(anonymous_17)
FN:228,(anonymous_18)
FN:233,(anonymous_19)
FN:238,(anonymous_20)
FN:247,(anonymous_21)
FN:252,(anonymous_22)
FN:257,(anonymous_23)
FNF:24
FNH:0
FNDA:0,(anonymous_0)
FNDA:0,(anonymous_1)
FNDA:0,(anonymous_2)
FNDA:0,(anonymous_3)
FNDA:0,(anonymous_4)
FNDA:0,(anonymous_5)
FNDA:0,(anonymous_6)
FNDA:0,(anonymous_7)
FNDA:0,(anonymous_8)
FNDA:0,(anonymous_9)
FNDA:0,(anonymous_10)
FNDA:0,(anonymous_11)
FNDA:0,(anonymous_12)
FNDA:0,(anonymous_13)
FNDA:0,(anonymous_14)
FNDA:0,(anonymous_15)
FNDA:0,(anonymous_16)
FNDA:0,(anonymous_17)
FNDA:0,(anonymous_18)
FNDA:0,(anonymous_19)
FNDA:0,(anonymous_20)
FNDA:0,(anonymous_21)
FNDA:0,(anonymous_22)
FNDA:0,(anonymous_23)
DA:1,2
DA:2,2
DA:3,2
DA:4,2
DA:5,2
DA:6,2
DA:7,2
DA:8,2
DA:9,2
DA:11,2
DA:13,0
DA:16,0
DA:17,0
DA:18,0
DA:22,2
DA:26,0
DA:27,0
DA:28,0
DA:30,0
DA:35,2
DA:36,0
DA:37,0
DA:38,0
DA:41,2
DA:42,0
DA:43,0
DA:46,2
DA:47,0
DA:48,0
DA:53,2
DA:54,0
DA:55,0
DA:59,0
DA:62,2
DA:63,0
DA:64,0
DA:65,0
DA:68,2
DA:69,0
DA:70,0
DA:71,0
DA:72,0
DA:73,0
DA:76,2
DA:77,0
DA:78,0
DA:79,0
DA:80,0
DA:81,0
DA:82,0
DA:87,2
DA:88,0
DA:89,0
DA:97,0
DA:100,2
DA:101,0
DA:102,0
DA:104,0
DA:105,0
DA:106,0
DA:107,0
DA:108,0
DA:109,0
DA:110,0
DA:111,0
DA:112,0
DA:113,0
DA:114,0
DA:115,0
DA:120,0
DA:129,0
DA:131,0
DA:159,0
DA:170,2
DA:171,0
DA:172,0
DA:176,2
DA:177,0
DA:180,0
DA:181,0
DA:182,0
DA:185,0
DA:194,0
DA:197,2
DA:198,0
DA:200,0
DA:201,0
DA:210,0
DA:213,2
DA:214,0
DA:215,0
DA:218,2
DA:219,0
DA:220,0
DA:223,2
DA:224,0
DA:225,0
DA:228,2
DA:229,0
DA:230,0
DA:233,2
DA:234,0
DA:235,0
DA:238,2
DA:239,0
DA:240,0
DA:242,0
DA:243,0
DA:244,0
DA:247,2
DA:248,0
DA:249,0
DA:252,2
DA:253,0
DA:254,0
DA:257,2
DA:258,0
DA:259,0
DA:260,0
DA:263,2
LF:120
LH:33
BRDA:27,0,0,0
BRDA:27,0,1,0
BRDA:36,1,0,0
BRDA:36,2,0,0
BRDA:71,3,0,0
BRDA:71,3,1,0
BRDA:79,4,0,0
BRDA:79,4,1,0
BRDA:104,5,0,0
BRDA:104,5,1,0
BRDA:108,6,0,0
BRDA:108,6,1,0
BRDA:108,7,0,0
BRDA:108,7,1,0
BRDA:114,8,0,0
BRDA:114,8,1,0
BRDA:181,9,0,0
BRDA:181,9,1,0
BRDA:200,10,0,0
BRDA:200,10,1,0
BRDA:203,11,0,0
BRDA:203,11,1,0
BRDA:204,12,0,0
BRDA:204,12,1,0
BRDA:239,13,0,0
BRDA:239,13,1,0
BRDA:258,14,0,0
BRDA:258,15,0,0
BRF:28
BRH:0
end_of_record
TN:
SF:src\routes\auditLogs.js
FN:8,(anonymous_0)
FNF:1
FNH:0
FNDA:0,(anonymous_0)
DA:1,2
DA:2,2
DA:3,2
DA:4,2
DA:5,2
DA:6,2
DA:8,2
DA:9,0
DA:10,0
DA:11,0
DA:14,2
LF:11
LH:8
BRDA:9,0,0,0
BRDA:9,1,0,0
BRF:2
BRH:0
end_of_record
TN:
SF:src\routes\auth.js
FN:14,(anonymous_0)
FN:22,(anonymous_1)
FN:27,(anonymous_2)
FN:36,(anonymous_3)
FN:41,(anonymous_4)
FN:47,(anonymous_5)
FN:53,(anonymous_6)
FN:58,(anonymous_7)
FN:63,(anonymous_8)
FN:68,(anonymous_9)
FNF:10
FNH:2
FNDA:4,(anonymous_0)
FNDA:1,(anonymous_1)
FNDA:0,(anonymous_2)
FNDA:0,(anonymous_3)
FNDA:0,(anonymous_4)
FNDA:0,(anonymous_5)
FNDA:0,(anonymous_6)
FNDA:0,(anonymous_7)
FNDA:0,(anonymous_8)
FNDA:0,(anonymous_9)
DA:1,2
DA:2,2
DA:3,2
DA:4,2
DA:5,2
DA:14,2
DA:15,4
DA:16,4
DA:17,4
DA:20,2
DA:22,2
DA:23,1
DA:24,1
DA:27,2
DA:28,0
DA:29,0
DA:30,0
DA:32,0
DA:33,0
DA:36,2
DA:37,0
DA:38,0
DA:41,2
DA:42,0
DA:43,0
DA:44,0
DA:47,2
DA:48,0
DA:49,0
DA:50,0
DA:53,2
DA:54,0
DA:55,0
DA:58,2
DA:59,0
DA:60,0
DA:63,2
DA:64,0
DA:65,0
DA:68,2
DA:69,0
DA:70,0
DA:73,2
LF:43
LH:22
BRDA:29,0,0,0
BRDA:29,0,1,0
BRF:2
BRH:0
end_of_record
TN:
SF:src\routes\budget.js
FN:10,(anonymous_0)
FN:27,(anonymous_1)
FN:36,(anonymous_2)
FN:44,(anonymous_3)
FN:59,(anonymous_4)
FNF:5
FNH:0
FNDA:0,(anonymous_0)
FNDA:0,(anonymous_1)
FNDA:0,(anonymous_2)
FNDA:0,(anonymous_3)
FNDA:0,(anonymous_4)
DA:1,2
DA:2,2
DA:3,2
DA:4,2
DA:5,2
DA:6,2
DA:7,2
DA:8,2
DA:10,2
DA:11,0
DA:12,0
DA:13,0
DA:14,0
DA:15,0
DA:16,0
DA:18,0
DA:24,0
DA:27,2
DA:28,0
DA:29,0
DA:32,0
DA:33,0
DA:36,2
DA:37,0
DA:40,0
DA:41,0
DA:44,2
DA:45,0
DA:46,0
DA:48,0
DA:49,0
DA:51,0
DA:55,0
DA:56,0
DA:59,2
DA:60,0
DA:61,0
DA:63,0
DA:64,0
DA:66,0
DA:67,0
DA:70,2
LF:42
LH:14
BRDA:13,0,0,0
BRDA:13,0,1,0
BRDA:14,1,0,0
BRDA:14,1,1,0
BRDA:15,2,0,0
BRDA:15,2,1,0
BRDA:16,3,0,0
BRDA:16,3,1,0
BRDA:40,4,0,0
BRDA:40,4,1,0
BRDA:46,5,0,0
BRDA:46,5,1,0
BRDA:61,6,0,0
BRDA:61,6,1,0
BRF:14
BRH:0
end_of_record
TN:
SF:src\routes\dashboard.js
FN:7,(anonymous_0)
FN:12,(anonymous_1)
FN:17,(anonymous_2)
FN:22,(anonymous_3)
FN:29,(anonymous_4)
FN:34,(anonymous_5)
FNF:6
FNH:0
FNDA:0,(anonymous_0)
FNDA:0,(anonymous_1)
FNDA:0,(anonymous_2)
FNDA:0,(anonymous_3)
FNDA:0,(anonymous_4)
FNDA:0,(anonymous_5)
DA:1,2
DA:2,2
DA:3,2
DA:4,2
DA:5,2
DA:7,2
DA:8,0
DA:9,0
DA:12,2
DA:13,0
DA:14,0
DA:17,2
DA:18,0
DA:19,0
DA:22,2
DA:23,0
DA:24,0
DA:27,2
DA:29,2
DA:30,0
DA:31,0
DA:34,2
DA:35,0
DA:36,0
DA:37,0
DA:39,0
DA:43,2
LF:27
LH:13
BRF:0
BRH:0
end_of_record
TN:
SF:src\routes\departments.js
FN:11,(anonymous_0)
FN:16,(anonymous_1)
FN:24,(anonymous_2)
FN:30,(anonymous_3)
FN:37,(anonymous_4)
FNF:5
FNH:0
FNDA:0,(anonymous_0)
FNDA:0,(anonymous_1)
FNDA:0,(anonymous_2)
FNDA:0,(anonymous_3)
FNDA:0,(anonymous_4)
DA:1,2
DA:2,2
DA:3,2
DA:4,2
DA:5,2
DA:6,2
DA:7,2
DA:8,2
DA:9,2
DA:11,2
DA:12,0
DA:13,0
DA:16,2
DA:17,0
DA:18,0
DA:19,0
DA:20,0
DA:21,0
DA:24,2
DA:25,0
DA:26,0
DA:27,0
DA:30,2
DA:31,0
DA:32,0
DA:33,0
DA:34,0
DA:37,2
DA:38,0
DA:39,0
DA:40,0
DA:41,0
DA:44,2
LF:33
LH:15
BRDA:26,0,0,0
BRDA:26,0,1,0
BRDA:32,1,0,0
BRDA:32,1,1,0
BRDA:39,2,0,0
BRDA:39,2,1,0
BRF:6
BRH:0
end_of_record
TN:
SF:src\routes\depreciation.js
FN:14,(anonymous_0)
FN:26,(anonymous_1)
FN:32,(anonymous_2)
FN:38,(anonymous_3)
FN:44,(anonymous_4)
FN:49,(anonymous_5)
FNF:6
FNH:0
FNDA:0,(anonymous_0)
FNDA:0,(anonymous_1)
FNDA:0,(anonymous_2)
FNDA:0,(anonymous_3)
FNDA:0,(anonymous_4)
FNDA:0,(anonymous_5)
DA:1,2
DA:2,2
DA:3,2
DA:4,2
DA:5,2
DA:6,2
DA:14,2
DA:15,0
DA:16,0
DA:22,0
DA:26,2
DA:27,0
DA:28,0
DA:32,2
DA:33,0
DA:34,0
DA:38,2
DA:39,0
DA:40,0
DA:41,0
DA:44,2
DA:45,0
DA:46,0
DA:49,2
DA:50,0
DA:51,0
DA:54,2
LF:27
LH:13
BRDA:15,0,0,0
BRDA:15,1,0,0
BRDA:17,2,0,0
BRDA:17,2,1,0
BRDA:39,3,0,0
BRDA:39,4,0,0
BRF:6
BRH:0
end_of_record
TN:
SF:src\routes\employees.js
FN:14,(anonymous_0)
FN:23,(anonymous_1)
FN:29,(anonymous_2)
FN:35,(anonymous_3)
FN:41,(anonymous_4)
FN:48,(anonymous_5)
FNF:6
FNH:0
FNDA:0,(anonymous_0)
FNDA:0,(anonymous_1)
FNDA:0,(anonymous_2)
FNDA:0,(anonymous_3)
FNDA:0,(anonymous_4)
FNDA:0,(anonymous_5)
DA:1,2
DA:2,2
DA:3,2
DA:4,2
DA:5,2
DA:6,2
DA:7,2
DA:14,2
DA:15,0
DA:16,0
DA:19,0
DA:23,2
DA:24,0
DA:25,0
DA:29,2
DA:30,0
DA:31,0
DA:35,2
DA:36,0
DA:37,0
DA:41,2
DA:42,0
DA:43,0
DA:48,2
DA:49,0
DA:50,0
DA:53,0
DA:56,2
LF:28
LH:14
BRDA:15,0,0,0
BRDA:15,1,0,0
BRDA:49,2,0,0
BRDA:49,3,0,0
BRF:4
BRH:0
end_of_record
TN:
SF:src\routes\health.js
FN:14,(anonymous_0)
FN:21,(anonymous_1)
FN:27,(anonymous_2)
FN:33,(anonymous_3)
FN:39,(anonymous_4)
FNF:5
FNH:0
FNDA:0,(anonymous_0)
FNDA:0,(anonymous_1)
FNDA:0,(anonymous_2)
FNDA:0,(anonymous_3)
FNDA:0,(anonymous_4)
DA:1,2
DA:2,2
DA:3,2
DA:4,2
DA:5,2
DA:6,2
DA:14,2
DA:15,0
DA:16,0
DA:17,0
DA:21,2
DA:22,0
DA:23,0
DA:27,2
DA:28,0
DA:29,0
DA:33,2
DA:34,0
DA:35,0
DA:39,2
DA:40,0
DA:41,0
DA:44,2
LF:23
LH:12
BRDA:15,0,0,0
BRDA:15,1,0,0
BRF:2
BRH:0
end_of_record
TN:
SF:src\routes\maintenance.js
FN:13,(anonymous_0)
FN:22,(anonymous_1)
FN:28,(anonymous_2)
FN:34,(anonymous_3)
FN:40,(anonymous_4)
FN:46,(anonymous_5)
FN:55,(anonymous_6)
FN:63,(anonymous_7)
FNF:8
FNH:0
FNDA:0,(anonymous_0)
FNDA:0,(anonymous_1)
FNDA:0,(anonymous_2)
FNDA:0,(anonymous_3)
FNDA:0,(anonymous_4)
FNDA:0,(anonymous_5)
FNDA:0,(anonymous_6)
FNDA:0,(anonymous_7)
DA:1,2
DA:2,2
DA:3,2
DA:4,2
DA:5,2
DA:13,2
DA:14,0
DA:15,0
DA:18,0
DA:22,2
DA:23,0
DA:24,0
DA:28,2
DA:29,0
DA:30,0
DA:34,2
DA:35,0
DA:36,0
DA:40,2
DA:41,0
DA:42,0
DA:46,2
DA:47,0
DA:48,0
DA:51,0
DA:55,2
DA:56,0
DA:59,0
DA:63,2
DA:64,0
DA:65,0
DA:70,0
DA:73,2
LF:33
LH:14
BRDA:14,0,0,0
BRDA:14,1,0,0
BRDA:64,2,0,0
BRDA:64,3,0,0
BRF:4
BRH:0
end_of_record
TN:
SF:src\routes\notifications.js
FN:7,(anonymous_0)
FN:13,(anonymous_1)
FN:18,(anonymous_2)
FN:23,(anonymous_3)
FN:28,(anonymous_4)
FN:33,(anonymous_5)
FN:38,(anonymous_6)
FNF:7
FNH:0
FNDA:0,(anonymous_0)
FNDA:0,(anonymous_1)
FNDA:0,(anonymous_2)
FNDA:0,(anonymous_3)
FNDA:0,(anonymous_4)
FNDA:0,(anonymous_5)
FNDA:0,(anonymous_6)
DA:1,2
DA:2,2
DA:3,2
DA:4,2
DA:5,2
DA:7,2
DA:8,0
DA:9,0
DA:10,0
DA:13,2
DA:14,0
DA:15,0
DA:18,2
DA:19,0
DA:20,0
DA:23,2
DA:24,0
DA:25,0
DA:28,2
DA:29,0
DA:30,0
DA:33,2
DA:34,0
DA:35,0
DA:38,2
DA:39,0
DA:40,0
DA:43,2
LF:28
LH:13
BRDA:8,0,0,0
BRDA:8,1,0,0
BRDA:8,2,0,0
BRF:3
BRH:0
end_of_record
TN:
SF:src\routes\ocr.js
FN:19,(anonymous_0)
FN:33,(anonymous_1)
FNF:2
FNH:0
FNDA:0,(anonymous_0)
FNDA:0,(anonymous_1)
DA:1,2
DA:2,2
DA:3,2
DA:4,2
DA:5,2
DA:6,2
DA:16,2
DA:20,0
DA:21,0
DA:22,0
DA:24,0
DA:33,2
DA:34,0
DA:35,0
DA:37,0
DA:38,0
DA:41,2
LF:17
LH:9
BRDA:21,0,0,0
BRDA:21,0,1,0
BRDA:34,1,0,0
BRDA:34,1,1,0
BRF:4
BRH:0
end_of_record
TN:
SF:src\routes\qr.js
FN:12,(anonymous_0)
FN:37,(anonymous_1)
FN:46,(anonymous_2)
FNF:3
FNH:0
FNDA:0,(anonymous_0)
FNDA:0,(anonymous_1)
FNDA:0,(anonymous_2)
DA:1,2
DA:2,2
DA:3,2
DA:4,2
DA:5,2
DA:6,2
DA:7,2
DA:8,2
DA:9,2
DA:10,2
DA:12,2
DA:13,0
DA:15,0
DA:16,0
DA:18,0
DA:20,0
DA:21,0
DA:22,0
DA:26,0
DA:29,0
DA:30,0
DA:31,0
DA:33,0
DA:34,0
DA:37,2
DA:38,0
DA:39,0
DA:41,0
DA:43,0
DA:46,2
DA:47,0
DA:48,0
DA:49,0
DA:51,0
DA:52,0
DA:53,0
DA:56,2
LF:37
LH:14
BRDA:16,0,0,0
BRDA:16,0,1,0
BRDA:20,1,0,0
BRDA:20,1,1,0
BRDA:49,2,0,0
BRDA:49,2,1,0
BRF:6
BRH:0
end_of_record
TN:
SF:src\routes\reports.js
FN:17,(anonymous_0)
FN:34,(anonymous_1)
FN:51,(anonymous_2)
FN:68,(anonymous_3)
FN:85,(anonymous_4)
FNF:5
FNH:0
FNDA:0,(anonymous_0)
FNDA:0,(anonymous_1)
FNDA:0,(anonymous_2)
FNDA:0,(anonymous_3)
FNDA:0,(anonymous_4)
DA:1,2
DA:2,2
DA:3,2
DA:4,2
DA:5,2
DA:6,2
DA:17,2
DA:18,0
DA:19,0
DA:20,0
DA:21,0
DA:22,0
DA:23,0
DA:25,0
DA:26,0
DA:27,0
DA:28,0
DA:34,2
DA:35,0
DA:36,0
DA:37,0
DA:38,0
DA:39,0
DA:40,0
DA:42,0
DA:43,0
DA:44,0
DA:45,0
DA:51,2
DA:52,0
DA:53,0
DA:54,0
DA:55,0
DA:56,0
DA:57,0
DA:59,0
DA:60,0
DA:61,0
DA:62,0
DA:68,2
DA:69,0
DA:70,0
DA:71,0
DA:72,0
DA:73,0
DA:74,0
DA:76,0
DA:77,0
DA:78,0
DA:79,0
DA:85,2
DA:86,0
DA:87,0
DA:88,0
DA:89,0
DA:92,2
LF:56
LH:12
BRDA:18,0,0,0
BRDA:19,1,0,0
BRDA:19,1,1,0
BRDA:35,2,0,0
BRDA:36,3,0,0
BRDA:36,3,1,0
BRDA:52,4,0,0
BRDA:52,5,0,0
BRDA:53,6,0,0
BRDA:53,6,1,0
BRDA:69,7,0,0
BRDA:70,8,0,0
BRDA:70,8,1,0
BRF:13
BRH:0
end_of_record
TN:
SF:src\routes\users.js
FN:11,(anonymous_0)
FN:38,(anonymous_1)
FN:49,(anonymous_2)
FN:63,(anonymous_3)
FN:119,(anonymous_4)
FN:124,(anonymous_5)
FN:173,(anonymous_6)
FN:178,(anonymous_7)
FNF:8
FNH:0
FNDA:0,(anonymous_0)
FNDA:0,(anonymous_1)
FNDA:0,(anonymous_2)
FNDA:0,(anonymous_3)
FNDA:0,(anonymous_4)
FNDA:0,(anonymous_5)
FNDA:0,(anonymous_6)
FNDA:0,(anonymous_7)
DA:1,2
DA:2,2
DA:3,2
DA:4,2
DA:5,2
DA:6,2
DA:7,2
DA:8,2
DA:11,2
DA:12,0
DA:13,0
DA:14,0
DA:16,0
DA:26,0
DA:38,0
DA:49,0
DA:53,0
DA:63,2
DA:64,0
DA:66,0
DA:67,0
DA:70,0
DA:71,0
DA:72,0
DA:75,0
DA:77,0
DA:89,0
DA:90,0
DA:91,0
DA:92,0
DA:93,0
DA:98,0
DA:99,0
DA:100,0
DA:104,0
DA:111,0
DA:119,0
DA:124,2
DA:125,0
DA:126,0
DA:128,0
DA:129,0
DA:130,0
DA:133,0
DA:134,0
DA:135,0
DA:136,0
DA:137,0
DA:138,0
DA:140,0
DA:141,0
DA:144,0
DA:147,0
DA:149,0
DA:150,0
DA:151,0
DA:152,0
DA:153,0
DA:158,0
DA:165,0
DA:173,0
DA:178,2
DA:179,0
DA:180,0
DA:181,0
DA:182,0
DA:186,0
DA:187,0
DA:189,0
DA:192,2
LF:70
LH:13
BRDA:12,0,0,0
BRDA:12,1,0,0
BRDA:12,2,0,0
BRDA:16,3,0,0
BRDA:16,3,1,0
BRDA:48,4,0,0
BRDA:48,4,1,0
BRDA:49,5,0,0
BRDA:49,5,1,0
BRDA:66,6,0,0
BRDA:66,6,1,0
BRDA:66,7,0,0
BRDA:66,7,1,0
BRDA:66,7,2,0
BRDA:66,7,3,0
BRDA:71,8,0,0
BRDA:71,8,1,0
BRDA:83,9,0,0
BRDA:83,9,1,0
BRDA:89,10,0,0
BRDA:89,10,1,0
BRDA:89,11,0,0
BRDA:89,11,1,0
BRDA:92,12,0,0
BRDA:92,12,1,0
BRDA:99,13,0,0
BRDA:99,13,1,0
BRDA:118,14,0,0
BRDA:118,14,1,0
BRDA:119,15,0,0
BRDA:119,15,1,0
BRDA:129,16,0,0
BRDA:129,16,1,0
BRDA:133,17,0,0
BRDA:133,17,1,0
BRDA:134,18,0,0
BRDA:134,18,1,0
BRDA:135,19,0,0
BRDA:135,19,1,0
BRDA:136,20,0,0
BRDA:136,20,1,0
BRDA:137,21,0,0
BRDA:137,21,1,0
BRDA:137,22,0,0
BRDA:137,22,1,0
BRDA:138,23,0,0
BRDA:138,23,1,0
BRDA:140,24,0,0
BRDA:140,24,1,0
BRDA:147,25,0,0
BRDA:147,25,1,0
BRDA:152,26,0,0
BRDA:152,26,1,0
BRDA:172,27,0,0
BRDA:172,27,1,0
BRDA:173,28,0,0
BRDA:173,28,1,0
BRDA:181,29,0,0
BRDA:181,29,1,0
BRF:59
BRH:0
end_of_record
TN:
SF:src\routes\vendors.js
FN:12,(anonymous_0)
FN:18,(anonymous_1)
FN:23,(anonymous_2)
FN:28,(anonymous_3)
FN:33,(anonymous_4)
FN:40,(anonymous_5)
FN:45,(anonymous_6)
FNF:7
FNH:0
FNDA:0,(anonymous_0)
FNDA:0,(anonymous_1)
FNDA:0,(anonymous_2)
FNDA:0,(anonymous_3)
FNDA:0,(anonymous_4)
FNDA:0,(anonymous_5)
FNDA:0,(anonymous_6)
DA:1,2
DA:2,2
DA:3,2
DA:4,2
DA:5,2
DA:6,2
DA:12,2
DA:13,0
DA:14,0
DA:15,0
DA:18,2
DA:19,0
DA:20,0
DA:23,2
DA:24,0
DA:25,0
DA:28,2
DA:29,0
DA:30,0
DA:33,2
DA:34,0
DA:35,0
DA:40,2
DA:41,0
DA:42,0
DA:45,2
DA:46,0
DA:47,0
DA:50,2
LF:29
LH:14
BRDA:13,0,0,0
BRDA:13,1,0,0
BRF:2
BRH:0
end_of_record
TN:
SF:src\routes\warranty.js
FN:7,(anonymous_0)
FN:13,(anonymous_1)
FN:19,(anonymous_2)
FN:24,(anonymous_3)
FNF:4
FNH:0
FNDA:0,(anonymous_0)
FNDA:0,(anonymous_1)
FNDA:0,(anonymous_2)
FNDA:0,(anonymous_3)
DA:1,2
DA:2,2
DA:3,2
DA:4,2
DA:5,2
DA:7,2
DA:8,0
DA:9,0
DA:10,0
DA:13,2
DA:14,0
DA:15,0
DA:16,0
DA:19,2
DA:20,0
DA:21,0
DA:24,2
DA:25,0
DA:26,0
DA:29,2
LF:20
LH:10
BRDA:8,0,0,0
BRDA:8,1,0,0
BRDA:14,2,0,0
BRDA:14,3,0,0
BRDA:14,4,0,0
BRF:5
BRH:0
end_of_record
TN:
SF:src\services\aiService.js
FN:20,chat
FN:64,buildDatabaseContext
FN:86,(anonymous_2)
FN:111,(anonymous_3)
FN:131,(anonymous_4)
FN:152,(anonymous_5)
FN:176,(anonymous_6)
FN:192,(anonymous_7)
FN:211,(anonymous_8)
FN:243,(anonymous_9)
FN:245,(anonymous_10)
FN:247,(anonymous_11)
FN:270,buildSystemPrompt
FN:284,callGeminiApi
FN:308,generateFallbackResponse
FN:357,saveChatHistory
FN:365,getChatHistory
FN:382,(anonymous_17)
FN:391,deleteChatHistoryItem
FN:397,clearUserChatHistory
FNF:20
FNH:0
FNDA:0,chat
FNDA:0,buildDatabaseContext
FNDA:0,(anonymous_2)
FNDA:0,(anonymous_3)
FNDA:0,(anonymous_4)
FNDA:0,(anonymous_5)
FNDA:0,(anonymous_6)
FNDA:0,(anonymous_7)
FNDA:0,(anonymous_8)
FNDA:0,(anonymous_9)
FNDA:0,(anonymous_10)
FNDA:0,(anonymous_11)
FNDA:0,buildSystemPrompt
FNDA:0,callGeminiApi
FNDA:0,generateFallbackResponse
FNDA:0,saveChatHistory
FNDA:0,getChatHistory
FNDA:0,(anonymous_17)
FNDA:0,deleteChatHistoryItem
FNDA:0,clearUserChatHistory
DA:1,2
DA:7,2
DA:8,2
DA:9,2
DA:10,2
DA:21,0
DA:24,0
DA:25,0
DA:28,0
DA:29,0
DA:30,0
DA:32,0
DA:38,0
DA:42,0
DA:44,0
DA:45,0
DA:47,0
DA:48,0
DA:49,0
DA:51,0
DA:52,0
DA:57,0
DA:59,0
DA:65,0
DA:66,0
DA:67,0
DA:69,0
DA:71,0
DA:73,0
DA:82,0
DA:83,0
DA:84,0
DA:86,0
DA:87,0
DA:92,0
DA:94,0
DA:95,0
DA:107,0
DA:108,0
DA:109,0
DA:111,0
DA:112,0
DA:117,0
DA:119,0
DA:127,0
DA:128,0
DA:129,0
DA:131,0
DA:132,0
DA:137,0
DA:139,0
DA:148,0
DA:149,0
DA:150,0
DA:152,0
DA:153,0
DA:154,0
DA:155,0
DA:160,0
DA:162,0
DA:172,0
DA:173,0
DA:174,0
DA:176,0
DA:177,0
DA:182,0
DA:184,0
DA:188,0
DA:189,0
DA:190,0
DA:192,0
DA:193,0
DA:194,0
DA:195,0
DA:200,0
DA:202,0
DA:207,0
DA:208,0
DA:209,0
DA:211,0
DA:212,0
DA:213,0
DA:220,0
DA:226,0
DA:227,0
DA:228,0
DA:229,0
DA:230,0
DA:234,0
DA:235,0
DA:242,0
DA:243,0
DA:244,0
DA:245,0
DA:246,0
DA:247,0
DA:248,0
DA:249,0
DA:252,0
DA:253,0
DA:254,0
DA:258,0
DA:259,0
DA:262,0
DA:263,0
DA:266,0
DA:267,0
DA:271,0
DA:285,0
DA:286,0
DA:287,0
DA:292,0
DA:293,0
DA:294,0
DA:295,0
DA:296,0
DA:299,0
DA:301,0
DA:302,0
DA:309,0
DA:311,0
DA:312,0
DA:313,0
DA:316,0
DA:317,0
DA:318,0
DA:319,0
DA:329,0
DA:332,0
DA:333,0
DA:334,0
DA:337,0
DA:338,0
DA:339,0
DA:342,0
DA:343,0
DA:349,0
DA:352,0
DA:358,0
DA:359,0
DA:361,0
DA:366,0
DA:368,0
DA:369,0
DA:375,0
DA:382,0
DA:392,0
DA:398,0
DA:403,2
LF:149
LH:6
BRDA:28,0,0,0
BRDA:28,0,1,0
BRDA:29,1,0,0
BRDA:29,1,1,0
BRDA:30,2,0,0
BRDA:30,2,1,0
BRDA:32,3,0,0
BRDA:32,3,1,0
BRDA:32,3,2,0
BRDA:32,3,3,0
BRDA:32,3,4,0
BRDA:38,4,0,0
BRDA:38,4,1,0
BRDA:39,5,0,0
BRDA:39,5,1,0
BRDA:40,6,0,0
BRDA:40,6,1,0
BRDA:40,6,2,0
BRDA:42,7,0,0
BRDA:42,7,1,0
BRDA:42,8,0,0
BRDA:42,8,1,0
BRDA:65,9,0,0
BRDA:65,9,1,0
BRDA:71,10,0,0
BRDA:71,10,1,0
BRDA:71,11,0,0
BRDA:71,11,1,0
BRDA:71,11,2,0
BRDA:71,11,3,0
BRDA:83,12,0,0
BRDA:83,12,1,0
BRDA:87,13,0,0
BRDA:87,13,1,0
BRDA:87,14,0,0
BRDA:87,14,1,0
BRDA:87,15,0,0
BRDA:87,15,1,0
BRDA:87,16,0,0
BRDA:87,16,1,0
BRDA:87,17,0,0
BRDA:87,17,1,0
BRDA:92,18,0,0
BRDA:92,18,1,0
BRDA:92,19,0,0
BRDA:92,19,1,0
BRDA:92,19,2,0
BRDA:108,20,0,0
BRDA:108,20,1,0
BRDA:112,21,0,0
BRDA:112,21,1,0
BRDA:112,22,0,0
BRDA:112,22,1,0
BRDA:112,23,0,0
BRDA:112,23,1,0
BRDA:117,24,0,0
BRDA:117,24,1,0
BRDA:117,25,0,0
BRDA:117,25,1,0
BRDA:117,25,2,0
BRDA:117,25,3,0
BRDA:117,25,4,0
BRDA:117,25,5,0
BRDA:128,26,0,0
BRDA:128,26,1,0
BRDA:132,27,0,0
BRDA:132,27,1,0
BRDA:132,28,0,0
BRDA:132,28,1,0
BRDA:132,29,0,0
BRDA:132,29,1,0
BRDA:132,30,0,0
BRDA:132,30,1,0
BRDA:137,31,0,0
BRDA:137,31,1,0
BRDA:137,32,0,0
BRDA:137,32,1,0
BRDA:137,32,2,0
BRDA:137,32,3,0
BRDA:149,33,0,0
BRDA:149,33,1,0
BRDA:153,34,0,0
BRDA:153,34,1,0
BRDA:154,35,0,0
BRDA:154,35,1,0
BRDA:155,36,0,0
BRDA:155,36,1,0
BRDA:155,37,0,0
BRDA:155,37,1,0
BRDA:160,38,0,0
BRDA:160,38,1,0
BRDA:160,39,0,0
BRDA:160,39,1,0
BRDA:160,39,2,0
BRDA:160,39,3,0
BRDA:160,39,4,0
BRDA:173,40,0,0
BRDA:173,40,1,0
BRDA:177,41,0,0
BRDA:177,41,1,0
BRDA:177,42,0,0
BRDA:177,42,1,0
BRDA:177,43,0,0
BRDA:177,43,1,0
BRDA:177,44,0,0
BRDA:177,44,1,0
BRDA:182,45,0,0
BRDA:182,45,1,0
BRDA:182,46,0,0
BRDA:182,46,1,0
BRDA:182,46,2,0
BRDA:182,46,3,0
BRDA:182,46,4,0
BRDA:182,46,5,0
BRDA:189,47,0,0
BRDA:189,47,1,0
BRDA:193,48,0,0
BRDA:193,48,1,0
BRDA:194,49,0,0
BRDA:194,49,1,0
BRDA:195,50,0,0
BRDA:195,50,1,0
BRDA:195,51,0,0
BRDA:195,51,1,0
BRDA:200,52,0,0
BRDA:200,52,1,0
BRDA:200,53,0,0
BRDA:200,53,1,0
BRDA:200,53,2,0
BRDA:200,53,3,0
BRDA:208,54,0,0
BRDA:208,54,1,0
BRDA:212,55,0,0
BRDA:212,55,1,0
BRDA:244,56,0,0
BRDA:244,56,1,0
BRDA:247,57,0,0
BRDA:247,57,1,0
BRDA:248,58,0,0
BRDA:248,58,1,0
BRDA:249,59,0,0
BRDA:249,59,1,0
BRDA:252,60,0,0
BRDA:252,60,1,0
BRDA:252,61,0,0
BRDA:252,61,1,0
BRDA:258,62,0,0
BRDA:258,62,1,0
BRDA:293,63,0,0
BRDA:293,63,1,0
BRDA:293,64,0,0
BRDA:293,64,1,0
BRDA:295,65,0,0
BRDA:295,65,1,0
BRDA:295,66,0,0
BRDA:295,66,1,0
BRDA:309,67,0,0
BRDA:309,67,1,0
BRDA:311,68,0,0
BRDA:311,68,1,0
BRDA:311,69,0,0
BRDA:311,69,1,0
BRDA:311,69,2,0
BRDA:311,69,3,0
BRDA:316,70,0,0
BRDA:316,70,1,0
BRDA:316,71,0,0
BRDA:316,71,1,0
BRDA:316,71,2,0
BRDA:332,72,0,0
BRDA:332,72,1,0
BRDA:332,73,0,0
BRDA:332,73,1,0
BRDA:332,73,2,0
BRDA:337,74,0,0
BRDA:337,74,1,0
BRDA:337,75,0,0
BRDA:337,75,1,0
BRDA:342,76,0,0
BRDA:342,76,1,0
BRDA:342,77,0,0
BRDA:342,77,1,0
BRDA:342,77,2,0
BRDA:365,78,0,0
BRDA:365,79,0,0
BRDA:365,80,0,0
BRDA:368,81,0,0
BRDA:368,81,1,0
BRDA:368,82,0,0
BRDA:368,82,1,0
BRDA:387,83,0,0
BRDA:387,83,1,0
BRF:192
BRH:0
end_of_record
TN:
SF:src\services\allocationService.js
FN:15,assignAsset
FN:75,returnAsset
FN:117,transferAsset
FN:122,getAllocations
FN:135,getAllocation
FN:139,getEmployeeAllocations
FN:153,getAssetAllocations
FN:166,findAllocationById
FN:172,getAllocationIncludes
FN:181,toResponse
FNF:10
FNH:0
FNDA:0,assignAsset
FNDA:0,returnAsset
FNDA:0,transferAsset
FNDA:0,getAllocations
FNDA:0,getAllocation
FNDA:0,getEmployeeAllocations
FNDA:0,getAssetAllocations
FNDA:0,findAllocationById
FNDA:0,getAllocationIncludes
FNDA:0,toResponse
DA:1,2
DA:4,2
DA:5,2
DA:6,2
DA:7,2
DA:8,2
DA:16,0
DA:17,0
DA:18,0
DA:19,0
DA:22,0
DA:23,0
DA:24,0
DA:26,0
DA:37,0
DA:38,0
DA:42,0
DA:48,0
DA:60,0
DA:61,0
DA:69,0
DA:72,0
DA:76,0
DA:77,0
DA:78,0
DA:81,0
DA:88,0
DA:89,0
DA:91,0
DA:93,0
DA:102,0
DA:103,0
DA:111,0
DA:114,0
DA:118,0
DA:119,0
DA:123,0
DA:124,0
DA:132,0
DA:136,0
DA:140,0
DA:147,0
DA:151,2
DA:154,0
DA:161,0
DA:167,0
DA:168,0
DA:169,0
DA:173,0
DA:182,0
DA:183,0
DA:204,2
LF:52
LH:8
BRDA:17,0,0,0
BRDA:17,0,1,0
BRDA:18,1,0,0
BRDA:18,1,1,0
BRDA:23,2,0,0
BRDA:23,2,1,0
BRDA:24,3,0,0
BRDA:24,3,1,0
BRDA:31,4,0,0
BRDA:31,4,1,0
BRDA:33,5,0,0
BRDA:33,5,1,0
BRDA:34,6,0,0
BRDA:34,6,1,0
BRDA:37,7,0,0
BRDA:37,7,1,0
BRDA:38,8,0,0
BRDA:38,8,1,0
BRDA:45,9,0,0
BRDA:45,9,1,0
BRDA:60,10,0,0
BRDA:60,10,1,0
BRDA:77,11,0,0
BRDA:77,11,1,0
BRDA:85,12,0,0
BRDA:85,12,1,0
BRDA:102,13,0,0
BRDA:102,13,1,0
BRDA:122,14,0,0
BRDA:122,15,0,0
BRDA:122,16,0,0
BRDA:123,17,0,0
BRDA:123,17,1,0
BRDA:139,18,0,0
BRDA:139,19,0,0
BRDA:153,20,0,0
BRDA:153,21,0,0
BRDA:168,22,0,0
BRDA:168,22,1,0
BRDA:182,23,0,0
BRDA:182,23,1,0
BRDA:185,24,0,0
BRDA:185,24,1,0
BRDA:188,25,0,0
BRDA:188,25,1,0
BRDA:189,26,0,0
BRDA:189,26,1,0
BRDA:191,27,0,0
BRDA:191,27,1,0
BRDA:192,28,0,0
BRDA:192,28,1,0
BRF:51
BRH:0
end_of_record
TN:
SF:src\services\assetHealthService.js
FN:11,calculateForAsset
FN:19,recalculateAll
FN:38,getHealthScore
FN:48,getHighRiskAssets
FN:61,calculateAndSave
FN:123,buildRecommendations
FN:134,toResponse
FNF:7
FNH:0
FNDA:0,calculateForAsset
FNDA:0,recalculateAll
FNDA:0,getHealthScore
FNDA:0,getHighRiskAssets
FNDA:0,calculateAndSave
FNDA:0,buildRecommendations
FNDA:0,toResponse
DA:1,2
DA:2,2
DA:3,2
DA:4,2
DA:5,2
DA:12,0
DA:15,0
DA:16,0
DA:20,0
DA:21,0
DA:26,0
DA:27,0
DA:28,0
DA:29,0
DA:30,0
DA:32,0
DA:35,0
DA:39,0
DA:40,0
DA:41,0
DA:42,0
DA:43,0
DA:45,0
DA:49,0
DA:56,0
DA:62,0
DA:76,0
DA:77,0
DA:78,0
DA:80,0
DA:91,0
DA:92,0
DA:93,0
DA:94,0
DA:96,0
DA:98,0
DA:114,0
DA:116,0
DA:120,0
DA:124,0
DA:125,0
DA:126,0
DA:127,0
DA:128,0
DA:129,0
DA:130,0
DA:131,0
DA:135,0
DA:136,0
DA:156,2
LF:50
LH:6
BRDA:15,0,0,0
BRDA:15,0,1,0
BRDA:40,1,0,0
BRDA:40,1,1,0
BRDA:43,2,0,0
BRDA:43,2,1,0
BRDA:48,3,0,0
BRDA:48,4,0,0
BRDA:76,5,0,0
BRDA:76,5,1,0
BRDA:77,6,0,0
BRDA:77,6,1,0
BRDA:78,7,0,0
BRDA:78,7,1,0
BRDA:85,8,0,0
BRDA:85,8,1,0
BRDA:92,9,0,0
BRDA:92,9,1,0
BRDA:125,10,0,0
BRDA:125,10,1,0
BRDA:126,11,0,0
BRDA:126,11,1,0
BRDA:127,12,0,0
BRDA:127,12,1,0
BRDA:128,13,0,0
BRDA:128,13,1,0
BRDA:129,14,0,0
BRDA:129,14,1,0
BRDA:130,15,0,0
BRDA:130,15,1,0
BRDA:135,16,0,0
BRDA:135,16,1,0
BRDA:138,17,0,0
BRDA:138,17,1,0
BRDA:141,18,0,0
BRDA:141,18,1,0
BRDA:143,19,0,0
BRDA:143,19,1,0
BRDA:144,20,0,0
BRDA:144,20,1,0
BRDA:145,21,0,0
BRDA:145,21,1,0
BRDA:146,22,0,0
BRDA:146,22,1,0
BRDA:147,23,0,0
BRDA:147,23,1,0
BRDA:149,24,0,0
BRDA:149,24,1,0
BRF:48
BRH:0
end_of_record
TN:
SF:src\services\assetService.js
FN:26,createAsset
FN:93,updateAsset
FN:137,updateAssetImage
FN:153,deleteAsset
FN:173,getAsset
FN:177,getAssetByTag
FN:188,getAssets
FN:223,getMovementHistory
FN:239,recordMovement
FN:258,getStatusCounts
FN:271,findById
FN:280,getIncludes
FN:294,getCachedAsset
FN:303,setCachedAsset
FN:310,evictCachedAsset
FN:318,toResponse
FN:361,findByIdentifier
FN:388,generateQr
FN:419,getAssetHistory
FN:442,(anonymous_19)
FN:451,(anonymous_20)
FN:475,(anonymous_21)
FN:496,(anonymous_22)
FN:501,getAssetMaintenance
FN:517,getAssetDocuments
FN:530,reportIssue
FN:568,logQrScan
FNF:27
FNH:0
FNDA:0,createAsset
FNDA:0,updateAsset
FNDA:0,updateAssetImage
FNDA:0,deleteAsset
FNDA:0,getAsset
FNDA:0,getAssetByTag
FNDA:0,getAssets
FNDA:0,getMovementHistory
FNDA:0,recordMovement
FNDA:0,getStatusCounts
FNDA:0,findById
FNDA:0,getIncludes
FNDA:0,getCachedAsset
FNDA:0,setCachedAsset
FNDA:0,evictCachedAsset
FNDA:0,toResponse
FNDA:0,findByIdentifier
FNDA:0,generateQr
FNDA:0,getAssetHistory
FNDA:0,(anonymous_19)
FNDA:0,(anonymous_20)
FNDA:0,(anonymous_21)
FNDA:0,(anonymous_22)
FNDA:0,getAssetMaintenance
FNDA:0,getAssetDocuments
FNDA:0,reportIssue
FNDA:0,logQrScan
DA:1,2
DA:6,2
DA:7,2
DA:8,2
DA:9,2
DA:10,2
DA:15,2
DA:16,2
DA:17,2
DA:27,0
DA:28,0
DA:29,0
DA:32,0
DA:33,0
DA:36,0
DA:37,0
DA:38,0
DA:43,0
DA:47,0
DA:48,0
DA:50,0
DA:74,0
DA:75,0
DA:76,0
DA:77,0
DA:78,0
DA:79,0
DA:81,0
DA:84,0
DA:87,0
DA:88,0
DA:94,0
DA:95,0
DA:97,0
DA:98,0
DA:101,0
DA:102,0
DA:103,0
DA:108,0
DA:111,0
DA:129,0
DA:131,0
DA:134,0
DA:138,0
DA:139,0
DA:141,0
DA:143,0
DA:145,0
DA:148,0
DA:154,0
DA:155,0
DA:156,0
DA:159,0
DA:165,0
DA:167,0
DA:174,0
DA:178,0
DA:182,0
DA:183,0
DA:189,0
DA:191,0
DA:192,0
DA:193,0
DA:195,0
DA:196,0
DA:205,0
DA:206,0
DA:207,0
DA:209,0
DA:218,0
DA:224,0
DA:226,0
DA:234,0
DA:240,0
DA:241,0
DA:259,0
DA:266,0
DA:272,0
DA:276,0
DA:277,0
DA:281,0
DA:291,2
DA:292,2
DA:295,0
DA:296,0
DA:297,0
DA:298,0
DA:300,0
DA:304,0
DA:311,0
DA:312,0
DA:313,0
DA:314,0
DA:315,0
DA:319,0
DA:320,0
DA:362,0
DA:363,0
DA:365,0
DA:366,0
DA:367,0
DA:368,0
DA:370,0
DA:375,0
DA:379,0
DA:381,0
DA:382,0
DA:383,0
DA:385,0
DA:389,0
DA:390,0
DA:391,0
DA:393,0
DA:394,0
DA:395,0
DA:397,0
DA:400,0
DA:401,0
DA:402,0
DA:403,0
DA:404,0
DA:406,0
DA:407,0
DA:408,0
DA:410,0
DA:413,0
DA:416,0
DA:420,0
DA:421,0
DA:423,0
DA:440,0
DA:442,0
DA:443,0
DA:451,0
DA:452,0
DA:453,0
DA:455,0
DA:463,0
DA:464,0
DA:465,0
DA:475,0
DA:476,0
DA:478,0
DA:479,0
DA:480,0
DA:481,0
DA:482,0
DA:485,0
DA:487,0
DA:496,0
DA:498,0
DA:502,0
DA:503,0
DA:505,0
DA:514,0
DA:518,0
DA:519,0
DA:521,0
DA:527,0
DA:531,0
DA:532,0
DA:534,0
DA:535,0
DA:536,0
DA:538,0
DA:550,0
DA:551,0
DA:552,0
DA:553,0
DA:560,0
DA:563,0
DA:565,0
DA:569,0
DA:570,0
DA:579,0
DA:583,2
LF:176
LH:12
BRDA:27,0,0,0
BRDA:27,0,1,0
BRDA:29,1,0,0
BRDA:29,1,1,0
BRDA:33,2,0,0
BRDA:33,2,1,0
BRDA:37,3,0,0
BRDA:37,3,1,0
BRDA:37,4,0,0
BRDA:37,4,1,0
BRDA:40,5,0,0
BRDA:40,5,1,0
BRDA:55,6,0,0
BRDA:55,6,1,0
BRDA:56,7,0,0
BRDA:56,7,1,0
BRDA:57,8,0,0
BRDA:57,8,1,0
BRDA:58,9,0,0
BRDA:58,9,1,0
BRDA:59,10,0,0
BRDA:59,10,1,0
BRDA:61,11,0,0
BRDA:61,11,1,0
BRDA:62,12,0,0
BRDA:62,12,1,0
BRDA:63,13,0,0
BRDA:63,13,1,0
BRDA:64,14,0,0
BRDA:64,14,1,0
BRDA:65,15,0,0
BRDA:65,15,1,0
BRDA:66,16,0,0
BRDA:66,16,1,0
BRDA:67,17,0,0
BRDA:67,17,1,0
BRDA:68,18,0,0
BRDA:68,18,1,0
BRDA:98,19,0,0
BRDA:98,19,1,0
BRDA:102,20,0,0
BRDA:102,20,1,0
BRDA:102,21,0,0
BRDA:102,21,1,0
BRDA:105,22,0,0
BRDA:105,22,1,0
BRDA:124,23,0,0
BRDA:124,23,1,0
BRDA:125,24,0,0
BRDA:125,24,1,0
BRDA:126,25,0,0
BRDA:126,25,1,0
BRDA:155,26,0,0
BRDA:155,26,1,0
BRDA:182,27,0,0
BRDA:182,27,1,0
BRDA:188,28,0,0
BRDA:188,29,0,0
BRDA:188,30,0,0
BRDA:188,31,0,0
BRDA:188,32,0,0
BRDA:191,33,0,0
BRDA:191,33,1,0
BRDA:192,34,0,0
BRDA:192,34,1,0
BRDA:193,35,0,0
BRDA:193,35,1,0
BRDA:195,36,0,0
BRDA:195,36,1,0
BRDA:206,37,0,0
BRDA:206,37,1,0
BRDA:207,38,0,0
BRDA:207,38,1,0
BRDA:223,39,0,0
BRDA:223,40,0,0
BRDA:239,41,0,0
BRDA:244,42,0,0
BRDA:244,42,1,0
BRDA:245,43,0,0
BRDA:245,43,1,0
BRDA:246,44,0,0
BRDA:246,44,1,0
BRDA:247,45,0,0
BRDA:247,45,1,0
BRDA:248,46,0,0
BRDA:248,46,1,0
BRDA:249,47,0,0
BRDA:249,47,1,0
BRDA:250,48,0,0
BRDA:250,48,1,0
BRDA:251,49,0,0
BRDA:251,49,1,0
BRDA:276,50,0,0
BRDA:276,50,1,0
BRDA:296,51,0,0
BRDA:296,51,1,0
BRDA:296,52,0,0
BRDA:296,52,1,0
BRDA:311,53,0,0
BRDA:311,53,1,0
BRDA:313,54,0,0
BRDA:313,54,1,0
BRDA:314,55,0,0
BRDA:314,55,1,0
BRDA:319,56,0,0
BRDA:319,56,1,0
BRDA:329,57,0,0
BRDA:329,57,1,0
BRDA:330,58,0,0
BRDA:330,58,1,0
BRDA:341,59,0,0
BRDA:341,59,1,0
BRDA:342,60,0,0
BRDA:342,60,1,0
BRDA:343,61,0,0
BRDA:343,61,1,0
BRDA:344,62,0,0
BRDA:344,62,1,0
BRDA:345,63,0,0
BRDA:345,63,1,0
BRDA:346,64,0,0
BRDA:346,64,1,0
BRDA:347,65,0,0
BRDA:347,65,1,0
BRDA:348,66,0,0
BRDA:348,66,1,0
BRDA:349,67,0,0
BRDA:349,67,1,0
BRDA:351,68,0,0
BRDA:351,68,1,0
BRDA:352,69,0,0
BRDA:352,69,1,0
BRDA:353,70,0,0
BRDA:353,70,1,0
BRDA:354,71,0,0
BRDA:354,71,1,0
BRDA:363,72,0,0
BRDA:363,72,1,0
BRDA:367,73,0,0
BRDA:367,73,1,0
BRDA:379,74,0,0
BRDA:379,74,1,0
BRDA:382,75,0,0
BRDA:382,75,1,0
BRDA:383,76,0,0
BRDA:383,76,1,0
BRDA:390,77,0,0
BRDA:390,77,1,0
BRDA:407,78,0,0
BRDA:407,78,1,0
BRDA:446,79,0,0
BRDA:446,79,1,0
BRDA:447,80,0,0
BRDA:447,80,1,0
BRDA:448,81,0,0
BRDA:448,81,1,0
BRDA:452,82,0,0
BRDA:452,82,1,0
BRDA:453,83,0,0
BRDA:453,83,1,0
BRDA:458,84,0,0
BRDA:458,84,1,0
BRDA:463,85,0,0
BRDA:463,85,1,0
BRDA:464,86,0,0
BRDA:464,86,1,0
BRDA:468,87,0,0
BRDA:468,87,1,0
BRDA:476,88,0,0
BRDA:476,88,1,0
BRDA:476,89,0,0
BRDA:476,89,1,0
BRDA:478,90,0,0
BRDA:478,90,1,0
BRDA:479,91,0,0
BRDA:479,91,1,0
BRDA:479,92,0,0
BRDA:479,92,1,0
BRDA:480,93,0,0
BRDA:480,93,1,0
BRDA:481,94,0,0
BRDA:481,94,1,0
BRDA:481,95,0,0
BRDA:481,95,1,0
BRDA:482,96,0,0
BRDA:482,96,1,0
BRDA:485,97,0,0
BRDA:485,97,1,0
BRDA:488,98,0,0
BRDA:488,98,1,0
BRDA:488,99,0,0
BRDA:488,99,1,0
BRDA:489,100,0,0
BRDA:489,100,1,0
BRDA:542,101,0,0
BRDA:542,101,1,0
BRDA:543,102,0,0
BRDA:543,102,1,0
BRDA:545,103,0,0
BRDA:545,103,1,0
BRDA:546,104,0,0
BRDA:546,104,1,0
BRDA:547,105,0,0
BRDA:547,105,1,0
BRDA:550,106,0,0
BRDA:550,106,1,0
BRDA:550,107,0,0
BRDA:550,107,1,0
BRDA:572,108,0,0
BRDA:572,108,1,0
BRDA:573,109,0,0
BRDA:573,109,1,0
BRDA:574,110,0,0
BRDA:574,110,1,0
BRDA:575,111,0,0
BRDA:575,111,1,0
BRF:216
BRH:0
end_of_record
TN:
SF:src\services\auditLogService.js
FN:9,log
FN:28,getAll
FNF:2
FNH:1
FNDA:5,log
FNDA:0,getAll
DA:1,2
DA:2,2
DA:10,5
DA:11,5
DA:24,0
DA:29,0
DA:30,0
DA:31,0
DA:33,0
DA:48,0
DA:51,2
LF:11
LH:5
BRDA:9,0,0,5
BRDA:9,1,0,5
BRDA:15,2,0,5
BRDA:15,2,1,5
BRDA:16,3,0,5
BRDA:16,3,1,4
BRDA:19,4,0,0
BRDA:19,4,1,5
BRDA:19,5,0,0
BRDA:19,5,1,0
BRDA:20,6,0,0
BRDA:20,6,1,5
BRDA:28,7,0,0
BRDA:28,8,0,0
BRDA:28,9,0,0
BRDA:30,10,0,0
BRDA:30,10,1,0
BRDA:31,11,0,0
BRDA:31,11,1,0
BRF:19
BRH:8
end_of_record
TN:
SF:src\services\authService.js
FN:29,login
FN:48,(anonymous_1)
FN:70,register
FN:125,refreshToken
FN:144,(anonymous_4)
FN:158,forgotPassword
FN:177,resetPassword
FN:198,changePassword
FN:221,logout
FN:235,getProfile
FN:258,(anonymous_10)
FN:266,updateProfile
FN:283,buildAuthResponse
FNF:13
FNH:4
FNDA:4,login
FNDA:5,(anonymous_1)
FNDA:1,register
FNDA:0,refreshToken
FNDA:0,(anonymous_4)
FNDA:0,forgotPassword
FNDA:0,resetPassword
FNDA:0,changePassword
FNDA:0,logout
FNDA:0,getProfile
FNDA:0,(anonymous_10)
FNDA:0,updateProfile
FNDA:5,buildAuthResponse
DA:1,2
DA:2,2
DA:3,2
DA:10,2
DA:11,2
DA:16,2
DA:17,2
DA:18,2
DA:19,2
DA:20,2
DA:30,4
DA:35,4
DA:36,0
DA:39,4
DA:40,0
DA:43,4
DA:44,4
DA:45,0
DA:48,5
DA:49,4
DA:51,4
DA:52,4
DA:55,4
DA:56,4
DA:57,4
DA:58,4
DA:59,4
DA:61,4
DA:64,4
DA:65,4
DA:71,1
DA:72,1
DA:73,0
DA:76,1
DA:77,1
DA:78,0
DA:79,0
DA:80,0
DA:84,1
DA:85,1
DA:86,1
DA:87,0
DA:90,1
DA:92,1
DA:103,1
DA:105,1
DA:106,1
DA:107,1
DA:108,1
DA:110,1
DA:111,1
DA:114,1
DA:116,1
DA:119,1
DA:120,1
DA:127,0
DA:128,0
DA:130,0
DA:131,0
DA:133,0
DA:136,0
DA:140,0
DA:141,0
DA:144,0
DA:145,0
DA:147,0
DA:148,0
DA:150,0
DA:151,0
DA:153,0
DA:159,0
DA:160,0
DA:162,0
DA:163,0
DA:166,0
DA:167,0
DA:168,0
DA:169,0
DA:171,0
DA:172,0
DA:178,0
DA:179,0
DA:180,0
DA:183,0
DA:184,0
DA:187,0
DA:188,0
DA:189,0
DA:190,0
DA:192,0
DA:193,0
DA:199,0
DA:200,0
DA:201,0
DA:204,0
DA:205,0
DA:206,0
DA:209,0
DA:210,0
DA:213,0
DA:214,0
DA:216,0
DA:222,0
DA:223,0
DA:224,0
DA:227,0
DA:228,0
DA:230,0
DA:236,0
DA:243,0
DA:245,0
DA:258,0
DA:267,0
DA:268,0
DA:270,0
DA:271,0
DA:272,0
DA:273,0
DA:274,0
DA:275,0
DA:277,0
DA:278,0
DA:284,5
DA:304,2
LF:124
LH:49
BRDA:35,0,0,0
BRDA:35,0,1,4
BRDA:39,1,0,0
BRDA:39,1,1,4
BRDA:44,2,0,0
BRDA:44,2,1,4
BRDA:58,3,0,4
BRDA:58,3,1,1
BRDA:72,4,0,0
BRDA:72,4,1,1
BRDA:77,5,0,0
BRDA:77,5,1,1
BRDA:79,6,0,0
BRDA:79,6,1,0
BRDA:84,7,0,1
BRDA:84,7,1,1
BRDA:86,8,0,0
BRDA:86,8,1,1
BRDA:98,9,0,0
BRDA:98,9,1,1
BRDA:130,10,0,0
BRDA:130,10,1,0
BRDA:140,11,0,0
BRDA:140,11,1,0
BRDA:160,12,0,0
BRDA:160,12,1,0
BRDA:179,13,0,0
BRDA:179,13,1,0
BRDA:183,14,0,0
BRDA:183,14,1,0
BRDA:183,15,0,0
BRDA:183,15,1,0
BRDA:200,16,0,0
BRDA:200,16,1,0
BRDA:205,17,0,0
BRDA:205,17,1,0
BRDA:209,18,0,0
BRDA:209,18,1,0
BRDA:223,19,0,0
BRDA:223,19,1,0
BRDA:243,20,0,0
BRDA:243,20,1,0
BRDA:257,21,0,0
BRDA:257,21,1,0
BRDA:258,22,0,0
BRDA:258,22,1,0
BRDA:268,23,0,0
BRDA:268,23,1,0
BRDA:270,24,0,0
BRDA:270,24,1,0
BRDA:271,25,0,0
BRDA:271,25,1,0
BRDA:272,26,0,0
BRDA:272,26,1,0
BRDA:273,27,0,0
BRDA:273,27,1,0
BRDA:274,28,0,0
BRDA:274,28,1,0
BRDA:275,29,0,0
BRDA:275,29,1,0
BRDA:297,30,0,0
BRDA:297,30,1,5
BRF:62
BRH:12
end_of_record
TN:
SF:src\services\dashboardService.js
FN:12,getStats
FN:82,getCategoryDistribution
FN:91,(anonymous_2)
FN:97,getDepartmentDistribution
FN:106,(anonymous_4)
FN:112,getStatusDistribution
FN:115,(anonymous_6)
FN:117,(anonymous_7)
FN:120,getHealthDistribution
FN:123,(anonymous_9)
FN:125,(anonymous_10)
FNF:11
FNH:0
FNDA:0,getStats
FNDA:0,getCategoryDistribution
FNDA:0,(anonymous_2)
FNDA:0,getDepartmentDistribution
FNDA:0,(anonymous_4)
FNDA:0,getStatusDistribution
FNDA:0,(anonymous_6)
FNDA:0,(anonymous_7)
FNDA:0,getHealthDistribution
FNDA:0,(anonymous_9)
FNDA:0,(anonymous_10)
DA:1,2
DA:5,2
DA:13,0
DA:14,0
DA:21,0
DA:53,0
DA:54,0
DA:57,0
DA:64,0
DA:83,0
DA:84,0
DA:91,0
DA:98,0
DA:99,0
DA:106,0
DA:113,0
DA:114,0
DA:115,0
DA:117,0
DA:121,0
DA:122,0
DA:123,0
DA:125,0
DA:128,2
LF:24
LH:3
BRDA:53,0,0,0
BRDA:53,0,1,0
BRDA:54,1,0,0
BRDA:54,1,1,0
BRDA:92,2,0,0
BRDA:92,2,1,0
BRDA:107,3,0,0
BRDA:107,3,1,0
BRF:8
BRH:0
end_of_record
TN:
SF:src\services\depreciationService.js
FN:11,calculateForAsset
FN:53,bulkCalculate
FN:76,getRecords
FN:89,(anonymous_3)
FN:92,toResponse
FNF:5
FNH:0
FNDA:0,calculateForAsset
FNDA:0,bulkCalculate
FNDA:0,getRecords
FNDA:0,(anonymous_3)
FNDA:0,toResponse
DA:1,2
DA:2,2
DA:3,2
DA:4,2
DA:5,2
DA:12,0
DA:15,0
DA:16,0
DA:17,0
DA:20,0
DA:21,0
DA:22,0
DA:24,0
DA:39,0
DA:40,0
DA:47,0
DA:49,0
DA:50,0
DA:54,0
DA:55,0
DA:60,0
DA:61,0
DA:62,0
DA:63,0
DA:64,0
DA:65,0
DA:67,0
DA:68,0
DA:72,0
DA:73,0
DA:77,0
DA:78,0
DA:79,0
DA:81,0
DA:89,0
DA:93,0
DA:94,0
DA:109,2
LF:38
LH:6
BRDA:15,0,0,0
BRDA:15,0,1,0
BRDA:16,1,0,0
BRDA:16,1,1,0
BRDA:16,2,0,0
BRDA:16,2,1,0
BRDA:20,3,0,0
BRDA:20,3,1,0
BRDA:39,4,0,0
BRDA:39,4,1,0
BRDA:62,5,0,0
BRDA:62,5,1,0
BRDA:62,6,0,0
BRDA:62,6,1,0
BRDA:76,7,0,0
BRDA:76,8,0,0
BRDA:76,9,0,0
BRDA:78,10,0,0
BRDA:78,10,1,0
BRDA:79,11,0,0
BRDA:79,11,1,0
BRDA:93,12,0,0
BRDA:93,12,1,0
BRDA:96,13,0,0
BRDA:96,13,1,0
BRDA:100,14,0,0
BRDA:100,14,1,0
BRDA:101,15,0,0
BRDA:101,15,1,0
BRDA:102,16,0,0
BRDA:102,16,1,0
BRDA:103,17,0,0
BRDA:103,17,1,0
BRF:33
BRH:0
end_of_record
TN:
SF:src\services\emailService.js
FN:19,loadTemplate
FN:29,sendEmail
FN:45,sendPasswordResetEmail
FN:54,sendAssetAssignmentEmail
FN:61,sendWarrantyExpiryEmail
FN:69,sendMaintenanceCompleteEmail
FN:76,sendGenericNotificationEmail
FN:83,sendQrEmail
FNF:8
FNH:0
FNDA:0,loadTemplate
FNDA:0,sendEmail
FNDA:0,sendPasswordResetEmail
FNDA:0,sendAssetAssignmentEmail
FNDA:0,sendWarrantyExpiryEmail
FNDA:0,sendMaintenanceCompleteEmail
FNDA:0,sendGenericNotificationEmail
FNDA:0,sendQrEmail
DA:1,2
DA:2,2
DA:3,2
DA:4,2
DA:5,2
DA:6,2
DA:7,2
DA:15,2
DA:20,0
DA:21,0
DA:22,0
DA:23,0
DA:25,0
DA:26,0
DA:30,0
DA:31,0
DA:37,0
DA:39,0
DA:46,0
DA:47,0
DA:49,0
DA:50,0
DA:51,0
DA:55,0
DA:56,0
DA:57,0
DA:58,0
DA:62,0
DA:63,0
DA:64,0
DA:65,0
DA:66,0
DA:70,0
DA:71,0
DA:72,0
DA:73,0
DA:77,0
DA:78,0
DA:79,0
DA:80,0
DA:84,0
DA:85,0
DA:86,0
DA:115,0
DA:117,0
DA:121,2
LF:46
LH:9
BRDA:21,0,0,0
BRDA:21,0,1,0
BRDA:47,1,0,0
BRDA:47,1,1,0
BRDA:56,2,0,0
BRDA:56,2,1,0
BRDA:63,3,0,0
BRDA:63,3,1,0
BRDA:65,4,0,0
BRDA:65,4,1,0
BRDA:71,5,0,0
BRDA:71,5,1,0
BRDA:78,6,0,0
BRDA:78,6,1,0
BRF:14
BRH:0
end_of_record
TN:
SF:src\services\employeeService.js
FN:8,createEmployee
FN:45,updateEmployee
FN:76,deleteEmployee
FN:86,getEmployee
FN:90,getEmployees
FN:118,findById
FN:126,toResponse
FNF:7
FNH:0
FNDA:0,createEmployee
FNDA:0,updateEmployee
FNDA:0,deleteEmployee
FNDA:0,getEmployee
FNDA:0,getEmployees
FNDA:0,findById
FNDA:0,toResponse
DA:1,2
DA:2,2
DA:3,2
DA:4,2
DA:5,2
DA:6,2
DA:9,0
DA:10,0
DA:12,0
DA:13,0
DA:14,0
DA:15,0
DA:18,0
DA:19,0
DA:20,0
DA:21,0
DA:24,0
DA:36,0
DA:37,0
DA:39,0
DA:42,0
DA:46,0
DA:48,0
DA:49,0
DA:50,0
DA:53,0
DA:54,0
DA:55,0
DA:56,0
DA:59,0
DA:70,0
DA:73,0
DA:77,0
DA:78,0
DA:79,0
DA:80,0
DA:82,0
DA:83,0
DA:87,0
DA:91,0
DA:93,0
DA:95,0
DA:96,0
DA:105,0
DA:114,0
DA:115,0
DA:119,0
DA:122,0
DA:123,0
DA:127,0
DA:128,0
DA:129,0
DA:150,2
LF:53
LH:7
BRDA:10,0,0,0
BRDA:10,0,1,0
BRDA:13,1,0,0
BRDA:13,1,1,0
BRDA:15,2,0,0
BRDA:15,2,1,0
BRDA:19,3,0,0
BRDA:19,3,1,0
BRDA:21,4,0,0
BRDA:21,4,1,0
BRDA:28,5,0,0
BRDA:28,5,1,0
BRDA:29,6,0,0
BRDA:29,6,1,0
BRDA:30,7,0,0
BRDA:30,7,1,0
BRDA:31,8,0,0
BRDA:31,8,1,0
BRDA:32,9,0,0
BRDA:32,9,1,0
BRDA:33,10,0,0
BRDA:33,10,1,0
BRDA:48,11,0,0
BRDA:48,11,1,0
BRDA:50,12,0,0
BRDA:50,12,1,0
BRDA:54,13,0,0
BRDA:54,13,1,0
BRDA:56,14,0,0
BRDA:56,14,1,0
BRDA:64,15,0,0
BRDA:64,15,1,0
BRDA:67,16,0,0
BRDA:67,16,1,0
BRDA:79,17,0,0
BRDA:79,17,1,0
BRDA:90,18,0,0
BRDA:90,19,0,0
BRDA:90,20,0,0
BRDA:93,21,0,0
BRDA:93,21,1,0
BRDA:95,22,0,0
BRDA:95,22,1,0
BRDA:122,23,0,0
BRDA:122,23,1,0
BRDA:127,24,0,0
BRDA:127,24,1,0
BRDA:138,25,0,0
BRDA:138,25,1,0
BRDA:139,26,0,0
BRDA:139,26,1,0
BRF:51
BRH:0
end_of_record
TN:
SF:src\services\maintenanceService.js
FN:17,createRequest
FN:53,assignTechnician
FN:74,completeRequest
FN:121,updateStatus
FN:127,getRequests
FN:144,getRequest
FN:150,findById
FN:156,getIncludes
FN:164,toResponse
FNF:9
FNH:0
FNDA:0,createRequest
FNDA:0,assignTechnician
FNDA:0,completeRequest
FNDA:0,updateStatus
FNDA:0,getRequests
FNDA:0,getRequest
FNDA:0,findById
FNDA:0,getIncludes
FNDA:0,toResponse
DA:3,2
DA:6,2
DA:7,2
DA:8,2
DA:9,2
DA:10,2
DA:11,2
DA:18,0
DA:19,0
DA:21,0
DA:22,0
DA:25,0
DA:33,0
DA:34,0
DA:47,0
DA:50,0
DA:54,0
DA:55,0
DA:56,0
DA:58,0
DA:64,0
DA:71,0
DA:75,0
DA:76,0
DA:77,0
DA:80,0
DA:81,0
DA:82,0
DA:83,0
DA:86,0
DA:94,0
DA:95,0
DA:96,0
DA:97,0
DA:106,0
DA:107,0
DA:115,0
DA:118,0
DA:122,0
DA:123,0
DA:124,0
DA:128,0
DA:129,0
DA:130,0
DA:132,0
DA:141,0
DA:145,0
DA:151,0
DA:152,0
DA:153,0
DA:157,0
DA:165,0
DA:166,0
DA:194,2
LF:54
LH:8
BRDA:19,0,0,0
BRDA:19,0,1,0
BRDA:38,1,0,0
BRDA:38,1,1,0
BRDA:39,2,0,0
BRDA:39,2,1,0
BRDA:40,3,0,0
BRDA:40,3,1,0
BRDA:43,4,0,0
BRDA:43,4,1,0
BRDA:44,5,0,0
BRDA:44,5,1,0
BRDA:56,6,0,0
BRDA:56,6,1,0
BRDA:76,7,0,0
BRDA:76,7,1,0
BRDA:82,8,0,0
BRDA:82,8,1,0
BRDA:89,9,0,0
BRDA:89,9,1,0
BRDA:90,10,0,0
BRDA:90,10,1,0
BRDA:91,11,0,0
BRDA:91,11,1,0
BRDA:95,12,0,0
BRDA:95,12,1,0
BRDA:106,13,0,0
BRDA:106,13,1,0
BRDA:127,14,0,0
BRDA:127,15,0,0
BRDA:127,16,0,0
BRDA:129,17,0,0
BRDA:129,17,1,0
BRDA:130,18,0,0
BRDA:130,18,1,0
BRDA:152,19,0,0
BRDA:152,19,1,0
BRDA:165,20,0,0
BRDA:165,20,1,0
BRDA:169,21,0,0
BRDA:169,21,1,0
BRDA:172,22,0,0
BRDA:172,22,1,0
BRDA:173,23,0,0
BRDA:173,23,1,0
BRDA:175,24,0,0
BRDA:175,24,1,0
BRDA:176,25,0,0
BRDA:176,25,1,0
BRDA:183,26,0,0
BRDA:183,26,1,0
BRDA:184,27,0,0
BRDA:184,27,1,0
BRDA:187,28,0,0
BRDA:187,28,1,0
BRF:55
BRH:0
end_of_record
TN:
SF:src\services\notificationService.js
FN:9,createNotification
FN:28,getUserNotifications
FN:42,markAsRead
FN:51,markAllAsRead
FN:55,deleteNotification
FN:61,getUnreadCount
FNF:6
FNH:0
FNDA:0,createNotification
FNDA:0,getUserNotifications
FNDA:0,markAsRead
FNDA:0,markAllAsRead
FNDA:0,deleteNotification
FNDA:0,getUnreadCount
DA:1,2
DA:2,2
DA:3,2
DA:10,0
DA:11,0
DA:21,0
DA:22,0
DA:24,0
DA:29,0
DA:30,0
DA:32,0
DA:39,0
DA:43,0
DA:44,0
DA:46,0
DA:47,0
DA:48,0
DA:52,0
DA:56,0
DA:57,0
DA:58,0
DA:62,0
DA:65,2
LF:23
LH:4
BRDA:19,0,0,0
BRDA:19,0,1,0
BRDA:28,1,0,0
BRDA:28,2,0,0
BRDA:28,3,0,0
BRDA:30,4,0,0
BRDA:30,4,1,0
BRDA:44,5,0,0
BRDA:44,5,1,0
BRDA:57,6,0,0
BRDA:57,6,1,0
BRF:11
BRH:0
end_of_record
TN:
SF:src\services\ocrService.js
FN:31,extractInvoiceData
FN:65,extractFromImage
FN:73,(anonymous_2)
FN:83,extractFromPdf
FN:86,(anonymous_4)
FN:99,parseOcrWithAi
FN:165,parseInvoiceData
FN:194,extractVendorName
FN:195,(anonymous_8)
FN:195,(anonymous_9)
FN:220,extractInvoiceNumber
FN:238,extractDate
FN:274,parseDateString
FN:301,extractAmount
FN:330,extractWarrantyPeriod
FN:342,extractAssetName
FN:370,extractSerialNumber
FN:387,calculateConfidence
FN:398,mimeToExt
FNF:19
FNH:0
FNDA:0,extractInvoiceData
FNDA:0,extractFromImage
FNDA:0,(anonymous_2)
FNDA:0,extractFromPdf
FNDA:0,(anonymous_4)
FNDA:0,parseOcrWithAi
FNDA:0,parseInvoiceData
FNDA:0,extractVendorName
FNDA:0,(anonymous_8)
FNDA:0,(anonymous_9)
FNDA:0,extractInvoiceNumber
FNDA:0,extractDate
FNDA:0,parseDateString
FNDA:0,extractAmount
FNDA:0,extractWarrantyPeriod
FNDA:0,extractAssetName
FNDA:0,extractSerialNumber
FNDA:0,calculateConfidence
FNDA:0,mimeToExt
DA:1,2
DA:2,2
DA:3,2
DA:4,2
DA:5,2
DA:6,2
DA:18,2
DA:32,0
DA:34,0
DA:38,0
DA:39,0
DA:40,0
DA:42,0
DA:45,0
DA:46,0
DA:49,0
DA:52,0
DA:53,0
DA:54,0
DA:55,0
DA:56,0
DA:60,0
DA:67,0
DA:68,0
DA:70,0
DA:71,0
DA:72,0
DA:73,0
DA:75,0
DA:76,0
DA:77,0
DA:79,0
DA:84,0
DA:85,0
DA:86,0
DA:88,0
DA:89,0
DA:90,0
DA:92,0
DA:93,0
DA:100,0
DA:102,0
DA:103,0
DA:104,0
DA:106,0
DA:112,0
DA:116,0
DA:117,0
DA:118,0
DA:121,0
DA:122,0
DA:123,0
DA:143,0
DA:146,0
DA:147,0
DA:149,0
DA:160,0
DA:161,0
DA:166,0
DA:167,0
DA:168,0
DA:169,0
DA:170,0
DA:171,0
DA:172,0
DA:173,0
DA:174,0
DA:178,0
DA:195,0
DA:196,0
DA:198,0
DA:199,0
DA:200,0
DA:201,0
DA:205,0
DA:206,0
DA:207,0
DA:208,0
DA:211,0
DA:212,0
DA:213,0
DA:214,0
DA:217,0
DA:221,0
DA:226,0
DA:227,0
DA:228,0
DA:229,0
DA:230,0
DA:231,0
DA:235,0
DA:239,0
DA:243,0
DA:247,0
DA:248,0
DA:249,0
DA:250,0
DA:251,0
DA:252,0
DA:256,0
DA:263,0
DA:264,0
DA:265,0
DA:266,0
DA:267,0
DA:271,0
DA:275,0
DA:277,0
DA:279,0
DA:280,0
DA:281,0
DA:282,0
DA:283,0
DA:285,0
DA:286,0
DA:288,0
DA:289,0
DA:290,0
DA:294,0
DA:295,0
DA:296,0
DA:298,0
DA:302,0
DA:303,0
DA:305,0
DA:307,0
DA:308,0
DA:309,0
DA:310,0
DA:311,0
DA:312,0
DA:317,0
DA:318,0
DA:321,0
DA:322,0
DA:323,0
DA:324,0
DA:327,0
DA:331,0
DA:335,0
DA:336,0
DA:337,0
DA:339,0
DA:343,0
DA:347,0
DA:348,0
DA:349,0
DA:350,0
DA:351,0
DA:355,0
DA:362,0
DA:363,0
DA:364,0
DA:367,0
DA:371,0
DA:375,0
DA:376,0
DA:377,0
DA:378,0
DA:379,0
DA:380,0
DA:384,0
DA:388,0
DA:389,0
DA:390,0
DA:391,0
DA:392,0
DA:393,0
DA:399,0
DA:406,0
DA:409,2
LF:171
LH:8
BRDA:39,0,0,0
BRDA:39,0,1,0
BRDA:53,1,0,0
BRDA:53,1,1,0
BRDA:73,2,0,0
BRDA:73,2,1,0
BRDA:100,3,0,0
BRDA:100,3,1,0
BRDA:100,4,0,0
BRDA:100,4,1,0
BRDA:104,5,0,0
BRDA:104,5,1,0
BRDA:106,6,0,0
BRDA:106,6,1,0
BRDA:106,6,2,0
BRDA:106,6,3,0
BRDA:106,6,4,0
BRDA:112,7,0,0
BRDA:112,7,1,0
BRDA:113,8,0,0
BRDA:113,8,1,0
BRDA:114,9,0,0
BRDA:114,9,1,0
BRDA:114,9,2,0
BRDA:116,10,0,0
BRDA:116,10,1,0
BRDA:116,11,0,0
BRDA:116,11,1,0
BRDA:150,12,0,0
BRDA:150,12,1,0
BRDA:151,13,0,0
BRDA:151,13,1,0
BRDA:152,14,0,0
BRDA:152,14,1,0
BRDA:153,15,0,0
BRDA:153,15,1,0
BRDA:154,16,0,0
BRDA:154,16,1,0
BRDA:155,17,0,0
BRDA:155,17,1,0
BRDA:156,18,0,0
BRDA:156,18,1,0
BRDA:157,19,0,0
BRDA:157,19,1,0
BRDA:199,20,0,0
BRDA:199,20,1,0
BRDA:200,21,0,0
BRDA:200,21,1,0
BRDA:206,22,0,0
BRDA:206,22,1,0
BRDA:208,23,0,0
BRDA:208,23,1,0
BRDA:208,24,0,0
BRDA:208,24,1,0
BRDA:212,25,0,0
BRDA:212,25,1,0
BRDA:213,26,0,0
BRDA:213,26,1,0
BRDA:213,27,0,0
BRDA:213,27,1,0
BRDA:228,28,0,0
BRDA:228,28,1,0
BRDA:228,29,0,0
BRDA:228,29,1,0
BRDA:228,29,2,0
BRDA:230,30,0,0
BRDA:230,30,1,0
BRDA:238,31,0,0
BRDA:247,32,0,0
BRDA:247,32,1,0
BRDA:250,33,0,0
BRDA:250,33,1,0
BRDA:252,34,0,0
BRDA:252,34,1,0
BRDA:265,35,0,0
BRDA:265,35,1,0
BRDA:267,36,0,0
BRDA:267,36,1,0
BRDA:277,37,0,0
BRDA:277,37,1,0
BRDA:280,38,0,0
BRDA:280,38,1,0
BRDA:285,39,0,0
BRDA:285,39,1,0
BRDA:289,40,0,0
BRDA:289,40,1,0
BRDA:295,41,0,0
BRDA:295,41,1,0
BRDA:308,42,0,0
BRDA:308,42,1,0
BRDA:309,43,0,0
BRDA:309,43,1,0
BRDA:310,44,0,0
BRDA:310,44,1,0
BRDA:310,45,0,0
BRDA:310,45,1,0
BRDA:312,46,0,0
BRDA:312,46,1,0
BRDA:317,47,0,0
BRDA:317,47,1,0
BRDA:322,48,0,0
BRDA:322,48,1,0
BRDA:324,49,0,0
BRDA:324,49,1,0
BRDA:337,50,0,0
BRDA:337,50,1,0
BRDA:349,51,0,0
BRDA:349,51,1,0
BRDA:349,52,0,0
BRDA:349,52,1,0
BRDA:351,53,0,0
BRDA:351,53,1,0
BRDA:364,54,0,0
BRDA:364,54,1,0
BRDA:377,55,0,0
BRDA:377,55,1,0
BRDA:377,56,0,0
BRDA:377,56,1,0
BRDA:379,57,0,0
BRDA:379,57,1,0
BRDA:379,58,0,0
BRDA:379,58,1,0
BRDA:389,59,0,0
BRDA:389,59,1,0
BRDA:390,60,0,0
BRDA:390,60,1,0
BRDA:391,61,0,0
BRDA:391,61,1,0
BRDA:392,62,0,0
BRDA:392,62,1,0
BRDA:406,63,0,0
BRDA:406,63,1,0
BRF:132
BRH:0
end_of_record
TN:
SF:src\services\reportService.js
FN:15,generateAssetReportPdf
FN:18,(anonymous_1)
FN:31,generateAssetReportExcel
FN:34,(anonymous_3)
FN:48,generateMaintenanceReportPdf
FN:54,(anonymous_5)
FN:63,generateMaintenanceReportExcel
FN:69,(anonymous_7)
FN:81,generateWarrantyReportPdf
FN:85,(anonymous_9)
FN:93,generateWarrantyReportExcel
FN:97,(anonymous_11)
FN:107,generateDepreciationReportPdf
FN:110,(anonymous_13)
FN:120,generateDepreciationReportExcel
FN:123,(anonymous_15)
FN:136,generatePdf
FN:137,(anonymous_17)
FN:141,(anonymous_18)
FN:142,(anonymous_19)
FN:162,(anonymous_20)
FN:169,(anonymous_21)
FN:178,(anonymous_22)
FN:195,generateExcel
FN:208,(anonymous_24)
FN:211,(anonymous_25)
FN:215,(anonymous_26)
FN:220,(anonymous_27)
FN:223,(anonymous_28)
FN:233,fetchAssets
FN:247,fetchWarranties
FN:257,fetchDepreciation
FN:266,generateSingleAssetPdf
FN:271,(anonymous_33)
FN:275,(anonymous_34)
FN:278,(anonymous_35)
FN:294,(anonymous_36)
FN:326,(anonymous_37)
FN:343,(anonymous_38)
FN:344,(anonymous_39)
FNF:40
FNH:0
FNDA:0,generateAssetReportPdf
FNDA:0,(anonymous_1)
FNDA:0,generateAssetReportExcel
FNDA:0,(anonymous_3)
FNDA:0,generateMaintenanceReportPdf
FNDA:0,(anonymous_5)
FNDA:0,generateMaintenanceReportExcel
FNDA:0,(anonymous_7)
FNDA:0,generateWarrantyReportPdf
FNDA:0,(anonymous_9)
FNDA:0,generateWarrantyReportExcel
FNDA:0,(anonymous_11)
FNDA:0,generateDepreciationReportPdf
FNDA:0,(anonymous_13)
FNDA:0,generateDepreciationReportExcel
FNDA:0,(anonymous_15)
FNDA:0,generatePdf
FNDA:0,(anonymous_17)
FNDA:0,(anonymous_18)
FNDA:0,(anonymous_19)
FNDA:0,(anonymous_20)
FNDA:0,(anonymous_21)
FNDA:0,(anonymous_22)
FNDA:0,generateExcel
FNDA:0,(anonymous_24)
FNDA:0,(anonymous_25)
FNDA:0,(anonymous_26)
FNDA:0,(anonymous_27)
FNDA:0,(anonymous_28)
FNDA:0,fetchAssets
FNDA:0,fetchWarranties
FNDA:0,fetchDepreciation
FNDA:0,generateSingleAssetPdf
FNDA:0,(anonymous_33)
FNDA:0,(anonymous_34)
FNDA:0,(anonymous_35)
FNDA:0,(anonymous_36)
FNDA:0,(anonymous_37)
FNDA:0,(anonymous_38)
FNDA:0,(anonymous_39)
DA:1,2
DA:2,2
DA:3,2
DA:6,2
DA:7,2
DA:16,0
DA:17,0
DA:18,0
DA:28,0
DA:32,0
DA:33,0
DA:34,0
DA:43,0
DA:49,0
DA:53,0
DA:54,0
DA:60,0
DA:64,0
DA:68,0
DA:69,0
DA:76,0
DA:82,0
DA:83,0
DA:84,0
DA:85,0
DA:86,0
DA:88,0
DA:90,0
DA:94,0
DA:95,0
DA:96,0
DA:97,0
DA:98,0
DA:100,0
DA:102,0
DA:108,0
DA:109,0
DA:110,0
DA:117,0
DA:121,0
DA:122,0
DA:123,0
DA:131,0
DA:137,0
DA:138,0
DA:139,0
DA:141,0
DA:142,0
DA:143,0
DA:146,0
DA:147,0
DA:148,0
DA:151,0
DA:152,0
DA:153,0
DA:155,0
DA:156,0
DA:157,0
DA:158,0
DA:161,0
DA:162,0
DA:163,0
DA:166,0
DA:169,0
DA:170,0
DA:171,0
DA:172,0
DA:175,0
DA:176,0
DA:178,0
DA:179,0
DA:183,0
DA:187,0
DA:188,0
DA:189,0
DA:196,0
DA:197,0
DA:199,0
DA:206,0
DA:208,0
DA:209,0
DA:211,0
DA:212,0
DA:213,0
DA:214,0
DA:215,0
DA:220,0
DA:221,0
DA:223,0
DA:225,0
DA:228,0
DA:234,0
DA:235,0
DA:236,0
DA:248,0
DA:249,0
DA:250,0
DA:258,0
DA:259,0
DA:267,0
DA:268,0
DA:269,0
DA:271,0
DA:272,0
DA:273,0
DA:274,0
DA:275,0
DA:278,0
DA:279,0
DA:283,0
DA:284,0
DA:285,0
DA:287,0
DA:290,0
DA:291,0
DA:293,0
DA:294,0
DA:295,0
DA:296,0
DA:297,0
DA:300,0
DA:301,0
DA:302,0
DA:303,0
DA:304,0
DA:305,0
DA:306,0
DA:307,0
DA:308,0
DA:309,0
DA:310,0
DA:312,0
DA:313,0
DA:316,0
DA:317,0
DA:318,0
DA:320,0
DA:322,0
DA:323,0
DA:324,0
DA:325,0
DA:326,0
DA:327,0
DA:331,0
DA:335,0
DA:336,0
DA:339,0
DA:340,0
DA:341,0
DA:343,0
DA:344,0
DA:346,0
DA:347,0
DA:348,0
DA:349,0
DA:350,0
DA:351,0
DA:354,0
DA:356,0
DA:360,2
LF:160
LH:6
BRDA:21,0,0,0
BRDA:21,0,1,0
BRDA:23,1,0,0
BRDA:23,1,1,0
BRDA:24,2,0,0
BRDA:24,2,1,0
BRDA:25,3,0,0
BRDA:25,3,1,0
BRDA:26,4,0,0
BRDA:26,4,1,0
BRDA:28,5,0,0
BRDA:28,5,1,0
BRDA:35,6,0,0
BRDA:35,6,1,0
BRDA:35,7,0,0
BRDA:35,7,1,0
BRDA:35,8,0,0
BRDA:35,8,1,0
BRDA:36,9,0,0
BRDA:36,9,1,0
BRDA:36,10,0,0
BRDA:36,10,1,0
BRDA:37,11,0,0
BRDA:37,11,1,0
BRDA:38,12,0,0
BRDA:38,12,1,0
BRDA:39,13,0,0
BRDA:39,13,1,0
BRDA:40,14,0,0
BRDA:40,14,1,0
BRDA:41,15,0,0
BRDA:41,15,1,0
BRDA:55,16,0,0
BRDA:55,16,1,0
BRDA:55,17,0,0
BRDA:55,17,1,0
BRDA:56,18,0,0
BRDA:56,18,1,0
BRDA:57,19,0,0
BRDA:57,19,1,0
BRDA:58,20,0,0
BRDA:58,20,1,0
BRDA:70,21,0,0
BRDA:70,21,1,0
BRDA:70,22,0,0
BRDA:70,22,1,0
BRDA:70,23,0,0
BRDA:70,23,1,0
BRDA:71,24,0,0
BRDA:71,24,1,0
BRDA:72,25,0,0
BRDA:72,25,1,0
BRDA:73,26,0,0
BRDA:73,26,1,0
BRDA:74,27,0,0
BRDA:74,27,1,0
BRDA:81,28,0,0
BRDA:86,29,0,0
BRDA:86,29,1,0
BRDA:88,30,0,0
BRDA:88,30,1,0
BRDA:88,31,0,0
BRDA:88,31,1,0
BRDA:88,32,0,0
BRDA:88,32,1,0
BRDA:88,33,0,0
BRDA:88,33,1,0
BRDA:88,34,0,0
BRDA:88,34,1,0
BRDA:93,35,0,0
BRDA:98,36,0,0
BRDA:98,36,1,0
BRDA:100,37,0,0
BRDA:100,37,1,0
BRDA:100,38,0,0
BRDA:100,38,1,0
BRDA:100,39,0,0
BRDA:100,39,1,0
BRDA:100,40,0,0
BRDA:100,40,1,0
BRDA:100,41,0,0
BRDA:100,41,1,0
BRDA:100,42,0,0
BRDA:100,42,1,0
BRDA:100,43,0,0
BRDA:100,43,1,0
BRDA:111,44,0,0
BRDA:111,44,1,0
BRDA:111,45,0,0
BRDA:111,45,1,0
BRDA:112,46,0,0
BRDA:112,46,1,0
BRDA:113,47,0,0
BRDA:113,47,1,0
BRDA:114,48,0,0
BRDA:114,48,1,0
BRDA:115,49,0,0
BRDA:115,49,1,0
BRDA:117,50,0,0
BRDA:117,50,1,0
BRDA:124,51,0,0
BRDA:124,51,1,0
BRDA:124,52,0,0
BRDA:124,52,1,0
BRDA:125,53,0,0
BRDA:125,53,1,0
BRDA:126,54,0,0
BRDA:126,54,1,0
BRDA:127,55,0,0
BRDA:127,55,1,0
BRDA:128,56,0,0
BRDA:128,56,1,0
BRDA:129,57,0,0
BRDA:129,57,1,0
BRDA:170,58,0,0
BRDA:170,58,1,0
BRDA:175,59,0,0
BRDA:175,59,1,0
BRDA:180,60,0,0
BRDA:180,60,1,0
BRDA:214,61,0,0
BRDA:214,61,1,0
BRDA:223,62,0,0
BRDA:223,62,1,0
BRDA:235,63,0,0
BRDA:235,63,1,0
BRDA:258,64,0,0
BRDA:258,64,1,0
BRDA:269,65,0,0
BRDA:269,65,1,0
BRDA:296,66,0,0
BRDA:296,66,1,0
BRDA:304,67,0,0
BRDA:304,67,1,0
BRDA:304,68,0,0
BRDA:304,68,1,0
BRDA:322,69,0,0
BRDA:322,69,1,0
BRDA:324,70,0,0
BRDA:324,70,1,0
BRDA:325,71,0,0
BRDA:325,71,1,0
BRDA:325,72,0,0
BRDA:325,72,1,0
BRDA:343,73,0,0
BRDA:343,73,1,0
BRDA:344,74,0,0
BRDA:344,74,1,0
BRDA:350,75,0,0
BRDA:350,75,1,0
BRDA:350,76,0,0
BRDA:350,76,1,0
BRDA:351,77,0,0
BRDA:351,77,1,0
BRF:154
BRH:0
end_of_record
TN:
SF:src\services\vendorService.js
FN:8,createVendor
FN:36,updateVendor
FN:56,deleteVendor
FN:61,getVendor
FN:65,getVendors
FN:86,rateVendor
FN:110,findById
FN:116,toResponse
FNF:8
FNH:0
FNDA:0,createVendor
FNDA:0,updateVendor
FNDA:0,deleteVendor
FNDA:0,getVendor
FNDA:0,getVendors
FNDA:0,rateVendor
FNDA:0,findById
FNDA:0,toResponse
DA:1,2
DA:2,2
DA:3,2
DA:4,2
DA:5,2
DA:6,2
DA:9,0
DA:27,0
DA:28,0
DA:30,0
DA:33,0
DA:37,0
DA:38,0
DA:53,0
DA:57,0
DA:58,0
DA:62,0
DA:66,0
DA:67,0
DA:68,0
DA:76,0
DA:83,0
DA:87,0
DA:89,0
DA:97,0
DA:103,0
DA:104,0
DA:106,0
DA:107,0
DA:111,0
DA:112,0
DA:113,0
DA:117,0
DA:118,0
DA:141,2
LF:35
LH:7
BRDA:11,0,0,0
BRDA:11,0,1,0
BRDA:12,1,0,0
BRDA:12,1,1,0
BRDA:13,2,0,0
BRDA:13,2,1,0
BRDA:14,3,0,0
BRDA:14,3,1,0
BRDA:15,4,0,0
BRDA:15,4,1,0
BRDA:16,5,0,0
BRDA:16,5,1,0
BRDA:17,6,0,0
BRDA:17,6,1,0
BRDA:18,7,0,0
BRDA:18,7,1,0
BRDA:19,8,0,0
BRDA:19,8,1,0
BRDA:20,9,0,0
BRDA:20,9,1,0
BRDA:21,10,0,0
BRDA:21,10,1,0
BRDA:51,11,0,0
BRDA:51,11,1,0
BRDA:65,12,0,0
BRDA:65,13,0,0
BRDA:65,14,0,0
BRDA:67,15,0,0
BRDA:67,15,1,0
BRDA:93,16,0,0
BRDA:93,16,1,0
BRDA:103,17,0,0
BRDA:103,17,1,0
BRDA:104,18,0,0
BRDA:104,18,1,0
BRDA:112,19,0,0
BRDA:112,19,1,0
BRDA:117,20,0,0
BRDA:117,20,1,0
BRDA:132,21,0,0
BRDA:132,21,1,0
BRDA:133,22,0,0
BRDA:133,22,1,0
BRF:43
BRH:0
end_of_record
TN:
SF:src\services\warrantyService.js
FN:11,getAll
FN:21,getExpiring
FN:36,getForAsset
FN:45,createOrUpdate
FN:64,toResponse
FNF:5
FNH:0
FNDA:0,getAll
FNDA:0,getExpiring
FNDA:0,getForAsset
FNDA:0,createOrUpdate
FNDA:0,toResponse
DA:1,2
DA:2,2
DA:3,2
DA:4,2
DA:5,2
DA:12,0
DA:18,0
DA:22,0
DA:23,0
DA:25,0
DA:33,0
DA:37,0
DA:41,0
DA:42,0
DA:46,0
DA:47,0
DA:49,0
DA:54,0
DA:55,0
DA:58,0
DA:65,0
DA:66,0
DA:67,0
DA:68,0
DA:71,0
DA:89,2
LF:26
LH:6
BRDA:11,0,0,0
BRDA:11,1,0,0
BRDA:21,2,0,0
BRDA:21,3,0,0
BRDA:21,4,0,0
BRDA:41,5,0,0
BRDA:41,5,1,0
BRDA:47,6,0,0
BRDA:47,6,1,0
BRDA:54,7,0,0
BRDA:54,7,1,0
BRDA:54,8,0,0
BRDA:54,8,1,0
BRDA:65,9,0,0
BRDA:65,9,1,0
BRDA:67,10,0,0
BRDA:67,10,1,0
BRDA:68,11,0,0
BRDA:68,11,1,0
BRDA:73,12,0,0
BRDA:73,12,1,0
BRDA:80,13,0,0
BRDA:80,13,1,0
BRDA:81,14,0,0
BRDA:81,14,1,0
BRDA:81,14,2,0
BRF:26
BRH:0
end_of_record
TN:
SF:src\utils\apiResponse.js
FN:6,(anonymous_0)
FN:15,(anonymous_1)
FN:19,(anonymous_2)
FN:23,(anonymous_3)
FN:27,(anonymous_4)
FN:36,(anonymous_5)
FN:46,(anonymous_6)
FNF:7
FNH:6
FNDA:8,(anonymous_0)
FNDA:5,(anonymous_1)
FNDA:2,(anonymous_2)
FNDA:0,(anonymous_3)
FNDA:1,(anonymous_4)
FNDA:1,(anonymous_5)
FNDA:1,(anonymous_6)
DA:7,8
DA:8,8
DA:9,8
DA:10,8
DA:11,8
DA:12,8
DA:16,5
DA:20,2
DA:24,0
DA:28,1
DA:37,1
DA:38,1
DA:39,1
DA:40,1
DA:41,1
DA:42,1
DA:43,1
DA:47,1
DA:48,1
DA:59,3
LF:20
LH:19
BRDA:6,0,0,0
BRDA:6,1,0,7
BRDA:10,2,0,7
BRDA:10,2,1,1
BRDA:11,3,0,0
BRDA:11,3,1,8
BRDA:15,4,0,0
BRDA:19,5,0,0
BRDA:23,6,0,0
BRDA:27,7,0,1
BRF:10
BRH:5
end_of_record
TN:
SF:src\utils\assetTagGenerator.js
FN:6,(anonymous_0)
FN:13,getYYYYMM
FN:23,generateAssetTag
FN:32,generateEmployeeCode
FN:39,generateVendorCode
FN:46,generateMaintenanceNumber
FN:54,generateDepartmentCode
FNF:7
FNH:0
FNDA:0,(anonymous_0)
FNDA:0,getYYYYMM
FNDA:0,generateAssetTag
FNDA:0,generateEmployeeCode
FNDA:0,generateVendorCode
FNDA:0,generateMaintenanceNumber
FNDA:0,generateDepartmentCode
DA:6,2
DA:8,0
DA:9,0
DA:10,0
DA:14,0
DA:15,0
DA:16,0
DA:17,0
DA:24,0
DA:25,0
DA:26,0
DA:33,0
DA:40,0
DA:47,0
DA:48,0
DA:55,0
DA:58,2
LF:17
LH:2
BRDA:6,0,0,2
BRDA:6,0,1,0
BRF:2
BRH:1
end_of_record
TN:
SF:src\utils\depreciationCalculator.js
FN:21,calculate
FN:56,getCurrentFinancialYear
FNF:2
FNH:2
FNDA:1,calculate
FNDA:1,getCurrentFinancialYear
DA:11,3
DA:22,1
DA:23,1
DA:24,1
DA:26,1
DA:27,0
DA:30,1
DA:31,1
DA:32,1
DA:34,1
DA:35,1
DA:36,1
DA:37,1
DA:39,1
DA:40,1
DA:42,1
DA:57,1
DA:58,1
DA:59,1
DA:60,1
DA:61,1
DA:62,1
DA:65,3
LF:23
LH:22
BRDA:22,0,0,1
BRDA:22,0,1,0
BRDA:23,1,0,1
BRDA:23,1,1,0
BRDA:24,2,0,1
BRDA:24,2,1,0
BRDA:26,3,0,0
BRDA:26,3,1,1
BRDA:60,4,0,1
BRDA:60,4,1,0
BRF:10
BRH:5
end_of_record
TN:
SF:src\utils\encryptionUtils.js
FN:15,getKey
FN:27,encrypt
FN:48,decrypt
FN:75,encryptField
FN:84,decryptField
FN:98,encryptPayload
FN:107,decryptPayload
FN:117,hashValue
FNF:8
FNH:8
FNDA:15,getKey
FNDA:9,encrypt
FNDA:10,decrypt
FNDA:2,encryptField
FNDA:3,decryptField
FNDA:4,encryptPayload
FNDA:6,decryptPayload
FNDA:7,hashValue
DA:1,4
DA:2,4
DA:11,4
DA:12,4
DA:13,4
DA:16,15
DA:17,15
DA:18,0
DA:20,15
DA:28,9
DA:29,7
DA:30,7
DA:31,7
DA:33,7
DA:37,7
DA:40,7
DA:41,7
DA:49,10
DA:50,8
DA:51,8
DA:53,8
DA:54,8
DA:55,8
DA:57,8
DA:58,8
DA:60,6
DA:61,6
DA:65,5
DA:67,1
DA:76,2
DA:77,1
DA:85,3
DA:86,2
DA:87,2
DA:90,1
DA:99,4
DA:100,4
DA:101,4
DA:108,6
DA:109,4
DA:110,3
DA:118,7
DA:121,4
LF:43
LH:42
BRDA:17,0,0,0
BRDA:17,0,1,15
BRDA:17,1,0,15
BRDA:17,1,1,15
BRDA:28,2,0,2
BRDA:28,2,1,7
BRDA:28,3,0,9
BRDA:28,3,1,8
BRDA:49,4,0,2
BRDA:49,4,1,8
BRDA:49,5,0,10
BRDA:49,5,1,9
BRDA:76,6,0,1
BRDA:76,6,1,1
BRDA:76,7,0,2
BRDA:76,7,1,2
BRDA:76,7,2,2
BRDA:85,8,0,1
BRDA:85,8,1,2
BRDA:85,9,0,3
BRDA:85,9,1,3
BRDA:85,9,2,3
BRDA:108,10,0,2
BRDA:108,10,1,4
BRDA:108,11,0,6
BRDA:108,11,1,5
BRF:26
BRH:25
end_of_record
TN:
SF:src\utils\healthScoreCalculator.js
FN:17,getHealthLevel
FN:28,getRiskLevel
FN:46,calculate
FNF:3
FNH:3
FNDA:1,getHealthLevel
FNDA:1,getRiskLevel
FNDA:1,calculate
DA:18,1
DA:19,0
DA:20,0
DA:21,0
DA:22,0
DA:29,1
DA:30,0
DA:31,0
DA:47,1
DA:50,1
DA:51,1
DA:52,1
DA:53,1
DA:54,1
DA:55,1
DA:56,1
DA:57,1
DA:63,1
DA:64,1
DA:65,1
DA:66,0
DA:71,1
DA:72,1
DA:73,1
DA:74,1
DA:75,0
DA:76,0
DA:81,1
DA:82,1
DA:85,1
DA:86,1
DA:87,1
DA:88,1
DA:89,1
DA:90,1
DA:91,0
DA:92,0
DA:93,0
DA:94,0
DA:100,1
DA:106,1
DA:109,1
DA:111,1
DA:124,3
LF:44
LH:31
BRDA:18,0,0,1
BRDA:18,0,1,0
BRDA:19,1,0,0
BRDA:19,1,1,0
BRDA:20,2,0,0
BRDA:20,2,1,0
BRDA:21,3,0,0
BRDA:21,3,1,0
BRDA:29,4,0,1
BRDA:29,4,1,0
BRDA:30,5,0,0
BRDA:30,5,1,0
BRDA:47,6,0,1
BRDA:47,6,1,0
BRDA:51,7,0,1
BRDA:51,7,1,0
BRDA:52,8,0,1
BRDA:52,8,1,0
BRDA:53,9,0,1
BRDA:53,9,1,0
BRDA:63,10,0,1
BRDA:63,10,1,1
BRDA:65,11,0,0
BRDA:65,11,1,1
BRDA:71,12,0,1
BRDA:71,12,1,1
BRDA:72,13,0,1
BRDA:72,13,1,0
BRDA:74,14,0,0
BRDA:74,14,1,1
BRDA:74,15,0,1
BRDA:74,15,1,0
BRDA:81,16,0,1
BRDA:81,16,1,1
BRDA:86,17,0,1
BRDA:86,17,1,0
BRDA:87,18,0,1
BRDA:87,18,1,0
BRDA:88,19,0,1
BRDA:88,19,1,0
BRDA:90,20,0,1
BRDA:90,20,1,0
BRDA:91,21,0,0
BRDA:91,21,1,0
BRDA:92,22,0,0
BRDA:92,22,1,0
BRDA:93,23,0,0
BRDA:93,23,1,0
BRF:48
BRH:20
end_of_record
TN:
SF:src\utils\jwtUtils.js
FN:12,generateAccessToken
FN:22,generateRefreshToken
FN:33,verifyToken
FN:40,decodeToken
FN:47,isTokenExpired
FN:59,extractUsername
FN:67,buildClaims
FNF:7
FNH:6
FNDA:8,generateAccessToken
FNDA:5,generateRefreshToken
FNDA:2,verifyToken
FNDA:1,decodeToken
FNDA:1,isTokenExpired
FNDA:0,extractUsername
FNDA:8,buildClaims
DA:1,3
DA:2,3
DA:13,8
DA:23,5
DA:34,2
DA:41,1
DA:48,1
DA:49,1
DA:50,1
DA:52,0
DA:60,0
DA:61,0
DA:68,8
DA:76,3
LF:14
LH:11
BRDA:61,0,0,0
BRDA:61,0,1,0
BRF:2
BRH:0
end_of_record
TN:
SF:src\utils\logger.js
FN:7,(anonymous_0)
FNF:1
FNH:1
FNDA:16,(anonymous_0)
DA:1,3
DA:2,3
DA:3,3
DA:5,3
DA:7,3
DA:8,16
DA:11,3
DA:32,3
DA:43,3
LF:9
LH:9
BRDA:8,0,0,16
BRDA:8,0,1,16
BRDA:33,1,0,0
BRDA:33,1,1,3
BRF:4
BRH:3
end_of_record
TN:
SF:src\utils\qrCodeGenerator.js
FN:19,generateQrCode
FN:49,generateQrBuffer
FN:61,generateQrDataUrl
FNF:3
FNH:0
FNDA:0,generateQrCode
FNDA:0,generateQrBuffer
FNDA:0,generateQrDataUrl
DA:1,2
DA:2,2
DA:3,2
DA:4,2
DA:5,2
DA:20,0
DA:21,0
DA:22,0
DA:25,0
DA:26,0
DA:29,0
DA:31,0
DA:42,0
DA:43,0
DA:50,0
DA:62,0
DA:69,2
LF:17
LH:6
BRDA:21,0,0,0
BRDA:21,0,1,0
BRF:2
BRH:0
end_of_record
